Build started 8/27/2014 10:05:52 AM.
     1>Project "C:\Users\elleri\Documents\Programs\Test\Engian\Engian.engine\Engian.test\Driver\Driver.vcxproj" on node 2 (Build target(s)).
     1>ClCompile:
         C:\Program Files (x86)\Microsoft Visual Studio 11.0\VC\bin\CL.exe /c /IC:\Users\elleri\Documents\Programs\Test\Engian\Engian.engine\Engian.test\..\DebugForTest_Lib\ /IC:\Users\elleri\Documents\Programs\Test\Engian\Engian.engine\Engian.test\..\Containers_Lib\ /IC:\Users\elleri\Documents\Programs\Test\Engian\Engian.engine\Engian.test\Driver\..\Engian.test\ /ZI /nologo /W3 /WX- /sdl /Od /Oy- /D USE_DFT_LIB /D RUN_UNIT_TESTS_MANUAL /D _MBCS /D _MBCS /Gm /EHsc /RTC1 /MDd /GS /fp:precise /Zc:wchar_t /Zc:forScope /Fo"Debug\\" /Fd"Debug\vc110.pdb" /Gd /TP /analyze- /errorReport:prompt ..\Engian.test\testUtilList.cpp ..\Engian.test\testUtilSortedList.cpp ..\Engian.test\testUtilSortedVector.cpp driver.cpp
         driver.cpp
         testUtilSortedVector.cpp
     1>c:\users\elleri\documents\programs\test\engian\engian.engine\engian.test\engian.test\testutilsortedvector.cpp(9): warning C4067: unexpected tokens following preprocessor directive - expected a newline
     1>c:\users\elleri\documents\programs\test\engian\engian.engine\containers_lib\utilsortedvector.h(50): warning C4250: 'Util::SortedVector<T>' : inherits 'Util::Vector<T>::Util::Vector<T>::operator =' via dominance
                 with
                 [
                     T=int
                 ]
                 c:\users\elleri\documents\programs\test\engian\engian.engine\containers_lib\utilvector.h(30) : see declaration of 'Util::Vector<T>::operator ='
                 with
                 [
                     T=int
                 ]
                 c:\users\elleri\documents\programs\test\engian\engian.engine\engian.test\engian.test\testutilsortedvector.cpp(41) : see reference to class template instantiation 'Util::SortedVector<T>' being compiled
                 with
                 [
                     T=int
                 ]
     1>c:\users\elleri\documents\programs\test\engian\engian.engine\containers_lib\utilsortedvector.h(50): warning C4250: 'Util::SortedVector<T>' : inherits 'Util::Vector<T>::Util::Vector<T>::Begin' via dominance
                 with
                 [
                     T=int
                 ]
                 c:\users\elleri\documents\programs\test\engian\engian.engine\containers_lib\utilvector.h(34) : see declaration of 'Util::Vector<T>::Begin'
                 with
                 [
                     T=int
                 ]
     1>c:\users\elleri\documents\programs\test\engian\engian.engine\containers_lib\utilsortedvector.h(50): warning C4250: 'Util::SortedVector<T>' : inherits 'Util::Vector<T>::Util::Vector<T>::End' via dominance
                 with
                 [
                     T=int
                 ]
                 c:\users\elleri\documents\programs\test\engian\engian.engine\containers_lib\utilvector.h(43) : see declaration of 'Util::Vector<T>::End'
                 with
                 [
                     T=int
                 ]
     1>c:\users\elleri\documents\programs\test\engian\engian.engine\containers_lib\utilsortedvector.h(50): warning C4250: 'Util::SortedVector<T>' : inherits 'Util::Vector<T>::Util::Vector<T>::PopFront' via dominance
                 with
                 [
                     T=int
                 ]
                 c:\users\elleri\documents\programs\test\engian\engian.engine\containers_lib\utilvector.h(59) : see declaration of 'Util::Vector<T>::PopFront'
                 with
                 [
                     T=int
                 ]
     1>c:\users\elleri\documents\programs\test\engian\engian.engine\containers_lib\utilsortedvector.h(50): warning C4250: 'Util::SortedVector<T>' : inherits 'Util::Vector<T>::Util::Vector<T>::PopBack' via dominance
                 with
                 [
                     T=int
                 ]
                 c:\users\elleri\documents\programs\test\engian\engian.engine\containers_lib\utilvector.h(60) : see declaration of 'Util::Vector<T>::PopBack'
                 with
                 [
                     T=int
                 ]
     1>c:\users\elleri\documents\programs\test\engian\engian.engine\containers_lib\utilsortedvector.h(50): warning C4250: 'Util::SortedVector<T>' : inherits 'Util::Vector<T>::Util::Vector<T>::PopFirst' via dominance
                 with
                 [
                     T=int
                 ]
                 c:\users\elleri\documents\programs\test\engian\engian.engine\containers_lib\utilvector.h(61) : see declaration of 'Util::Vector<T>::PopFirst'
                 with
                 [
                     T=int
                 ]
     1>c:\users\elleri\documents\programs\test\engian\engian.engine\containers_lib\utilsortedvector.h(50): warning C4250: 'Util::SortedVector<T>' : inherits 'Util::Vector<T>::Util::Vector<T>::PopAll' via dominance
                 with
                 [
                     T=int
                 ]
                 c:\users\elleri\documents\programs\test\engian\engian.engine\containers_lib\utilvector.h(62) : see declaration of 'Util::Vector<T>::PopAll'
                 with
                 [
                     T=int
                 ]
     1>c:\users\elleri\documents\programs\test\engian\engian.engine\containers_lib\utilsortedvector.h(50): warning C4250: 'Util::SortedVector<T>' : inherits 'Util::Vector<T>::Util::Vector<T>::Contains' via dominance
                 with
                 [
                     T=int
                 ]
                 c:\users\elleri\documents\programs\test\engian\engian.engine\containers_lib\utilvector.h(63) : see declaration of 'Util::Vector<T>::Contains'
                 with
                 [
                     T=int
                 ]
     1>c:\users\elleri\documents\programs\test\engian\engian.engine\containers_lib\utilsortedvector.h(50): warning C4250: 'Util::SortedVector<T>' : inherits 'Util::Vector<T>::Util::Vector<T>::Clear' via dominance
                 with
                 [
                     T=int
                 ]
                 c:\users\elleri\documents\programs\test\engian\engian.engine\containers_lib\utilvector.h(68) : see declaration of 'Util::Vector<T>::Clear'
                 with
                 [
                     T=int
                 ]
     1>c:\users\elleri\documents\programs\test\engian\engian.engine\containers_lib\utilsortedvector.h(50): warning C4250: 'Util::SortedVector<T>' : inherits 'Util::Vector<T>::Util::Vector<T>::operator =' via dominance
                 with
                 [
                     T=Test::UnitTestChassis::UnitTestSampleClass
                 ]
                 c:\users\elleri\documents\programs\test\engian\engian.engine\containers_lib\utilvector.h(30) : see declaration of 'Util::Vector<T>::operator ='
                 with
                 [
                     T=Test::UnitTestChassis::UnitTestSampleClass
                 ]
                 c:\users\elleri\documents\programs\test\engian\engian.engine\engian.test\engian.test\testutilsortedvector.cpp(90) : see reference to class template instantiation 'Util::SortedVector<T>' being compiled
                 with
                 [
                     T=Test::UnitTestChassis::UnitTestSampleClass
                 ]
     1>c:\users\elleri\documents\programs\test\engian\engian.engine\containers_lib\utilsortedvector.h(50): warning C4250: 'Util::SortedVector<T>' : inherits 'Util::Vector<T>::Util::Vector<T>::Begin' via dominance
                 with
                 [
                     T=Test::UnitTestChassis::UnitTestSampleClass
                 ]
                 c:\users\elleri\documents\programs\test\engian\engian.engine\containers_lib\utilvector.h(34) : see declaration of 'Util::Vector<T>::Begin'
                 with
                 [
                     T=Test::UnitTestChassis::UnitTestSampleClass
                 ]
     1>c:\users\elleri\documents\programs\test\engian\engian.engine\containers_lib\utilsortedvector.h(50): warning C4250: 'Util::SortedVector<T>' : inherits 'Util::Vector<T>::Util::Vector<T>::End' via dominance
                 with
                 [
                     T=Test::UnitTestChassis::UnitTestSampleClass
                 ]
                 c:\users\elleri\documents\programs\test\engian\engian.engine\containers_lib\utilvector.h(43) : see declaration of 'Util::Vector<T>::End'
                 with
                 [
                     T=Test::UnitTestChassis::UnitTestSampleClass
                 ]
     1>c:\users\elleri\documents\programs\test\engian\engian.engine\containers_lib\utilsortedvector.h(50): warning C4250: 'Util::SortedVector<T>' : inherits 'Util::Vector<T>::Util::Vector<T>::PopFront' via dominance
                 with
                 [
                     T=Test::UnitTestChassis::UnitTestSampleClass
                 ]
                 c:\users\elleri\documents\programs\test\engian\engian.engine\containers_lib\utilvector.h(59) : see declaration of 'Util::Vector<T>::PopFront'
                 with
                 [
                     T=Test::UnitTestChassis::UnitTestSampleClass
                 ]
     1>c:\users\elleri\documents\programs\test\engian\engian.engine\containers_lib\utilsortedvector.h(50): warning C4250: 'Util::SortedVector<T>' : inherits 'Util::Vector<T>::Util::Vector<T>::PopBack' via dominance
                 with
                 [
                     T=Test::UnitTestChassis::UnitTestSampleClass
                 ]
                 c:\users\elleri\documents\programs\test\engian\engian.engine\containers_lib\utilvector.h(60) : see declaration of 'Util::Vector<T>::PopBack'
                 with
                 [
                     T=Test::UnitTestChassis::UnitTestSampleClass
                 ]
     1>c:\users\elleri\documents\programs\test\engian\engian.engine\containers_lib\utilsortedvector.h(50): warning C4250: 'Util::SortedVector<T>' : inherits 'Util::Vector<T>::Util::Vector<T>::PopFirst' via dominance
                 with
                 [
                     T=Test::UnitTestChassis::UnitTestSampleClass
                 ]
                 c:\users\elleri\documents\programs\test\engian\engian.engine\containers_lib\utilvector.h(61) : see declaration of 'Util::Vector<T>::PopFirst'
                 with
                 [
                     T=Test::UnitTestChassis::UnitTestSampleClass
                 ]
     1>c:\users\elleri\documents\programs\test\engian\engian.engine\containers_lib\utilsortedvector.h(50): warning C4250: 'Util::SortedVector<T>' : inherits 'Util::Vector<T>::Util::Vector<T>::PopAll' via dominance
                 with
                 [
                     T=Test::UnitTestChassis::UnitTestSampleClass
                 ]
                 c:\users\elleri\documents\programs\test\engian\engian.engine\containers_lib\utilvector.h(62) : see declaration of 'Util::Vector<T>::PopAll'
                 with
                 [
                     T=Test::UnitTestChassis::UnitTestSampleClass
                 ]
     1>c:\users\elleri\documents\programs\test\engian\engian.engine\containers_lib\utilsortedvector.h(50): warning C4250: 'Util::SortedVector<T>' : inherits 'Util::Vector<T>::Util::Vector<T>::Contains' via dominance
                 with
                 [
                     T=Test::UnitTestChassis::UnitTestSampleClass
                 ]
                 c:\users\elleri\documents\programs\test\engian\engian.engine\containers_lib\utilvector.h(63) : see declaration of 'Util::Vector<T>::Contains'
                 with
                 [
                     T=Test::UnitTestChassis::UnitTestSampleClass
                 ]
     1>c:\users\elleri\documents\programs\test\engian\engian.engine\containers_lib\utilsortedvector.h(50): warning C4250: 'Util::SortedVector<T>' : inherits 'Util::Vector<T>::Util::Vector<T>::Clear' via dominance
                 with
                 [
                     T=Test::UnitTestChassis::UnitTestSampleClass
                 ]
                 c:\users\elleri\documents\programs\test\engian\engian.engine\containers_lib\utilvector.h(68) : see declaration of 'Util::Vector<T>::Clear'
                 with
                 [
                     T=Test::UnitTestChassis::UnitTestSampleClass
                 ]
     1>c:\users\elleri\documents\programs\test\engian\engian.engine\containers_lib\utilsortedvector.h(50): warning C4250: 'Util::SortedVector<T>' : inherits 'Util::Vector<T>::Util::Vector<T>::operator =' via dominance
                 with
                 [
                     T=char
                 ]
                 c:\users\elleri\documents\programs\test\engian\engian.engine\containers_lib\utilvector.h(30) : see declaration of 'Util::Vector<T>::operator ='
                 with
                 [
                     T=char
                 ]
                 c:\users\elleri\documents\programs\test\engian\engian.engine\engian.test\engian.test\testutilsortedvector.cpp(114) : see reference to class template instantiation 'Util::SortedVector<T>' being compiled
                 with
                 [
                     T=char
                 ]
     1>c:\users\elleri\documents\programs\test\engian\engian.engine\containers_lib\utilsortedvector.h(50): warning C4250: 'Util::SortedVector<T>' : inherits 'Util::Vector<T>::Util::Vector<T>::Begin' via dominance
                 with
                 [
                     T=char
                 ]
                 c:\users\elleri\documents\programs\test\engian\engian.engine\containers_lib\utilvector.h(34) : see declaration of 'Util::Vector<T>::Begin'
                 with
                 [
                     T=char
                 ]
     1>c:\users\elleri\documents\programs\test\engian\engian.engine\containers_lib\utilsortedvector.h(50): warning C4250: 'Util::SortedVector<T>' : inherits 'Util::Vector<T>::Util::Vector<T>::End' via dominance
                 with
                 [
                     T=char
                 ]
                 c:\users\elleri\documents\programs\test\engian\engian.engine\containers_lib\utilvector.h(43) : see declaration of 'Util::Vector<T>::End'
                 with
                 [
                     T=char
                 ]
     1>c:\users\elleri\documents\programs\test\engian\engian.engine\containers_lib\utilsortedvector.h(50): warning C4250: 'Util::SortedVector<T>' : inherits 'Util::Vector<T>::Util::Vector<T>::PopFront' via dominance
                 with
                 [
                     T=char
                 ]
                 c:\users\elleri\documents\programs\test\engian\engian.engine\containers_lib\utilvector.h(59) : see declaration of 'Util::Vector<T>::PopFront'
                 with
                 [
                     T=char
                 ]
     1>c:\users\elleri\documents\programs\test\engian\engian.engine\containers_lib\utilsortedvector.h(50): warning C4250: 'Util::SortedVector<T>' : inherits 'Util::Vector<T>::Util::Vector<T>::PopBack' via dominance
                 with
                 [
                     T=char
                 ]
                 c:\users\elleri\documents\programs\test\engian\engian.engine\containers_lib\utilvector.h(60) : see declaration of 'Util::Vector<T>::PopBack'
                 with
                 [
                     T=char
                 ]
     1>c:\users\elleri\documents\programs\test\engian\engian.engine\containers_lib\utilsortedvector.h(50): warning C4250: 'Util::SortedVector<T>' : inherits 'Util::Vector<T>::Util::Vector<T>::PopFirst' via dominance
                 with
                 [
                     T=char
                 ]
                 c:\users\elleri\documents\programs\test\engian\engian.engine\containers_lib\utilvector.h(61) : see declaration of 'Util::Vector<T>::PopFirst'
                 with
                 [
                     T=char
                 ]
     1>c:\users\elleri\documents\programs\test\engian\engian.engine\containers_lib\utilsortedvector.h(50): warning C4250: 'Util::SortedVector<T>' : inherits 'Util::Vector<T>::Util::Vector<T>::PopAll' via dominance
                 with
                 [
                     T=char
                 ]
                 c:\users\elleri\documents\programs\test\engian\engian.engine\containers_lib\utilvector.h(62) : see declaration of 'Util::Vector<T>::PopAll'
                 with
                 [
                     T=char
                 ]
     1>c:\users\elleri\documents\programs\test\engian\engian.engine\containers_lib\utilsortedvector.h(50): warning C4250: 'Util::SortedVector<T>' : inherits 'Util::Vector<T>::Util::Vector<T>::Contains' via dominance
                 with
                 [
                     T=char
                 ]
                 c:\users\elleri\documents\programs\test\engian\engian.engine\containers_lib\utilvector.h(63) : see declaration of 'Util::Vector<T>::Contains'
                 with
                 [
                     T=char
                 ]
     1>c:\users\elleri\documents\programs\test\engian\engian.engine\containers_lib\utilsortedvector.h(50): warning C4250: 'Util::SortedVector<T>' : inherits 'Util::Vector<T>::Util::Vector<T>::Clear' via dominance
                 with
                 [
                     T=char
                 ]
                 c:\users\elleri\documents\programs\test\engian\engian.engine\containers_lib\utilvector.h(68) : see declaration of 'Util::Vector<T>::Clear'
                 with
                 [
                     T=char
                 ]
     1>c:\users\elleri\documents\programs\test\engian\engian.engine\engian.test\engian.test\testutilsortedvector.cpp(117): error C2660: 'Test::TestHelper_UtilSortedVector<HELPER>::CheckSortedVector' : function does not take 3 arguments
                 with
                 [
                     HELPER=Test::UnitTestChassis::UnitTestSampleClass
                 ]
     1>c:\users\elleri\documents\programs\test\engian\engian.engine\engian.test\engian.test\testutilsortedvector.cpp(119): error C2065: 'BARFBARF' : undeclared identifier
     1>c:\users\elleri\documents\programs\test\engian\engian.engine\engian.test\engian.test\testutilsortedvector.cpp(119): error C2923: 'Util::SortedVector' : 'BARFBARF' is not a valid template type argument for parameter 'T'
     1>c:\users\elleri\documents\programs\test\engian\engian.engine\engian.test\engian.test\testutilsortedvector.cpp(119): error C2955: 'Util::SortedVector' : use of class template requires template argument list
                 c:\users\elleri\documents\programs\test\engian\engian.engine\containers_lib\utilsortedvector.h(15) : see declaration of 'Util::SortedVector'
     1>c:\users\elleri\documents\programs\test\engian\engian.engine\engian.test\engian.test\testutilsortedvector.cpp(119): fatal error C1903: unable to recover from previous error(s); stopping compilation
         testUtilSortedList.cpp
     1>c:\users\elleri\documents\programs\test\engian\engian.engine\engian.test\engian.test\testutilsortedlist.cpp(47): warning C4003: not enough actual parameters for macro 'DFT_FUNC_CHECK'
     1>c:\users\elleri\documents\programs\test\engian\engian.engine\engian.test\engian.test\testutilsortedlist.cpp(47): error C2039: 's_functionTracker' : is not a member of '`global namespace''
     1>c:\users\elleri\documents\programs\test\engian\engian.engine\engian.test\engian.test\testutilsortedlist.cpp(47): error C2146: syntax error : missing ')' before identifier 's_functionTracker'
     1>c:\users\elleri\documents\programs\test\engian\engian.engine\engian.test\engian.test\testutilsortedlist.cpp(47): error C2059: syntax error : ')'
     1>c:\users\elleri\documents\programs\test\engian\engian.engine\engian.test\engian.test\testutilsortedlist.cpp(61): warning C4003: not enough actual parameters for macro 'DFT_FUNC_CHECK'
     1>c:\users\elleri\documents\programs\test\engian\engian.engine\engian.test\engian.test\testutilsortedlist.cpp(61): error C2039: 's_functionTracker' : is not a member of '`global namespace''
     1>c:\users\elleri\documents\programs\test\engian\engian.engine\engian.test\engian.test\testutilsortedlist.cpp(61): error C2146: syntax error : missing ')' before identifier 's_functionTracker'
     1>c:\users\elleri\documents\programs\test\engian\engian.engine\engian.test\engian.test\testutilsortedlist.cpp(61): error C2059: syntax error : ')'
     1>c:\users\elleri\documents\programs\test\engian\engian.engine\engian.test\engian.test\testutilsortedlist.cpp(75): warning C4003: not enough actual parameters for macro 'DFT_FUNC_CHECK'
     1>c:\users\elleri\documents\programs\test\engian\engian.engine\engian.test\engian.test\testutilsortedlist.cpp(75): error C2039: 's_functionTracker' : is not a member of '`global namespace''
     1>c:\users\elleri\documents\programs\test\engian\engian.engine\engian.test\engian.test\testutilsortedlist.cpp(75): error C2146: syntax error : missing ')' before identifier 's_functionTracker'
     1>c:\users\elleri\documents\programs\test\engian\engian.engine\engian.test\engian.test\testutilsortedlist.cpp(75): error C2059: syntax error : ')'
     1>c:\users\elleri\documents\programs\test\engian\engian.engine\engian.test\engian.test\testutilsortedlist.cpp(89): warning C4003: not enough actual parameters for macro 'DFT_FUNC_CHECK'
     1>c:\users\elleri\documents\programs\test\engian\engian.engine\engian.test\engian.test\testutilsortedlist.cpp(89): error C2039: 's_functionTracker' : is not a member of '`global namespace''
     1>c:\users\elleri\documents\programs\test\engian\engian.engine\engian.test\engian.test\testutilsortedlist.cpp(89): error C2146: syntax error : missing ')' before identifier 's_functionTracker'
     1>c:\users\elleri\documents\programs\test\engian\engian.engine\engian.test\engian.test\testutilsortedlist.cpp(89): error C2059: syntax error : ')'
     1>c:\users\elleri\documents\programs\test\engian\engian.engine\engian.test\engian.test\testutilsortedlist.cpp(103): warning C4003: not enough actual parameters for macro 'DFT_FUNC_CHECK'
     1>c:\users\elleri\documents\programs\test\engian\engian.engine\engian.test\engian.test\testutilsortedlist.cpp(103): error C2039: 's_functionTracker' : is not a member of '`global namespace''
     1>c:\users\elleri\documents\programs\test\engian\engian.engine\engian.test\engian.test\testutilsortedlist.cpp(103): error C2146: syntax error : missing ')' before identifier 's_functionTracker'
     1>c:\users\elleri\documents\programs\test\engian\engian.engine\engian.test\engian.test\testutilsortedlist.cpp(103): error C2059: syntax error : ')'
     1>c:\users\elleri\documents\programs\test\engian\engian.engine\engian.test\engian.test\testutilsortedlist.cpp(117): warning C4003: not enough actual parameters for macro 'DFT_FUNC_CHECK'
     1>c:\users\elleri\documents\programs\test\engian\engian.engine\engian.test\engian.test\testutilsortedlist.cpp(117): error C2039: 's_functionTracker' : is not a member of '`global namespace''
     1>c:\users\elleri\documents\programs\test\engian\engian.engine\engian.test\engian.test\testutilsortedlist.cpp(117): error C2146: syntax error : missing ')' before identifier 's_functionTracker'
     1>c:\users\elleri\documents\programs\test\engian\engian.engine\engian.test\engian.test\testutilsortedlist.cpp(117): error C2059: syntax error : ')'
     1>c:\users\elleri\documents\programs\test\engian\engian.engine\engian.test\engian.test\testutilsortedlist.cpp(131): warning C4003: not enough actual parameters for macro 'DFT_FUNC_CHECK'
     1>c:\users\elleri\documents\programs\test\engian\engian.engine\engian.test\engian.test\testutilsortedlist.cpp(131): error C2039: 's_functionTracker' : is not a member of '`global namespace''
     1>c:\users\elleri\documents\programs\test\engian\engian.engine\engian.test\engian.test\testutilsortedlist.cpp(131): error C2146: syntax error : missing ')' before identifier 's_functionTracker'
     1>c:\users\elleri\documents\programs\test\engian\engian.engine\engian.test\engian.test\testutilsortedlist.cpp(131): error C2059: syntax error : ')'
     1>c:\users\elleri\documents\programs\test\engian\engian.engine\engian.test\engian.test\testutilsortedlist.cpp(145): warning C4003: not enough actual parameters for macro 'DFT_FUNC_CHECK'
     1>c:\users\elleri\documents\programs\test\engian\engian.engine\engian.test\engian.test\testutilsortedlist.cpp(145): error C2039: 's_functionTracker' : is not a member of '`global namespace''
     1>c:\users\elleri\documents\programs\test\engian\engian.engine\engian.test\engian.test\testutilsortedlist.cpp(145): error C2146: syntax error : missing ')' before identifier 's_functionTracker'
     1>c:\users\elleri\documents\programs\test\engian\engian.engine\engian.test\engian.test\testutilsortedlist.cpp(145): error C2059: syntax error : ')'
     1>c:\users\elleri\documents\programs\test\engian\engian.engine\engian.test\engian.test\testutilsortedlist.cpp(159): warning C4003: not enough actual parameters for macro 'DFT_FUNC_CHECK'
     1>c:\users\elleri\documents\programs\test\engian\engian.engine\engian.test\engian.test\testutilsortedlist.cpp(159): error C2039: 's_functionTracker' : is not a member of '`global namespace''
     1>c:\users\elleri\documents\programs\test\engian\engian.engine\engian.test\engian.test\testutilsortedlist.cpp(159): error C2146: syntax error : missing ')' before identifier 's_functionTracker'
     1>c:\users\elleri\documents\programs\test\engian\engian.engine\engian.test\engian.test\testutilsortedlist.cpp(159): error C2059: syntax error : ')'
     1>c:\users\elleri\documents\programs\test\engian\engian.engine\engian.test\engian.test\testutilsortedlist.cpp(173): warning C4003: not enough actual parameters for macro 'DFT_FUNC_CHECK'
     1>c:\users\elleri\documents\programs\test\engian\engian.engine\engian.test\engian.test\testutilsortedlist.cpp(173): error C2039: 's_functionTracker' : is not a member of '`global namespace''
     1>c:\users\elleri\documents\programs\test\engian\engian.engine\engian.test\engian.test\testutilsortedlist.cpp(173): error C2146: syntax error : missing ')' before identifier 's_functionTracker'
     1>c:\users\elleri\documents\programs\test\engian\engian.engine\engian.test\engian.test\testutilsortedlist.cpp(173): error C2059: syntax error : ')'
     1>c:\users\elleri\documents\programs\test\engian\engian.engine\engian.test\engian.test\testutilsortedlist.cpp(187): warning C4003: not enough actual parameters for macro 'DFT_FUNC_CHECK'
     1>c:\users\elleri\documents\programs\test\engian\engian.engine\engian.test\engian.test\testutilsortedlist.cpp(187): error C2039: 's_functionTracker' : is not a member of '`global namespace''
     1>c:\users\elleri\documents\programs\test\engian\engian.engine\engian.test\engian.test\testutilsortedlist.cpp(187): error C2146: syntax error : missing ')' before identifier 's_functionTracker'
     1>c:\users\elleri\documents\programs\test\engian\engian.engine\engian.test\engian.test\testutilsortedlist.cpp(187): error C2059: syntax error : ')'
     1>c:\users\elleri\documents\programs\test\engian\engian.engine\engian.test\engian.test\testutilsortedlist.cpp(201): warning C4003: not enough actual parameters for macro 'DFT_FUNC_CHECK'
     1>c:\users\elleri\documents\programs\test\engian\engian.engine\engian.test\engian.test\testutilsortedlist.cpp(201): error C2039: 's_functionTracker' : is not a member of '`global namespace''
     1>c:\users\elleri\documents\programs\test\engian\engian.engine\engian.test\engian.test\testutilsortedlist.cpp(201): error C2146: syntax error : missing ')' before identifier 's_functionTracker'
     1>c:\users\elleri\documents\programs\test\engian\engian.engine\engian.test\engian.test\testutilsortedlist.cpp(201): error C2059: syntax error : ')'
     1>c:\users\elleri\documents\programs\test\engian\engian.engine\engian.test\engian.test\testutilsortedlist.cpp(215): warning C4003: not enough actual parameters for macro 'DFT_FUNC_CHECK'
     1>c:\users\elleri\documents\programs\test\engian\engian.engine\engian.test\engian.test\testutilsortedlist.cpp(215): error C2039: 's_functionTracker' : is not a member of '`global namespace''
     1>c:\users\elleri\documents\programs\test\engian\engian.engine\engian.test\engian.test\testutilsortedlist.cpp(215): error C2146: syntax error : missing ')' before identifier 's_functionTracker'
     1>c:\users\elleri\documents\programs\test\engian\engian.engine\engian.test\engian.test\testutilsortedlist.cpp(215): error C2059: syntax error : ')'
     1>c:\users\elleri\documents\programs\test\engian\engian.engine\engian.test\engian.test\testutilsortedlist.cpp(229): warning C4003: not enough actual parameters for macro 'DFT_FUNC_CHECK'
     1>c:\users\elleri\documents\programs\test\engian\engian.engine\engian.test\engian.test\testutilsortedlist.cpp(229): error C2039: 's_functionTracker' : is not a member of '`global namespace''
     1>c:\users\elleri\documents\programs\test\engian\engian.engine\engian.test\engian.test\testutilsortedlist.cpp(229): error C2146: syntax error : missing ')' before identifier 's_functionTracker'
     1>c:\users\elleri\documents\programs\test\engian\engian.engine\engian.test\engian.test\testutilsortedlist.cpp(229): error C2059: syntax error : ')'
     1>c:\users\elleri\documents\programs\test\engian\engian.engine\engian.test\engian.test\testutilsortedlist.cpp(243): warning C4003: not enough actual parameters for macro 'DFT_FUNC_CHECK'
     1>c:\users\elleri\documents\programs\test\engian\engian.engine\engian.test\engian.test\testutilsortedlist.cpp(243): error C2039: 's_functionTracker' : is not a member of '`global namespace''
     1>c:\users\elleri\documents\programs\test\engian\engian.engine\engian.test\engian.test\testutilsortedlist.cpp(243): error C2146: syntax error : missing ')' before identifier 's_functionTracker'
     1>c:\users\elleri\documents\programs\test\engian\engian.engine\engian.test\engian.test\testutilsortedlist.cpp(243): error C2059: syntax error : ')'
     1>c:\users\elleri\documents\programs\test\engian\engian.engine\engian.test\engian.test\testutilsortedlist.cpp(257): warning C4003: not enough actual parameters for macro 'DFT_FUNC_CHECK'
     1>c:\users\elleri\documents\programs\test\engian\engian.engine\engian.test\engian.test\testutilsortedlist.cpp(257): error C2039: 's_functionTracker' : is not a member of '`global namespace''
     1>c:\users\elleri\documents\programs\test\engian\engian.engine\engian.test\engian.test\testutilsortedlist.cpp(257): error C2146: syntax error : missing ')' before identifier 's_functionTracker'
     1>c:\users\elleri\documents\programs\test\engian\engian.engine\engian.test\engian.test\testutilsortedlist.cpp(257): error C2059: syntax error : ')'
     1>c:\users\elleri\documents\programs\test\engian\engian.engine\engian.test\engian.test\testutilsortedlist.cpp(271): warning C4003: not enough actual parameters for macro 'DFT_FUNC_CHECK'
     1>c:\users\elleri\documents\programs\test\engian\engian.engine\engian.test\engian.test\testutilsortedlist.cpp(271): error C2039: 's_functionTracker' : is not a member of '`global namespace''
     1>c:\users\elleri\documents\programs\test\engian\engian.engine\engian.test\engian.test\testutilsortedlist.cpp(271): error C2146: syntax error : missing ')' before identifier 's_functionTracker'
     1>c:\users\elleri\documents\programs\test\engian\engian.engine\engian.test\engian.test\testutilsortedlist.cpp(271): error C2059: syntax error : ')'
     1>c:\users\elleri\documents\programs\test\engian\engian.engine\engian.test\engian.test\testutilsortedlist.cpp(285): warning C4003: not enough actual parameters for macro 'DFT_FUNC_CHECK'
     1>c:\users\elleri\documents\programs\test\engian\engian.engine\engian.test\engian.test\testutilsortedlist.cpp(285): error C2039: 's_functionTracker' : is not a member of '`global namespace''
     1>c:\users\elleri\documents\programs\test\engian\engian.engine\engian.test\engian.test\testutilsortedlist.cpp(285): error C2146: syntax error : missing ')' before identifier 's_functionTracker'
     1>c:\users\elleri\documents\programs\test\engian\engian.engine\engian.test\engian.test\testutilsortedlist.cpp(285): error C2059: syntax error : ')'
     1>c:\users\elleri\documents\programs\test\engian\engian.engine\engian.test\engian.test\testutilsortedlist.cpp(299): warning C4003: not enough actual parameters for macro 'DFT_FUNC_CHECK'
     1>c:\users\elleri\documents\programs\test\engian\engian.engine\engian.test\engian.test\testutilsortedlist.cpp(299): error C2039: 's_functionTracker' : is not a member of '`global namespace''
     1>c:\users\elleri\documents\programs\test\engian\engian.engine\engian.test\engian.test\testutilsortedlist.cpp(299): error C2146: syntax error : missing ')' before identifier 's_functionTracker'
     1>c:\users\elleri\documents\programs\test\engian\engian.engine\engian.test\engian.test\testutilsortedlist.cpp(299): error C2059: syntax error : ')'
     1>c:\users\elleri\documents\programs\test\engian\engian.engine\engian.test\engian.test\testutilsortedlist.cpp(313): warning C4003: not enough actual parameters for macro 'DFT_FUNC_CHECK'
     1>c:\users\elleri\documents\programs\test\engian\engian.engine\engian.test\engian.test\testutilsortedlist.cpp(313): error C2039: 's_functionTracker' : is not a member of '`global namespace''
     1>c:\users\elleri\documents\programs\test\engian\engian.engine\engian.test\engian.test\testutilsortedlist.cpp(313): error C2146: syntax error : missing ')' before identifier 's_functionTracker'
     1>c:\users\elleri\documents\programs\test\engian\engian.engine\engian.test\engian.test\testutilsortedlist.cpp(313): error C2059: syntax error : ')'
     1>c:\users\elleri\documents\programs\test\engian\engian.engine\engian.test\engian.test\testutilsortedlist.cpp(327): warning C4003: not enough actual parameters for macro 'DFT_FUNC_CHECK'
     1>c:\users\elleri\documents\programs\test\engian\engian.engine\engian.test\engian.test\testutilsortedlist.cpp(327): error C2039: 's_functionTracker' : is not a member of '`global namespace''
     1>c:\users\elleri\documents\programs\test\engian\engian.engine\engian.test\engian.test\testutilsortedlist.cpp(327): error C2146: syntax error : missing ')' before identifier 's_functionTracker'
     1>c:\users\elleri\documents\programs\test\engian\engian.engine\engian.test\engian.test\testutilsortedlist.cpp(327): error C2059: syntax error : ')'
     1>c:\users\elleri\documents\programs\test\engian\engian.engine\engian.test\engian.test\testutilsortedlist.cpp(341): warning C4003: not enough actual parameters for macro 'DFT_FUNC_CHECK'
     1>c:\users\elleri\documents\programs\test\engian\engian.engine\engian.test\engian.test\testutilsortedlist.cpp(341): error C2039: 's_functionTracker' : is not a member of '`global namespace''
     1>c:\users\elleri\documents\programs\test\engian\engian.engine\engian.test\engian.test\testutilsortedlist.cpp(341): error C2146: syntax error : missing ')' before identifier 's_functionTracker'
     1>c:\users\elleri\documents\programs\test\engian\engian.engine\engian.test\engian.test\testutilsortedlist.cpp(341): error C2059: syntax error : ')'
     1>c:\users\elleri\documents\programs\test\engian\engian.engine\engian.test\engian.test\testutilsortedlist.cpp(355): warning C4003: not enough actual parameters for macro 'DFT_FUNC_CHECK'
     1>c:\users\elleri\documents\programs\test\engian\engian.engine\engian.test\engian.test\testutilsortedlist.cpp(355): error C2039: 's_functionTracker' : is not a member of '`global namespace''
     1>c:\users\elleri\documents\programs\test\engian\engian.engine\engian.test\engian.test\testutilsortedlist.cpp(355): error C2146: syntax error : missing ')' before identifier 's_functionTracker'
     1>c:\users\elleri\documents\programs\test\engian\engian.engine\engian.test\engian.test\testutilsortedlist.cpp(355): error C2059: syntax error : ')'
     1>c:\users\elleri\documents\programs\test\engian\engian.engine\engian.test\engian.test\testutilsortedlist.cpp(369): warning C4003: not enough actual parameters for macro 'DFT_FUNC_CHECK'
     1>c:\users\elleri\documents\programs\test\engian\engian.engine\engian.test\engian.test\testutilsortedlist.cpp(369): error C2039: 's_functionTracker' : is not a member of '`global namespace''
     1>c:\users\elleri\documents\programs\test\engian\engian.engine\engian.test\engian.test\testutilsortedlist.cpp(369): error C2146: syntax error : missing ')' before identifier 's_functionTracker'
     1>c:\users\elleri\documents\programs\test\engian\engian.engine\engian.test\engian.test\testutilsortedlist.cpp(369): error C2059: syntax error : ')'
     1>c:\users\elleri\documents\programs\test\engian\engian.engine\engian.test\engian.test\testutilsortedlist.cpp(383): warning C4003: not enough actual parameters for macro 'DFT_FUNC_CHECK'
     1>c:\users\elleri\documents\programs\test\engian\engian.engine\engian.test\engian.test\testutilsortedlist.cpp(383): error C2039: 's_functionTracker' : is not a member of '`global namespace''
     1>c:\users\elleri\documents\programs\test\engian\engian.engine\engian.test\engian.test\testutilsortedlist.cpp(383): error C2146: syntax error : missing ')' before identifier 's_functionTracker'
     1>c:\users\elleri\documents\programs\test\engian\engian.engine\engian.test\engian.test\testutilsortedlist.cpp(383): error C2059: syntax error : ')'
     1>c:\users\elleri\documents\programs\test\engian\engian.engine\engian.test\engian.test\testutilsortedlist.cpp(397): warning C4003: not enough actual parameters for macro 'DFT_FUNC_CHECK'
     1>c:\users\elleri\documents\programs\test\engian\engian.engine\engian.test\engian.test\testutilsortedlist.cpp(397): error C2039: 's_functionTracker' : is not a member of '`global namespace''
     1>c:\users\elleri\documents\programs\test\engian\engian.engine\engian.test\engian.test\testutilsortedlist.cpp(397): error C2146: syntax error : missing ')' before identifier 's_functionTracker'
     1>c:\users\elleri\documents\programs\test\engian\engian.engine\engian.test\engian.test\testutilsortedlist.cpp(397): error C2059: syntax error : ')'
     1>c:\users\elleri\documents\programs\test\engian\engian.engine\engian.test\engian.test\testutilsortedlist.cpp(411): warning C4003: not enough actual parameters for macro 'DFT_FUNC_CHECK'
     1>c:\users\elleri\documents\programs\test\engian\engian.engine\engian.test\engian.test\testutilsortedlist.cpp(411): error C2039: 's_functionTracker' : is not a member of '`global namespace''
     1>c:\users\elleri\documents\programs\test\engian\engian.engine\engian.test\engian.test\testutilsortedlist.cpp(411): error C2146: syntax error : missing ')' before identifier 's_functionTracker'
     1>c:\users\elleri\documents\programs\test\engian\engian.engine\engian.test\engian.test\testutilsortedlist.cpp(411): error C2059: syntax error : ')'
     1>c:\users\elleri\documents\programs\test\engian\engian.engine\engian.test\engian.test\testutilsortedlist.cpp(425): warning C4003: not enough actual parameters for macro 'DFT_FUNC_CHECK'
     1>c:\users\elleri\documents\programs\test\engian\engian.engine\engian.test\engian.test\testutilsortedlist.cpp(425): error C2039: 's_functionTracker' : is not a member of '`global namespace''
     1>c:\users\elleri\documents\programs\test\engian\engian.engine\engian.test\engian.test\testutilsortedlist.cpp(425): error C2146: syntax error : missing ')' before identifier 's_functionTracker'
     1>c:\users\elleri\documents\programs\test\engian\engian.engine\engian.test\engian.test\testutilsortedlist.cpp(425): error C2059: syntax error : ')'
         testUtilList.cpp
     1>c:\users\elleri\documents\programs\test\engian\engian.engine\engian.test\engian.test\testutillist.cpp(129): warning C4002: too many actual parameters for macro 'TEST_ASSERT'
     1>c:\users\elleri\documents\programs\test\engian\engian.engine\engian.test\engian.test\testutillist.cpp(136): warning C4620: no postfix form of 'operator ++' found for type 'Util::Container<T>::Iterator', using prefix form
                 with
                 [
                     T=int
                 ]
                 c:\users\elleri\documents\programs\test\engian\engian.engine\containers_lib\utilcontainer.h(113) : see declaration of 'Util::Container<T>::Iterator'
                 with
                 [
                     T=int
                 ]
     1>c:\users\elleri\documents\programs\test\engian\engian.engine\engian.test\engian.test\testutillist.cpp(173): warning C4002: too many actual parameters for macro 'TEST_ASSERT'
     1>c:\users\elleri\documents\programs\test\engian\engian.engine\engian.test\engian.test\testutillist.cpp(179): warning C4620: no postfix form of 'operator ++' found for type 'Util::Container<T>::Iterator', using prefix form
                 with
                 [
                     T=int
                 ]
                 c:\users\elleri\documents\programs\test\engian\engian.engine\containers_lib\utilcontainer.h(113) : see declaration of 'Util::Container<T>::Iterator'
                 with
                 [
                     T=int
                 ]
     1>c:\users\elleri\documents\programs\test\engian\engian.engine\engian.test\engian.test\testutillist.cpp(199): error C2065: 'UnitTestChassis_Helper_List' : undeclared identifier
     1>c:\users\elleri\documents\programs\test\engian\engian.engine\engian.test\engian.test\testutillist.cpp(199): error C2275: 'Util::Vector<T>' : illegal use of this type as an expression
                 with
                 [
                     T=int
                 ]
     1>c:\users\elleri\documents\programs\test\engian\engian.engine\engian.test\engian.test\testutillist.cpp(199): error C2039: 'CheckEmptyList' : is not a member of '`global namespace''
     1>c:\users\elleri\documents\programs\test\engian\engian.engine\engian.test\engian.test\testutillist.cpp(199): error C3861: 'CheckEmptyList': identifier not found
     1>c:\users\elleri\documents\programs\test\engian\engian.engine\engian.test\engian.test\testutillist.cpp(200): error C2065: 'BARFBARFBAAARF' : undeclared identifier
     1>c:\users\elleri\documents\programs\test\engian\engian.engine\engian.test\engian.test\testutillist.cpp(200): error C2923: 'Util::List' : 'BARFBARFBAAARF' is not a valid template type argument for parameter 'T'
     1>c:\users\elleri\documents\programs\test\engian\engian.engine\engian.test\engian.test\testutillist.cpp(200): error C2955: 'Util::List' : use of class template requires template argument list
                 c:\users\elleri\documents\programs\test\engian\engian.engine\containers_lib\utillist.h(14) : see declaration of 'Util::List'
     1>c:\users\elleri\documents\programs\test\engian\engian.engine\engian.test\engian.test\testutillist.cpp(200): fatal error C1903: unable to recover from previous error(s); stopping compilation
         Generating Code...
     1>Done Building Project "C:\Users\elleri\Documents\Programs\Test\Engian\Engian.engine\Engian.test\Driver\Driver.vcxproj" (Build target(s)) -- FAILED.

Build FAILED.

Time Elapsed 00:00:00.54
