Build started 10/1/2014 12:02:04 PM.
     1>Project "C:\Users\elleri\Documents\Programs\Test\Engian\Engian.engine\Driver\Driver.vcxproj" on node 2 (Build target(s)).
     1>ClCompile:
         C:\Program Files (x86)\Microsoft Visual Studio 11.0\VC\bin\CL.exe /c /IC:\Users\elleri\Documents\Programs\Test\Engian\Engian.engine\DebugForTest_Lib /IC:\Users\elleri\Documents\Programs\Test\Engian\Engian.engine\Containers_Lib /ZI /nologo /W3 /WX- /sdl /Od /Oy- /D USE_DFT_LIB /D _MBCS /D _MBCS /Gm /EHsc /RTC1 /MDd /GS /fp:precise /Zc:wchar_t /Zc:forScope /Fo"Debug USE_DFT_LIB\\" /Fd"Debug USE_DFT_LIB\vc110.pdb" /Gd /TP /analyze- /errorReport:prompt driver.cpp
         driver.cpp
     1>c:\users\elleri\documents\programs\test\engian\engian.engine\driver\driver.cpp(20): error C2259: 'Util::HashTable<T,KEY>' : cannot instantiate abstract class
                 with
                 [
                     T=int,
                     KEY=int
                 ]
                 due to following members:
                 'void Util::Container<T>::Deallocate(void)' : is abstract
                 with
                 [
                     T=int
                 ]
                 c:\users\elleri\documents\programs\test\engian\engian.engine\containers_lib\utilcontainer.h(110) : see declaration of 'Util::Container<T>::Deallocate'
                 with
                 [
                     T=int
                 ]
     1>c:\users\elleri\documents\programs\test\engian\engian.engine\driver\driver.cpp(21): error C2259: 'Util::Dictionary<T>' : cannot instantiate abstract class
                 with
                 [
                     T=char
                 ]
                 due to following members:
                 'void Util::Container<T>::Deallocate(void)' : is abstract
                 with
                 [
                     T=char
                 ]
                 c:\users\elleri\documents\programs\test\engian\engian.engine\containers_lib\utilcontainer.h(110) : see declaration of 'Util::Container<T>::Deallocate'
                 with
                 [
                     T=char
                 ]
     1>Done Building Project "C:\Users\elleri\Documents\Programs\Test\Engian\Engian.engine\Driver\Driver.vcxproj" (Build target(s)) -- FAILED.

Build FAILED.

Time Elapsed 00:00:00.29
