Build started 8/22/2014 11:01:56 AM.
     1>Project "C:\Users\elleri\Documents\Programs\Test\Engian\Engian.engine\Engian.test\Engian.test\Engian.test.vcxproj" on node 2 (Build target(s)).
     1>ClCompile:
         C:\Program Files (x86)\Microsoft Visual Studio 11.0\VC\bin\CL.exe /c /IC:\Users\elleri\Documents\Programs\Test\Engian\Engian.engine\Engian.test\..\Debug_Lib /IC:\Users\elleri\Documents\Programs\Test\Engian\Engian.engine\Engian.test\..\Containers_Lib /ZI /nologo /W3 /WX- /sdl /Od /Oy- /D USE_DEBUG_LIB /D WIN32 /D _DEBUG /D _WINDOWS /D _WINDLL /D _USRDLL /D TESTICLE_EXPORTS /D RUN_UNIT_TESTS /D _WINDLL /D _UNICODE /D UNICODE /Gm /EHsc /RTC1 /MDd /GS /fp:precise /Zc:wchar_t /Zc:forScope /Fo"Debug\\" /Fd"Debug\vc110.pdb" /Gd /TP /analyze- /errorReport:prompt testUtilHashTable.cpp testUtilList.cpp testUtilSortedList.cpp testUtilSortedVector.cpp testUtilString.cpp testUtilUnsafeVector.cpp testUtilVector.cpp
         testUtilVector.cpp
     1>c:\users\elleri\documents\programs\test\engian\engian.engine\containers_lib\utilvector.h(18): error C2272: 'dbgGet_c_defaultCapacity' : modifiers not allowed on static member functions
                 c:\users\elleri\documents\programs\test\engian\engian.engine\containers_lib\utilvector.h(140) : see reference to class template instantiation 'Util::Vector<T>' being compiled
     1>c:\users\elleri\documents\programs\test\engian\engian.engine\containers_lib\utilvector.h(19): error C2272: 'dbgGet_c_growMultiplier' : modifiers not allowed on static member functions
     1>c:\users\elleri\documents\programs\test\engian\engian.engine\engian.test\engian.test\testutilvector.cpp(139): warning C4620: no postfix form of 'operator ++' found for type 'Util::Container<T>::Iterator', using prefix form
                 with
                 [
                     T=int
                 ]
                 c:\users\elleri\documents\programs\test\engian\engian.engine\containers_lib\utilcontainer.h(113) : see declaration of 'Util::Container<T>::Iterator'
                 with
                 [
                     T=int
                 ]
     1>c:\users\elleri\documents\programs\test\engian\engian.engine\engian.test\engian.test\testutilvector.cpp(181): warning C4620: no postfix form of 'operator ++' found for type 'Util::Container<T>::Iterator', using prefix form
                 with
                 [
                     T=int
                 ]
                 c:\users\elleri\documents\programs\test\engian\engian.engine\containers_lib\utilcontainer.h(113) : see declaration of 'Util::Container<T>::Iterator'
                 with
                 [
                     T=int
                 ]
     1>c:\users\elleri\documents\programs\test\engian\engian.engine\engian.test\engian.test\testutilvector.cpp(203): error C2248: 'Util::Vector<T>::c_defaultCapacity' : cannot access protected member declared in class 'Util::Vector<T>'
                 with
                 [
                     T=int
                 ]
                 c:\users\elleri\documents\programs\test\engian\engian.engine\containers_lib\utilvector.h(136) : see declaration of 'Util::Vector<T>::c_defaultCapacity'
                 with
                 [
                     T=int
                 ]
     1>c:\users\elleri\documents\programs\test\engian\engian.engine\engian.test\engian.test\testutilvector.cpp(220): error C2248: 'Util::Vector<T>::m_capacity' : cannot access protected member declared in class 'Util::Vector<T>'
                 with
                 [
                     T=int
                 ]
                 c:\users\elleri\documents\programs\test\engian\engian.engine\containers_lib\utilvector.h(138) : see declaration of 'Util::Vector<T>::m_capacity'
                 with
                 [
                     T=int
                 ]
     1>c:\users\elleri\documents\programs\test\engian\engian.engine\engian.test\engian.test\testutilvector.cpp(221): error C2249: 'Util::Container<T>::m_size' : no accessible path to protected member declared in virtual base 'Util::Container<T>'
                 with
                 [
                     T=int
                 ]
                 c:\users\elleri\documents\programs\test\engian\engian.engine\containers_lib\utilcontainer.h(99) : see declaration of 'Util::Container<T>::m_size'
                 with
                 [
                     T=int
                 ]
     1>c:\users\elleri\documents\programs\test\engian\engian.engine\engian.test\engian.test\testutilvector.cpp(222): error C2248: 'Util::Vector<T>::m_array' : cannot access protected member declared in class 'Util::Vector<T>'
                 with
                 [
                     T=int
                 ]
                 c:\users\elleri\documents\programs\test\engian\engian.engine\containers_lib\utilvector.h(139) : see declaration of 'Util::Vector<T>::m_array'
                 with
                 [
                     T=int
                 ]
     1>c:\users\elleri\documents\programs\test\engian\engian.engine\engian.test\engian.test\testutilvector.cpp(223): error C2249: 'Util::Container<T>::m_implementations' : no accessible path to protected member declared in virtual base 'Util::Container<T>'
                 with
                 [
                     T=int
                 ]
                 c:\users\elleri\documents\programs\test\engian\engian.engine\containers_lib\utilcontainer.h(100) : see declaration of 'Util::Container<T>::m_implementations'
                 with
                 [
                     T=int
                 ]
     1>c:\users\elleri\documents\programs\test\engian\engian.engine\engian.test\engian.test\testutilvector.cpp(224): warning C4003: not enough actual parameters for macro 'DEBUG_FUNC_CHECK'
     1>c:\users\elleri\documents\programs\test\engian\engian.engine\engian.test\engian.test\testutilvector.cpp(224): error C2039: 's_functionTracker' : is not a member of '`global namespace''
     1>c:\users\elleri\documents\programs\test\engian\engian.engine\engian.test\engian.test\testutilvector.cpp(224): error C2146: syntax error : missing ')' before identifier 's_functionTracker'
     1>c:\users\elleri\documents\programs\test\engian\engian.engine\engian.test\engian.test\testutilvector.cpp(224): error C2059: syntax error : ')'
     1>c:\users\elleri\documents\programs\test\engian\engian.engine\engian.test\engian.test\testutilvector.cpp(241): error C2248: 'Util::Vector<T>::m_capacity' : cannot access protected member declared in class 'Util::Vector<T>'
                 with
                 [
                     T=Test::UnitTestChassis::UnitTestSampleClass
                 ]
                 c:\users\elleri\documents\programs\test\engian\engian.engine\containers_lib\utilvector.h(138) : see declaration of 'Util::Vector<T>::m_capacity'
                 with
                 [
                     T=Test::UnitTestChassis::UnitTestSampleClass
                 ]
     1>c:\users\elleri\documents\programs\test\engian\engian.engine\engian.test\engian.test\testutilvector.cpp(242): error C2249: 'Util::Container<T>::m_size' : no accessible path to protected member declared in virtual base 'Util::Container<T>'
                 with
                 [
                     T=Test::UnitTestChassis::UnitTestSampleClass
                 ]
                 c:\users\elleri\documents\programs\test\engian\engian.engine\containers_lib\utilcontainer.h(99) : see declaration of 'Util::Container<T>::m_size'
                 with
                 [
                     T=Test::UnitTestChassis::UnitTestSampleClass
                 ]
     1>c:\users\elleri\documents\programs\test\engian\engian.engine\engian.test\engian.test\testutilvector.cpp(243): error C2248: 'Util::Vector<T>::m_array' : cannot access protected member declared in class 'Util::Vector<T>'
                 with
                 [
                     T=Test::UnitTestChassis::UnitTestSampleClass
                 ]
                 c:\users\elleri\documents\programs\test\engian\engian.engine\containers_lib\utilvector.h(139) : see declaration of 'Util::Vector<T>::m_array'
                 with
                 [
                     T=Test::UnitTestChassis::UnitTestSampleClass
                 ]
     1>c:\users\elleri\documents\programs\test\engian\engian.engine\engian.test\engian.test\testutilvector.cpp(244): error C2249: 'Util::Container<T>::m_implementations' : no accessible path to protected member declared in virtual base 'Util::Container<T>'
                 with
                 [
                     T=Test::UnitTestChassis::UnitTestSampleClass
                 ]
                 c:\users\elleri\documents\programs\test\engian\engian.engine\containers_lib\utilcontainer.h(100) : see declaration of 'Util::Container<T>::m_implementations'
                 with
                 [
                     T=Test::UnitTestChassis::UnitTestSampleClass
                 ]
     1>c:\users\elleri\documents\programs\test\engian\engian.engine\engian.test\engian.test\testutilvector.cpp(247): error C2248: 'Util::Vector<T>::m_array' : cannot access protected member declared in class 'Util::Vector<T>'
                 with
                 [
                     T=Test::UnitTestChassis::UnitTestSampleClass
                 ]
                 c:\users\elleri\documents\programs\test\engian\engian.engine\containers_lib\utilvector.h(139) : see declaration of 'Util::Vector<T>::m_array'
                 with
                 [
                     T=Test::UnitTestChassis::UnitTestSampleClass
                 ]
     1>c:\users\elleri\documents\programs\test\engian\engian.engine\engian.test\engian.test\testutilvector.cpp(249): warning C4003: not enough actual parameters for macro 'DEBUG_FUNC_CHECK'
     1>c:\users\elleri\documents\programs\test\engian\engian.engine\engian.test\engian.test\testutilvector.cpp(249): error C2039: 's_functionTracker' : is not a member of '`global namespace''
     1>c:\users\elleri\documents\programs\test\engian\engian.engine\engian.test\engian.test\testutilvector.cpp(249): error C2146: syntax error : missing ')' before identifier 's_functionTracker'
     1>c:\users\elleri\documents\programs\test\engian\engian.engine\engian.test\engian.test\testutilvector.cpp(249): error C2059: syntax error : ')'
     1>c:\users\elleri\documents\programs\test\engian\engian.engine\engian.test\engian.test\testutilvector.cpp(249): error C2143: syntax error : missing ';' before '{'
     1>c:\users\elleri\documents\programs\test\engian\engian.engine\engian.test\engian.test\testutilvector.cpp(268): error C2248: 'Util::Vector<T>::m_capacity' : cannot access protected member declared in class 'Util::Vector<T>'
                 with
                 [
                     T=double
                 ]
                 c:\users\elleri\documents\programs\test\engian\engian.engine\containers_lib\utilvector.h(138) : see declaration of 'Util::Vector<T>::m_capacity'
                 with
                 [
                     T=double
                 ]
     1>c:\users\elleri\documents\programs\test\engian\engian.engine\engian.test\engian.test\testutilvector.cpp(269): error C2249: 'Util::Container<T>::m_size' : no accessible path to protected member declared in virtual base 'Util::Container<T>'
                 with
                 [
                     T=double
                 ]
                 c:\users\elleri\documents\programs\test\engian\engian.engine\containers_lib\utilcontainer.h(99) : see declaration of 'Util::Container<T>::m_size'
                 with
                 [
                     T=double
                 ]
     1>c:\users\elleri\documents\programs\test\engian\engian.engine\engian.test\engian.test\testutilvector.cpp(270): error C2248: 'Util::Vector<T>::m_array' : cannot access protected member declared in class 'Util::Vector<T>'
                 with
                 [
                     T=double
                 ]
                 c:\users\elleri\documents\programs\test\engian\engian.engine\containers_lib\utilvector.h(139) : see declaration of 'Util::Vector<T>::m_array'
                 with
                 [
                     T=double
                 ]
     1>c:\users\elleri\documents\programs\test\engian\engian.engine\engian.test\engian.test\testutilvector.cpp(271): error C2249: 'Util::Container<T>::m_implementations' : no accessible path to protected member declared in virtual base 'Util::Container<T>'
                 with
                 [
                     T=double
                 ]
                 c:\users\elleri\documents\programs\test\engian\engian.engine\containers_lib\utilcontainer.h(100) : see declaration of 'Util::Container<T>::m_implementations'
                 with
                 [
                     T=double
                 ]
     1>c:\users\elleri\documents\programs\test\engian\engian.engine\engian.test\engian.test\testutilvector.cpp(274): error C2248: 'Util::Vector<T>::m_array' : cannot access protected member declared in class 'Util::Vector<T>'
                 with
                 [
                     T=double
                 ]
                 c:\users\elleri\documents\programs\test\engian\engian.engine\containers_lib\utilvector.h(139) : see declaration of 'Util::Vector<T>::m_array'
                 with
                 [
                     T=double
                 ]
     1>c:\users\elleri\documents\programs\test\engian\engian.engine\engian.test\engian.test\testutilvector.cpp(276): warning C4003: not enough actual parameters for macro 'DEBUG_FUNC_CHECK'
     1>c:\users\elleri\documents\programs\test\engian\engian.engine\engian.test\engian.test\testutilvector.cpp(276): error C2039: 's_functionTracker' : is not a member of '`global namespace''
     1>c:\users\elleri\documents\programs\test\engian\engian.engine\engian.test\engian.test\testutilvector.cpp(276): error C2146: syntax error : missing ')' before identifier 's_functionTracker'
     1>c:\users\elleri\documents\programs\test\engian\engian.engine\engian.test\engian.test\testutilvector.cpp(276): error C2059: syntax error : ')'
     1>c:\users\elleri\documents\programs\test\engian\engian.engine\engian.test\engian.test\testutilvector.cpp(276): error C2143: syntax error : missing ';' before '{'
     1>c:\users\elleri\documents\programs\test\engian\engian.engine\engian.test\engian.test\testutilvector.cpp(295): error C2248: 'Util::Vector<T>::m_capacity' : cannot access protected member declared in class 'Util::Vector<T>'
                 with
                 [
                     T=float
                 ]
                 c:\users\elleri\documents\programs\test\engian\engian.engine\containers_lib\utilvector.h(138) : see declaration of 'Util::Vector<T>::m_capacity'
                 with
                 [
                     T=float
                 ]
                 c:\users\elleri\documents\programs\test\engian\engian.engine\containers_lib\utilvector.h(138) : see declaration of 'Util::Vector<T>::m_capacity'
                 with
                 [
                     T=float
                 ]
     1>c:\users\elleri\documents\programs\test\engian\engian.engine\engian.test\engian.test\testutilvector.cpp(296): error C2249: 'Util::Container<T>::m_size' : no accessible path to protected member declared in virtual base 'Util::Container<T>'
                 with
                 [
                     T=float
                 ]
                 c:\users\elleri\documents\programs\test\engian\engian.engine\containers_lib\utilcontainer.h(99) : see declaration of 'Util::Container<T>::m_size'
                 with
                 [
                     T=float
                 ]
                 c:\users\elleri\documents\programs\test\engian\engian.engine\containers_lib\utilcontainer.h(99) : see declaration of 'Util::Container<T>::m_size'
                 with
                 [
                     T=float
                 ]
     1>c:\users\elleri\documents\programs\test\engian\engian.engine\engian.test\engian.test\testutilvector.cpp(297): error C2248: 'Util::Vector<T>::m_array' : cannot access protected member declared in class 'Util::Vector<T>'
                 with
                 [
                     T=float
                 ]
                 c:\users\elleri\documents\programs\test\engian\engian.engine\containers_lib\utilvector.h(139) : see declaration of 'Util::Vector<T>::m_array'
                 with
                 [
                     T=float
                 ]
                 c:\users\elleri\documents\programs\test\engian\engian.engine\containers_lib\utilvector.h(139) : see declaration of 'Util::Vector<T>::m_array'
                 with
                 [
                     T=float
                 ]
                 c:\users\elleri\documents\programs\test\engian\engian.engine\containers_lib\utilvector.h(139) : see declaration of 'Util::Vector<T>::m_array'
                 with
                 [
                     T=float
                 ]
     1>c:\users\elleri\documents\programs\test\engian\engian.engine\engian.test\engian.test\testutilvector.cpp(298): error C2249: 'Util::Container<T>::m_implementations' : no accessible path to protected member declared in virtual base 'Util::Container<T>'
                 with
                 [
                     T=float
                 ]
                 c:\users\elleri\documents\programs\test\engian\engian.engine\containers_lib\utilcontainer.h(100) : see declaration of 'Util::Container<T>::m_implementations'
                 with
                 [
                     T=float
                 ]
     1>c:\users\elleri\documents\programs\test\engian\engian.engine\engian.test\engian.test\testutilvector.cpp(300): error C2249: 'Util::Container<T>::m_size' : no accessible path to protected member declared in virtual base 'Util::Container<T>'
                 with
                 [
                     T=float
                 ]
                 c:\users\elleri\documents\programs\test\engian\engian.engine\containers_lib\utilcontainer.h(99) : see declaration of 'Util::Container<T>::m_size'
                 with
                 [
                     T=float
                 ]
     1>c:\users\elleri\documents\programs\test\engian\engian.engine\engian.test\engian.test\testutilvector.cpp(301): error C2248: 'Util::Vector<T>::m_array' : cannot access protected member declared in class 'Util::Vector<T>'
                 with
                 [
                     T=float
                 ]
                 c:\users\elleri\documents\programs\test\engian\engian.engine\containers_lib\utilvector.h(139) : see declaration of 'Util::Vector<T>::m_array'
                 with
                 [
                     T=float
                 ]
                 c:\users\elleri\documents\programs\test\engian\engian.engine\containers_lib\utilvector.h(139) : see declaration of 'Util::Vector<T>::m_array'
                 with
                 [
                     T=float
                 ]
     1>c:\users\elleri\documents\programs\test\engian\engian.engine\engian.test\engian.test\testutilvector.cpp(303): warning C4003: not enough actual parameters for macro 'DEBUG_FUNC_CHECK'
     1>c:\users\elleri\documents\programs\test\engian\engian.engine\engian.test\engian.test\testutilvector.cpp(303): error C2039: 's_functionTracker' : is not a member of '`global namespace''
     1>c:\users\elleri\documents\programs\test\engian\engian.engine\engian.test\engian.test\testutilvector.cpp(303): error C2146: syntax error : missing ')' before identifier 's_functionTracker'
     1>c:\users\elleri\documents\programs\test\engian\engian.engine\engian.test\engian.test\testutilvector.cpp(303): error C2059: syntax error : ')'
     1>c:\users\elleri\documents\programs\test\engian\engian.engine\engian.test\engian.test\testutilvector.cpp(324): error C2248: 'Util::Vector<T>::m_array' : cannot access protected member declared in class 'Util::Vector<T>'
                 with
                 [
                     T=char
                 ]
                 c:\users\elleri\documents\programs\test\engian\engian.engine\containers_lib\utilvector.h(139) : see declaration of 'Util::Vector<T>::m_array'
                 with
                 [
                     T=char
                 ]
     1>c:\users\elleri\documents\programs\test\engian\engian.engine\engian.test\engian.test\testutilvector.cpp(325): warning C4003: not enough actual parameters for macro 'DEBUG_FUNC_CHECK'
     1>c:\users\elleri\documents\programs\test\engian\engian.engine\engian.test\engian.test\testutilvector.cpp(325): error C2039: 's_functionTracker' : is not a member of '`global namespace''
     1>c:\users\elleri\documents\programs\test\engian\engian.engine\engian.test\engian.test\testutilvector.cpp(325): error C2146: syntax error : missing ')' before identifier 's_functionTracker'
     1>c:\users\elleri\documents\programs\test\engian\engian.engine\engian.test\engian.test\testutilvector.cpp(325): error C2059: syntax error : ')'
     1>c:\users\elleri\documents\programs\test\engian\engian.engine\engian.test\engian.test\testutilvector.cpp(327): error C2249: 'Util::Container<T>::m_implementations' : no accessible path to protected member declared in virtual base 'Util::Container<T>'
                 with
                 [
                     T=char
                 ]
                 c:\users\elleri\documents\programs\test\engian\engian.engine\containers_lib\utilcontainer.h(100) : see declaration of 'Util::Container<T>::m_implementations'
                 with
                 [
                     T=char
                 ]
     1>c:\users\elleri\documents\programs\test\engian\engian.engine\engian.test\engian.test\testutilvector.cpp(385): error C2249: 'Util::Container<T>::m_size' : no accessible path to protected member declared in virtual base 'Util::Container<T>'
                 with
                 [
                     T=Test::UnitTestChassis::UnitTestSampleStruct
                 ]
                 c:\users\elleri\documents\programs\test\engian\engian.engine\containers_lib\utilcontainer.h(99) : see declaration of 'Util::Container<T>::m_size'
                 with
                 [
                     T=Test::UnitTestChassis::UnitTestSampleStruct
                 ]
     1>c:\users\elleri\documents\programs\test\engian\engian.engine\engian.test\engian.test\testutilvector.cpp(387): error C2248: 'Util::Vector<T>::m_array' : cannot access protected member declared in class 'Util::Vector<T>'
                 with
                 [
                     T=Test::UnitTestChassis::UnitTestSampleStruct
                 ]
                 c:\users\elleri\documents\programs\test\engian\engian.engine\containers_lib\utilvector.h(139) : see declaration of 'Util::Vector<T>::m_array'
                 with
                 [
                     T=Test::UnitTestChassis::UnitTestSampleStruct
                 ]
     1>c:\users\elleri\documents\programs\test\engian\engian.engine\engian.test\engian.test\testutilvector.cpp(388): warning C4003: not enough actual parameters for macro 'DEBUG_FUNC_CHECK'
     1>c:\users\elleri\documents\programs\test\engian\engian.engine\engian.test\engian.test\testutilvector.cpp(388): error C2039: 's_functionTracker' : is not a member of '`global namespace''
     1>c:\users\elleri\documents\programs\test\engian\engian.engine\engian.test\engian.test\testutilvector.cpp(388): error C2146: syntax error : missing ')' before identifier 's_functionTracker'
     1>c:\users\elleri\documents\programs\test\engian\engian.engine\engian.test\engian.test\testutilvector.cpp(388): error C2059: syntax error : ')'
     1>c:\users\elleri\documents\programs\test\engian\engian.engine\engian.test\engian.test\testutilvector.cpp(388): error C2143: syntax error : missing ';' before '{'
     1>c:\users\elleri\documents\programs\test\engian\engian.engine\engian.test\engian.test\testutilvector.cpp(410): error C2249: 'Util::Container<T>::m_size' : no accessible path to protected member declared in virtual base 'Util::Container<T>'
                 with
                 [
                     T=Test::UnitTestChassis::UnitTestSampleStruct
                 ]
                 c:\users\elleri\documents\programs\test\engian\engian.engine\containers_lib\utilcontainer.h(99) : see declaration of 'Util::Container<T>::m_size'
                 with
                 [
                     T=Test::UnitTestChassis::UnitTestSampleStruct
                 ]
     1>c:\users\elleri\documents\programs\test\engian\engian.engine\engian.test\engian.test\testutilvector.cpp(412): error C2248: 'Util::Vector<T>::m_array' : cannot access protected member declared in class 'Util::Vector<T>'
                 with
                 [
                     T=Test::UnitTestChassis::UnitTestSampleStruct
                 ]
                 c:\users\elleri\documents\programs\test\engian\engian.engine\containers_lib\utilvector.h(139) : see declaration of 'Util::Vector<T>::m_array'
                 with
                 [
                     T=Test::UnitTestChassis::UnitTestSampleStruct
                 ]
     1>c:\users\elleri\documents\programs\test\engian\engian.engine\engian.test\engian.test\testutilvector.cpp(413): warning C4003: not enough actual parameters for macro 'DEBUG_FUNC_CHECK'
     1>c:\users\elleri\documents\programs\test\engian\engian.engine\engian.test\engian.test\testutilvector.cpp(413): error C2039: 's_functionTracker' : is not a member of '`global namespace''
     1>c:\users\elleri\documents\programs\test\engian\engian.engine\engian.test\engian.test\testutilvector.cpp(413): error C2146: syntax error : missing ')' before identifier 's_functionTracker'
     1>c:\users\elleri\documents\programs\test\engian\engian.engine\engian.test\engian.test\testutilvector.cpp(413): error C2059: syntax error : ')'
     1>c:\users\elleri\documents\programs\test\engian\engian.engine\engian.test\engian.test\testutilvector.cpp(413): error C2143: syntax error : missing ';' before '{'
     1>c:\users\elleri\documents\programs\test\engian\engian.engine\engian.test\engian.test\testutilvector.cpp(438): error C2249: 'Util::Container<T>::m_size' : no accessible path to protected member declared in virtual base 'Util::Container<T>'
                 with
                 [
                     T=Test::UnitTestChassis::UnitTestSampleStruct
                 ]
                 c:\users\elleri\documents\programs\test\engian\engian.engine\containers_lib\utilcontainer.h(99) : see declaration of 'Util::Container<T>::m_size'
                 with
                 [
                     T=Test::UnitTestChassis::UnitTestSampleStruct
                 ]
     1>c:\users\elleri\documents\programs\test\engian\engian.engine\engian.test\engian.test\testutilvector.cpp(441): error C2248: 'Util::Vector<T>::m_array' : cannot access protected member declared in class 'Util::Vector<T>'
                 with
                 [
                     T=Test::UnitTestChassis::UnitTestSampleStruct
                 ]
                 c:\users\elleri\documents\programs\test\engian\engian.engine\containers_lib\utilvector.h(139) : see declaration of 'Util::Vector<T>::m_array'
                 with
                 [
                     T=Test::UnitTestChassis::UnitTestSampleStruct
                 ]
     1>c:\users\elleri\documents\programs\test\engian\engian.engine\engian.test\engian.test\testutilvector.cpp(444): warning C4003: not enough actual parameters for macro 'DEBUG_FUNC_CHECK'
     1>c:\users\elleri\documents\programs\test\engian\engian.engine\engian.test\engian.test\testutilvector.cpp(444): error C2039: 's_functionTracker' : is not a member of '`global namespace''
     1>c:\users\elleri\documents\programs\test\engian\engian.engine\engian.test\engian.test\testutilvector.cpp(444): error C2146: syntax error : missing ')' before identifier 's_functionTracker'
     1>c:\users\elleri\documents\programs\test\engian\engian.engine\engian.test\engian.test\testutilvector.cpp(444): error C2059: syntax error : ')'
     1>c:\users\elleri\documents\programs\test\engian\engian.engine\engian.test\engian.test\testutilvector.cpp(444): error C2143: syntax error : missing ';' before '{'
     1>c:\users\elleri\documents\programs\test\engian\engian.engine\engian.test\engian.test\testutilvector.cpp(472): error C2249: 'Util::Container<T>::m_size' : no accessible path to protected member declared in virtual base 'Util::Container<T>'
                 with
                 [
                     T=Test::UnitTestChassis::UnitTestSampleStruct
                 ]
                 c:\users\elleri\documents\programs\test\engian\engian.engine\containers_lib\utilcontainer.h(99) : see declaration of 'Util::Container<T>::m_size'
                 with
                 [
                     T=Test::UnitTestChassis::UnitTestSampleStruct
                 ]
     1>c:\users\elleri\documents\programs\test\engian\engian.engine\engian.test\engian.test\testutilvector.cpp(475): error C2248: 'Util::Vector<T>::m_array' : cannot access protected member declared in class 'Util::Vector<T>'
                 with
                 [
                     T=Test::UnitTestChassis::UnitTestSampleStruct
                 ]
                 c:\users\elleri\documents\programs\test\engian\engian.engine\containers_lib\utilvector.h(139) : see declaration of 'Util::Vector<T>::m_array'
                 with
                 [
                     T=Test::UnitTestChassis::UnitTestSampleStruct
                 ]
     1>c:\users\elleri\documents\programs\test\engian\engian.engine\engian.test\engian.test\testutilvector.cpp(478): warning C4003: not enough actual parameters for macro 'DEBUG_FUNC_CHECK'
     1>c:\users\elleri\documents\programs\test\engian\engian.engine\engian.test\engian.test\testutilvector.cpp(478): error C2039: 's_functionTracker' : is not a member of '`global namespace''
     1>c:\users\elleri\documents\programs\test\engian\engian.engine\engian.test\engian.test\testutilvector.cpp(478): error C2146: syntax error : missing ')' before identifier 's_functionTracker'
     1>c:\users\elleri\documents\programs\test\engian\engian.engine\engian.test\engian.test\testutilvector.cpp(478): error C2059: syntax error : ')'
     1>c:\users\elleri\documents\programs\test\engian\engian.engine\engian.test\engian.test\testutilvector.cpp(478): error C2143: syntax error : missing ';' before '{'
     1>c:\users\elleri\documents\programs\test\engian\engian.engine\engian.test\engian.test\testutilvector.cpp(502): error C2248: 'Util::Vector<T>::m_array' : cannot access protected member declared in class 'Util::Vector<T>'
                 with
                 [
                     T=unsigned int
                 ]
                 c:\users\elleri\documents\programs\test\engian\engian.engine\containers_lib\utilvector.h(139) : see declaration of 'Util::Vector<T>::m_array'
                 with
                 [
                     T=unsigned int
                 ]
     1>c:\users\elleri\documents\programs\test\engian\engian.engine\engian.test\engian.test\testutilvector.cpp(503): error C2249: 'Util::Container<T>::m_size' : no accessible path to protected member declared in virtual base 'Util::Container<T>'
                 with
                 [
                     T=unsigned int
                 ]
                 c:\users\elleri\documents\programs\test\engian\engian.engine\containers_lib\utilcontainer.h(99) : see declaration of 'Util::Container<T>::m_size'
                 with
                 [
                     T=unsigned int
                 ]
     1>c:\users\elleri\documents\programs\test\engian\engian.engine\engian.test\engian.test\testutilvector.cpp(504): error C2248: 'Util::Vector<T>::m_array' : cannot access protected member declared in class 'Util::Vector<T>'
                 with
                 [
                     T=unsigned int
                 ]
                 c:\users\elleri\documents\programs\test\engian\engian.engine\containers_lib\utilvector.h(139) : see declaration of 'Util::Vector<T>::m_array'
                 with
                 [
                     T=unsigned int
                 ]
     1>c:\users\elleri\documents\programs\test\engian\engian.engine\engian.test\engian.test\testutilvector.cpp(504): error C2249: 'Util::Container<T>::m_size' : no accessible path to protected member declared in virtual base 'Util::Container<T>'
                 with
                 [
                     T=unsigned int
                 ]
                 c:\users\elleri\documents\programs\test\engian\engian.engine\containers_lib\utilcontainer.h(99) : see declaration of 'Util::Container<T>::m_size'
                 with
                 [
                     T=unsigned int
                 ]
                 c:\users\elleri\documents\programs\test\engian\engian.engine\containers_lib\utilvector.h(139) : see declaration of 'Util::Vector<T>::m_array'
                 with
                 [
                     T=unsigned int
                 ]
                 c:\users\elleri\documents\programs\test\engian\engian.engine\containers_lib\utilcontainer.h(99) : see declaration of 'Util::Container<T>::m_size'
                 with
                 [
                     T=unsigned int
                 ]
     1>c:\users\elleri\documents\programs\test\engian\engian.engine\engian.test\engian.test\testutilvector.cpp(510): error C2248: 'Util::Vector<T>::m_array' : cannot access protected member declared in class 'Util::Vector<T>'
                 with
                 [
                     T=unsigned int
                 ]
                 c:\users\elleri\documents\programs\test\engian\engian.engine\containers_lib\utilvector.h(139) : see declaration of 'Util::Vector<T>::m_array'
                 with
                 [
                     T=unsigned int
                 ]
     1>c:\users\elleri\documents\programs\test\engian\engian.engine\engian.test\engian.test\testutilvector.cpp(511): error C2249: 'Util::Container<T>::m_size' : no accessible path to protected member declared in virtual base 'Util::Container<T>'
                 with
                 [
                     T=unsigned int
                 ]
                 c:\users\elleri\documents\programs\test\engian\engian.engine\containers_lib\utilcontainer.h(99) : see declaration of 'Util::Container<T>::m_size'
                 with
                 [
                     T=unsigned int
                 ]
     1>c:\users\elleri\documents\programs\test\engian\engian.engine\engian.test\engian.test\testutilvector.cpp(512): error C2248: 'Util::Vector<T>::m_array' : cannot access protected member declared in class 'Util::Vector<T>'
                 with
                 [
                     T=unsigned int
                 ]
                 c:\users\elleri\documents\programs\test\engian\engian.engine\containers_lib\utilvector.h(139) : see declaration of 'Util::Vector<T>::m_array'
                 with
                 [
                     T=unsigned int
                 ]
     1>c:\users\elleri\documents\programs\test\engian\engian.engine\engian.test\engian.test\testutilvector.cpp(512): error C2249: 'Util::Container<T>::m_size' : no accessible path to protected member declared in virtual base 'Util::Container<T>'
                 with
                 [
                     T=unsigned int
                 ]
                 c:\users\elleri\documents\programs\test\engian\engian.engine\containers_lib\utilcontainer.h(99) : see declaration of 'Util::Container<T>::m_size'
                 with
                 [
                     T=unsigned int
                 ]
                 c:\users\elleri\documents\programs\test\engian\engian.engine\containers_lib\utilvector.h(139) : see declaration of 'Util::Vector<T>::m_array'
                 with
                 [
                     T=unsigned int
                 ]
                 c:\users\elleri\documents\programs\test\engian\engian.engine\containers_lib\utilcontainer.h(99) : see declaration of 'Util::Container<T>::m_size'
                 with
                 [
                     T=unsigned int
                 ]
     1>c:\users\elleri\documents\programs\test\engian\engian.engine\engian.test\engian.test\testutilvector.cpp(516): error C2248: 'Util::Vector<T>::m_array' : cannot access protected member declared in class 'Util::Vector<T>'
                 with
                 [
                     T=unsigned int
                 ]
                 c:\users\elleri\documents\programs\test\engian\engian.engine\containers_lib\utilvector.h(139) : see declaration of 'Util::Vector<T>::m_array'
                 with
                 [
                     T=unsigned int
                 ]
     1>c:\users\elleri\documents\programs\test\engian\engian.engine\engian.test\engian.test\testutilvector.cpp(517): error C2249: 'Util::Container<T>::m_size' : no accessible path to protected member declared in virtual base 'Util::Container<T>'
                 with
                 [
                     T=unsigned int
                 ]
                 c:\users\elleri\documents\programs\test\engian\engian.engine\containers_lib\utilcontainer.h(99) : see declaration of 'Util::Container<T>::m_size'
                 with
                 [
                     T=unsigned int
                 ]
     1>c:\users\elleri\documents\programs\test\engian\engian.engine\engian.test\engian.test\testutilvector.cpp(518): error C2248: 'Util::Vector<T>::m_array' : cannot access protected member declared in class 'Util::Vector<T>'
                 with
                 [
                     T=unsigned int
                 ]
                 c:\users\elleri\documents\programs\test\engian\engian.engine\containers_lib\utilvector.h(139) : see declaration of 'Util::Vector<T>::m_array'
                 with
                 [
                     T=unsigned int
                 ]
     1>c:\users\elleri\documents\programs\test\engian\engian.engine\engian.test\engian.test\testutilvector.cpp(518): error C2249: 'Util::Container<T>::m_size' : no accessible path to protected member declared in virtual base 'Util::Container<T>'
                 with
                 [
                     T=unsigned int
                 ]
                 c:\users\elleri\documents\programs\test\engian\engian.engine\containers_lib\utilcontainer.h(99) : see declaration of 'Util::Container<T>::m_size'
                 with
                 [
                     T=unsigned int
                 ]
                 c:\users\elleri\documents\programs\test\engian\engian.engine\containers_lib\utilvector.h(139) : see declaration of 'Util::Vector<T>::m_array'
                 with
                 [
                     T=unsigned int
                 ]
                 c:\users\elleri\documents\programs\test\engian\engian.engine\containers_lib\utilcontainer.h(99) : see declaration of 'Util::Container<T>::m_size'
                 with
                 [
                     T=unsigned int
                 ]
     1>c:\users\elleri\documents\programs\test\engian\engian.engine\engian.test\engian.test\testutilvector.cpp(524): error C2248: 'Util::Vector<T>::m_array' : cannot access protected member declared in class 'Util::Vector<T>'
                 with
                 [
                     T=float
                 ]
                 c:\users\elleri\documents\programs\test\engian\engian.engine\containers_lib\utilvector.h(139) : see declaration of 'Util::Vector<T>::m_array'
                 with
                 [
                     T=float
                 ]
     1>c:\users\elleri\documents\programs\test\engian\engian.engine\engian.test\engian.test\testutilvector.cpp(525): error C2249: 'Util::Container<T>::m_size' : no accessible path to protected member declared in virtual base 'Util::Container<T>'
                 with
                 [
                     T=float
                 ]
                 c:\users\elleri\documents\programs\test\engian\engian.engine\containers_lib\utilcontainer.h(99) : see declaration of 'Util::Container<T>::m_size'
                 with
                 [
                     T=float
                 ]
     1>c:\users\elleri\documents\programs\test\engian\engian.engine\engian.test\engian.test\testutilvector.cpp(526): error C2248: 'Util::Vector<T>::m_capacity' : cannot access protected member declared in class 'Util::Vector<T>'
                 with
                 [
                     T=float
                 ]
                 c:\users\elleri\documents\programs\test\engian\engian.engine\containers_lib\utilvector.h(138) : see declaration of 'Util::Vector<T>::m_capacity'
                 with
                 [
                     T=float
                 ]
     1>c:\users\elleri\documents\programs\test\engian\engian.engine\engian.test\engian.test\testutilvector.cpp(526): error C2248: 'Util::Vector<T>::c_defaultCapacity' : cannot access protected member declared in class 'Util::Vector<T>'
                 with
                 [
                     T=float
                 ]
                 c:\users\elleri\documents\programs\test\engian\engian.engine\containers_lib\utilvector.h(136) : see declaration of 'Util::Vector<T>::c_defaultCapacity'
                 with
                 [
                     T=float
                 ]
     1>c:\users\elleri\documents\programs\test\engian\engian.engine\engian.test\engian.test\testutilvector.cpp(529): warning C4003: not enough actual parameters for macro 'DEBUG_FUNC_CHECK'
     1>c:\users\elleri\documents\programs\test\engian\engian.engine\engian.test\engian.test\testutilvector.cpp(529): error C2039: 's_functionTracker' : is not a member of '`global namespace''
     1>c:\users\elleri\documents\programs\test\engian\engian.engine\engian.test\engian.test\testutilvector.cpp(529): error C2146: syntax error : missing ')' before identifier 's_functionTracker'
     1>c:\users\elleri\documents\programs\test\engian\engian.engine\engian.test\engian.test\testutilvector.cpp(529): error C2059: syntax error : ')'
     1>c:\users\elleri\documents\programs\test\engian\engian.engine\engian.test\engian.test\testutilvector.cpp(551): error C2248: 'Util::Vector<T>::m_array' : cannot access protected member declared in class 'Util::Vector<T>'
                 with
                 [
                     T=unsigned int
                 ]
                 c:\users\elleri\documents\programs\test\engian\engian.engine\containers_lib\utilvector.h(139) : see declaration of 'Util::Vector<T>::m_array'
                 with
                 [
                     T=unsigned int
                 ]
     1>c:\users\elleri\documents\programs\test\engian\engian.engine\engian.test\engian.test\testutilvector.cpp(552): error C2249: 'Util::Container<T>::m_size' : no accessible path to protected member declared in virtual base 'Util::Container<T>'
                 with
                 [
                     T=unsigned int
                 ]
                 c:\users\elleri\documents\programs\test\engian\engian.engine\containers_lib\utilcontainer.h(99) : see declaration of 'Util::Container<T>::m_size'
                 with
                 [
                     T=unsigned int
                 ]
     1>c:\users\elleri\documents\programs\test\engian\engian.engine\engian.test\engian.test\testutilvector.cpp(553): error C2248: 'Util::Vector<T>::m_array' : cannot access protected member declared in class 'Util::Vector<T>'
                 with
                 [
                     T=unsigned int
                 ]
                 c:\users\elleri\documents\programs\test\engian\engian.engine\containers_lib\utilvector.h(139) : see declaration of 'Util::Vector<T>::m_array'
                 with
                 [
                     T=unsigned int
                 ]
     1>c:\users\elleri\documents\programs\test\engian\engian.engine\engian.test\engian.test\testutilvector.cpp(553): error C2249: 'Util::Container<T>::m_size' : no accessible path to protected member declared in virtual base 'Util::Container<T>'
                 with
                 [
                     T=unsigned int
                 ]
                 c:\users\elleri\documents\programs\test\engian\engian.engine\containers_lib\utilcontainer.h(99) : see declaration of 'Util::Container<T>::m_size'
                 with
                 [
                     T=unsigned int
                 ]
                 c:\users\elleri\documents\programs\test\engian\engian.engine\containers_lib\utilvector.h(139) : see declaration of 'Util::Vector<T>::m_array'
                 with
                 [
                     T=unsigned int
                 ]
                 c:\users\elleri\documents\programs\test\engian\engian.engine\containers_lib\utilcontainer.h(99) : see declaration of 'Util::Container<T>::m_size'
                 with
                 [
                     T=unsigned int
                 ]
     1>c:\users\elleri\documents\programs\test\engian\engian.engine\engian.test\engian.test\testutilvector.cpp(557): error C2248: 'Util::Vector<T>::m_array' : cannot access protected member declared in class 'Util::Vector<T>'
                 with
                 [
                     T=unsigned int
                 ]
                 c:\users\elleri\documents\programs\test\engian\engian.engine\containers_lib\utilvector.h(139) : see declaration of 'Util::Vector<T>::m_array'
                 with
                 [
                     T=unsigned int
                 ]
     1>c:\users\elleri\documents\programs\test\engian\engian.engine\engian.test\engian.test\testutilvector.cpp(558): error C2249: 'Util::Container<T>::m_size' : no accessible path to protected member declared in virtual base 'Util::Container<T>'
                 with
                 [
                     T=unsigned int
                 ]
                 c:\users\elleri\documents\programs\test\engian\engian.engine\containers_lib\utilcontainer.h(99) : see declaration of 'Util::Container<T>::m_size'
                 with
                 [
                     T=unsigned int
                 ]
     1>c:\users\elleri\documents\programs\test\engian\engian.engine\engian.test\engian.test\testutilvector.cpp(559): error C2248: 'Util::Vector<T>::m_array' : cannot access protected member declared in class 'Util::Vector<T>'
                 with
                 [
                     T=unsigned int
                 ]
                 c:\users\elleri\documents\programs\test\engian\engian.engine\containers_lib\utilvector.h(139) : see declaration of 'Util::Vector<T>::m_array'
                 with
                 [
                     T=unsigned int
                 ]
     1>c:\users\elleri\documents\programs\test\engian\engian.engine\engian.test\engian.test\testutilvector.cpp(559): error C2249: 'Util::Container<T>::m_size' : no accessible path to protected member declared in virtual base 'Util::Container<T>'
                 with
                 [
                     T=unsigned int
                 ]
                 c:\users\elleri\documents\programs\test\engian\engian.engine\containers_lib\utilcontainer.h(99) : see declaration of 'Util::Container<T>::m_size'
                 with
                 [
                     T=unsigned int
                 ]
                 c:\users\elleri\documents\programs\test\engian\engian.engine\containers_lib\utilvector.h(139) : see declaration of 'Util::Vector<T>::m_array'
                 with
                 [
                     T=unsigned int
                 ]
                 c:\users\elleri\documents\programs\test\engian\engian.engine\containers_lib\utilcontainer.h(99) : see declaration of 'Util::Container<T>::m_size'
                 with
                 [
                     T=unsigned int
                 ]
     1>c:\users\elleri\documents\programs\test\engian\engian.engine\engian.test\engian.test\testutilvector.cpp(562): error C2248: 'Util::Vector<T>::m_array' : cannot access protected member declared in class 'Util::Vector<T>'
                 with
                 [
                     T=unsigned int
                 ]
                 c:\users\elleri\documents\programs\test\engian\engian.engine\containers_lib\utilvector.h(139) : see declaration of 'Util::Vector<T>::m_array'
                 with
                 [
                     T=unsigned int
                 ]
     1>c:\users\elleri\documents\programs\test\engian\engian.engine\engian.test\engian.test\testutilvector.cpp(563): error C2249: 'Util::Container<T>::m_size' : no accessible path to protected member declared in virtual base 'Util::Container<T>'
                 with
                 [
                     T=unsigned int
                 ]
                 c:\users\elleri\documents\programs\test\engian\engian.engine\containers_lib\utilcontainer.h(99) : see declaration of 'Util::Container<T>::m_size'
                 with
                 [
                     T=unsigned int
                 ]
     1>c:\users\elleri\documents\programs\test\engian\engian.engine\engian.test\engian.test\testutilvector.cpp(564): error C2248: 'Util::Vector<T>::m_array' : cannot access protected member declared in class 'Util::Vector<T>'
                 with
                 [
                     T=unsigned int
                 ]
                 c:\users\elleri\documents\programs\test\engian\engian.engine\containers_lib\utilvector.h(139) : see declaration of 'Util::Vector<T>::m_array'
                 with
                 [
                     T=unsigned int
                 ]
     1>c:\users\elleri\documents\programs\test\engian\engian.engine\engian.test\engian.test\testutilvector.cpp(564): error C2249: 'Util::Container<T>::m_size' : no accessible path to protected member declared in virtual base 'Util::Container<T>'
                 with
                 [
                     T=unsigned int
                 ]
                 c:\users\elleri\documents\programs\test\engian\engian.engine\containers_lib\utilcontainer.h(99) : see declaration of 'Util::Container<T>::m_size'
                 with
                 [
                     T=unsigned int
                 ]
                 c:\users\elleri\documents\programs\test\engian\engian.engine\containers_lib\utilvector.h(139) : see declaration of 'Util::Vector<T>::m_array'
                 with
                 [
                     T=unsigned int
                 ]
                 c:\users\elleri\documents\programs\test\engian\engian.engine\containers_lib\utilcontainer.h(99) : see declaration of 'Util::Container<T>::m_size'
                 with
                 [
                     T=unsigned int
                 ]
     1>c:\users\elleri\documents\programs\test\engian\engian.engine\engian.test\engian.test\testutilvector.cpp(570): error C2248: 'Util::Vector<T>::m_array' : cannot access protected member declared in class 'Util::Vector<T>'
                 with
                 [
                     T=float
                 ]
                 c:\users\elleri\documents\programs\test\engian\engian.engine\containers_lib\utilvector.h(139) : see declaration of 'Util::Vector<T>::m_array'
                 with
                 [
                     T=float
                 ]
     1>c:\users\elleri\documents\programs\test\engian\engian.engine\engian.test\engian.test\testutilvector.cpp(571): error C2249: 'Util::Container<T>::m_size' : no accessible path to protected member declared in virtual base 'Util::Container<T>'
                 with
                 [
                     T=float
                 ]
                 c:\users\elleri\documents\programs\test\engian\engian.engine\containers_lib\utilcontainer.h(99) : see declaration of 'Util::Container<T>::m_size'
                 with
                 [
                     T=float
                 ]
     1>c:\users\elleri\documents\programs\test\engian\engian.engine\engian.test\engian.test\testutilvector.cpp(572): error C2248: 'Util::Vector<T>::m_capacity' : cannot access protected member declared in class 'Util::Vector<T>'
                 with
                 [
                     T=float
                 ]
                 c:\users\elleri\documents\programs\test\engian\engian.engine\containers_lib\utilvector.h(138) : see declaration of 'Util::Vector<T>::m_capacity'
                 with
                 [
                     T=float
                 ]
     1>c:\users\elleri\documents\programs\test\engian\engian.engine\engian.test\engian.test\testutilvector.cpp(572): error C2248: 'Util::Vector<T>::c_defaultCapacity' : cannot access protected member declared in class 'Util::Vector<T>'
                 with
                 [
                     T=float
                 ]
                 c:\users\elleri\documents\programs\test\engian\engian.engine\containers_lib\utilvector.h(136) : see declaration of 'Util::Vector<T>::c_defaultCapacity'
                 with
                 [
                     T=float
                 ]
     1>c:\users\elleri\documents\programs\test\engian\engian.engine\engian.test\engian.test\testutilvector.cpp(572): fatal error C1003: error count exceeds 100; stopping compilation
         testUtilUnsafeVector.cpp
     1>c:\users\elleri\documents\programs\test\engian\engian.engine\containers_lib\utilvector.h(18): error C2272: 'dbgGet_c_defaultCapacity' : modifiers not allowed on static member functions
                 c:\users\elleri\documents\programs\test\engian\engian.engine\containers_lib\utilvector.h(140) : see reference to class template instantiation 'Util::Vector<T>' being compiled
     1>c:\users\elleri\documents\programs\test\engian\engian.engine\containers_lib\utilvector.h(19): error C2272: 'dbgGet_c_growMultiplier' : modifiers not allowed on static member functions
     1>c:\users\elleri\documents\programs\test\engian\engian.engine\engian.test\engian.test\testutilunsafevector.cpp(32): error C2248: 'Util::Vector<T>::m_capacity' : cannot access protected member declared in class 'Util::Vector<T>'
                 with
                 [
                     T=int
                 ]
                 c:\users\elleri\documents\programs\test\engian\engian.engine\containers_lib\utilvector.h(138) : see declaration of 'Util::Vector<T>::m_capacity'
                 with
                 [
                     T=int
                 ]
     1>c:\users\elleri\documents\programs\test\engian\engian.engine\engian.test\engian.test\testutilunsafevector.cpp(32): error C2248: 'Util::Vector<T>::c_defaultCapacity' : cannot access protected member declared in class 'Util::Vector<T>'
                 with
                 [
                     T=int
                 ]
                 c:\users\elleri\documents\programs\test\engian\engian.engine\containers_lib\utilvector.h(136) : see declaration of 'Util::Vector<T>::c_defaultCapacity'
                 with
                 [
                     T=int
                 ]
     1>c:\users\elleri\documents\programs\test\engian\engian.engine\engian.test\engian.test\testutilunsafevector.cpp(33): error C2249: 'Util::Container<T>::m_size' : no accessible path to protected member declared in virtual base 'Util::Container<T>'
                 with
                 [
                     T=int
                 ]
                 c:\users\elleri\documents\programs\test\engian\engian.engine\containers_lib\utilcontainer.h(99) : see declaration of 'Util::Container<T>::m_size'
                 with
                 [
                     T=int
                 ]
     1>c:\users\elleri\documents\programs\test\engian\engian.engine\engian.test\engian.test\testutilunsafevector.cpp(34): error C2248: 'Util::Vector<T>::m_array' : cannot access protected member declared in class 'Util::Vector<T>'
                 with
                 [
                     T=int
                 ]
                 c:\users\elleri\documents\programs\test\engian\engian.engine\containers_lib\utilvector.h(139) : see declaration of 'Util::Vector<T>::m_array'
                 with
                 [
                     T=int
                 ]
     1>c:\users\elleri\documents\programs\test\engian\engian.engine\engian.test\engian.test\testutilunsafevector.cpp(35): error C2249: 'Util::Container<T>::m_implementations' : no accessible path to protected member declared in virtual base 'Util::Container<T>'
                 with
                 [
                     T=int
                 ]
                 c:\users\elleri\documents\programs\test\engian\engian.engine\containers_lib\utilcontainer.h(100) : see declaration of 'Util::Container<T>::m_implementations'
                 with
                 [
                     T=int
                 ]
     1>c:\users\elleri\documents\programs\test\engian\engian.engine\engian.test\engian.test\testutilunsafevector.cpp(36): warning C4003: not enough actual parameters for macro 'DEBUG_FUNC_CHECK'
     1>c:\users\elleri\documents\programs\test\engian\engian.engine\engian.test\engian.test\testutilunsafevector.cpp(36): error C2039: 's_functionTracker' : is not a member of '`global namespace''
     1>c:\users\elleri\documents\programs\test\engian\engian.engine\engian.test\engian.test\testutilunsafevector.cpp(36): error C2146: syntax error : missing ')' before identifier 's_functionTracker'
     1>c:\users\elleri\documents\programs\test\engian\engian.engine\engian.test\engian.test\testutilunsafevector.cpp(36): error C2059: syntax error : ')'
     1>c:\users\elleri\documents\programs\test\engian\engian.engine\engian.test\engian.test\testutilunsafevector.cpp(52): error C2248: 'Util::Vector<T>::m_capacity' : cannot access protected member declared in class 'Util::Vector<T>'
                 with
                 [
                     T=int
                 ]
                 c:\users\elleri\documents\programs\test\engian\engian.engine\containers_lib\utilvector.h(138) : see declaration of 'Util::Vector<T>::m_capacity'
                 with
                 [
                     T=int
                 ]
     1>c:\users\elleri\documents\programs\test\engian\engian.engine\engian.test\engian.test\testutilunsafevector.cpp(53): error C2249: 'Util::Container<T>::m_size' : no accessible path to protected member declared in virtual base 'Util::Container<T>'
                 with
                 [
                     T=int
                 ]
                 c:\users\elleri\documents\programs\test\engian\engian.engine\containers_lib\utilcontainer.h(99) : see declaration of 'Util::Container<T>::m_size'
                 with
                 [
                     T=int
                 ]
     1>c:\users\elleri\documents\programs\test\engian\engian.engine\engian.test\engian.test\testutilunsafevector.cpp(54): error C2248: 'Util::Vector<T>::m_array' : cannot access protected member declared in class 'Util::Vector<T>'
                 with
                 [
                     T=int
                 ]
                 c:\users\elleri\documents\programs\test\engian\engian.engine\containers_lib\utilvector.h(139) : see declaration of 'Util::Vector<T>::m_array'
                 with
                 [
                     T=int
                 ]
     1>c:\users\elleri\documents\programs\test\engian\engian.engine\engian.test\engian.test\testutilunsafevector.cpp(55): error C2249: 'Util::Container<T>::m_implementations' : no accessible path to protected member declared in virtual base 'Util::Container<T>'
                 with
                 [
                     T=int
                 ]
                 c:\users\elleri\documents\programs\test\engian\engian.engine\containers_lib\utilcontainer.h(100) : see declaration of 'Util::Container<T>::m_implementations'
                 with
                 [
                     T=int
                 ]
     1>c:\users\elleri\documents\programs\test\engian\engian.engine\engian.test\engian.test\testutilunsafevector.cpp(56): warning C4003: not enough actual parameters for macro 'DEBUG_FUNC_CHECK'
     1>c:\users\elleri\documents\programs\test\engian\engian.engine\engian.test\engian.test\testutilunsafevector.cpp(56): error C2039: 's_functionTracker' : is not a member of '`global namespace''
     1>c:\users\elleri\documents\programs\test\engian\engian.engine\engian.test\engian.test\testutilunsafevector.cpp(56): error C2146: syntax error : missing ')' before identifier 's_functionTracker'
     1>c:\users\elleri\documents\programs\test\engian\engian.engine\engian.test\engian.test\testutilunsafevector.cpp(56): error C2059: syntax error : ')'
     1>c:\users\elleri\documents\programs\test\engian\engian.engine\engian.test\engian.test\testutilunsafevector.cpp(73): error C2248: 'Util::Vector<T>::m_capacity' : cannot access protected member declared in class 'Util::Vector<T>'
                 with
                 [
                     T=int
                 ]
                 c:\users\elleri\documents\programs\test\engian\engian.engine\containers_lib\utilvector.h(138) : see declaration of 'Util::Vector<T>::m_capacity'
                 with
                 [
                     T=int
                 ]
     1>c:\users\elleri\documents\programs\test\engian\engian.engine\engian.test\engian.test\testutilunsafevector.cpp(74): error C2249: 'Util::Container<T>::m_size' : no accessible path to protected member declared in virtual base 'Util::Container<T>'
                 with
                 [
                     T=int
                 ]
                 c:\users\elleri\documents\programs\test\engian\engian.engine\containers_lib\utilcontainer.h(99) : see declaration of 'Util::Container<T>::m_size'
                 with
                 [
                     T=int
                 ]
     1>c:\users\elleri\documents\programs\test\engian\engian.engine\engian.test\engian.test\testutilunsafevector.cpp(75): error C2248: 'Util::Vector<T>::m_array' : cannot access protected member declared in class 'Util::Vector<T>'
                 with
                 [
                     T=int
                 ]
                 c:\users\elleri\documents\programs\test\engian\engian.engine\containers_lib\utilvector.h(139) : see declaration of 'Util::Vector<T>::m_array'
                 with
                 [
                     T=int
                 ]
     1>c:\users\elleri\documents\programs\test\engian\engian.engine\engian.test\engian.test\testutilunsafevector.cpp(76): error C2249: 'Util::Container<T>::m_implementations' : no accessible path to protected member declared in virtual base 'Util::Container<T>'
                 with
                 [
                     T=int
                 ]
                 c:\users\elleri\documents\programs\test\engian\engian.engine\containers_lib\utilcontainer.h(100) : see declaration of 'Util::Container<T>::m_implementations'
                 with
                 [
                     T=int
                 ]
     1>c:\users\elleri\documents\programs\test\engian\engian.engine\engian.test\engian.test\testutilunsafevector.cpp(79): error C2248: 'Util::Vector<T>::m_array' : cannot access protected member declared in class 'Util::Vector<T>'
                 with
                 [
                     T=int
                 ]
                 c:\users\elleri\documents\programs\test\engian\engian.engine\containers_lib\utilvector.h(139) : see declaration of 'Util::Vector<T>::m_array'
                 with
                 [
                     T=int
                 ]
     1>c:\users\elleri\documents\programs\test\engian\engian.engine\engian.test\engian.test\testutilunsafevector.cpp(81): warning C4003: not enough actual parameters for macro 'DEBUG_FUNC_CHECK'
     1>c:\users\elleri\documents\programs\test\engian\engian.engine\engian.test\engian.test\testutilunsafevector.cpp(81): error C2039: 's_functionTracker' : is not a member of '`global namespace''
     1>c:\users\elleri\documents\programs\test\engian\engian.engine\engian.test\engian.test\testutilunsafevector.cpp(81): error C2146: syntax error : missing ')' before identifier 's_functionTracker'
     1>c:\users\elleri\documents\programs\test\engian\engian.engine\engian.test\engian.test\testutilunsafevector.cpp(81): error C2059: syntax error : ')'
     1>c:\users\elleri\documents\programs\test\engian\engian.engine\engian.test\engian.test\testutilunsafevector.cpp(99): error C2248: 'Util::Vector<T>::m_capacity' : cannot access protected member declared in class 'Util::Vector<T>'
                 with
                 [
                     T=double
                 ]
                 c:\users\elleri\documents\programs\test\engian\engian.engine\containers_lib\utilvector.h(138) : see declaration of 'Util::Vector<T>::m_capacity'
                 with
                 [
                     T=double
                 ]
     1>c:\users\elleri\documents\programs\test\engian\engian.engine\engian.test\engian.test\testutilunsafevector.cpp(100): error C2249: 'Util::Container<T>::m_size' : no accessible path to protected member declared in virtual base 'Util::Container<T>'
                 with
                 [
                     T=double
                 ]
                 c:\users\elleri\documents\programs\test\engian\engian.engine\containers_lib\utilcontainer.h(99) : see declaration of 'Util::Container<T>::m_size'
                 with
                 [
                     T=double
                 ]
     1>c:\users\elleri\documents\programs\test\engian\engian.engine\engian.test\engian.test\testutilunsafevector.cpp(101): error C2248: 'Util::Vector<T>::m_array' : cannot access protected member declared in class 'Util::Vector<T>'
                 with
                 [
                     T=double
                 ]
                 c:\users\elleri\documents\programs\test\engian\engian.engine\containers_lib\utilvector.h(139) : see declaration of 'Util::Vector<T>::m_array'
                 with
                 [
                     T=double
                 ]
     1>c:\users\elleri\documents\programs\test\engian\engian.engine\engian.test\engian.test\testutilunsafevector.cpp(102): error C2249: 'Util::Container<T>::m_implementations' : no accessible path to protected member declared in virtual base 'Util::Container<T>'
                 with
                 [
                     T=double
                 ]
                 c:\users\elleri\documents\programs\test\engian\engian.engine\containers_lib\utilcontainer.h(100) : see declaration of 'Util::Container<T>::m_implementations'
                 with
                 [
                     T=double
                 ]
     1>c:\users\elleri\documents\programs\test\engian\engian.engine\engian.test\engian.test\testutilunsafevector.cpp(105): error C2248: 'Util::Vector<T>::m_array' : cannot access protected member declared in class 'Util::Vector<T>'
                 with
                 [
                     T=double
                 ]
                 c:\users\elleri\documents\programs\test\engian\engian.engine\containers_lib\utilvector.h(139) : see declaration of 'Util::Vector<T>::m_array'
                 with
                 [
                     T=double
                 ]
     1>c:\users\elleri\documents\programs\test\engian\engian.engine\engian.test\engian.test\testutilunsafevector.cpp(107): warning C4003: not enough actual parameters for macro 'DEBUG_FUNC_CHECK'
     1>c:\users\elleri\documents\programs\test\engian\engian.engine\engian.test\engian.test\testutilunsafevector.cpp(107): error C2039: 's_functionTracker' : is not a member of '`global namespace''
     1>c:\users\elleri\documents\programs\test\engian\engian.engine\engian.test\engian.test\testutilunsafevector.cpp(107): error C2146: syntax error : missing ')' before identifier 's_functionTracker'
     1>c:\users\elleri\documents\programs\test\engian\engian.engine\engian.test\engian.test\testutilunsafevector.cpp(107): error C2059: syntax error : ')'
     1>c:\users\elleri\documents\programs\test\engian\engian.engine\engian.test\engian.test\testutilunsafevector.cpp(125): error C2248: 'Util::Vector<T>::m_capacity' : cannot access protected member declared in class 'Util::Vector<T>'
                 with
                 [
                     T=float
                 ]
                 c:\users\elleri\documents\programs\test\engian\engian.engine\containers_lib\utilvector.h(138) : see declaration of 'Util::Vector<T>::m_capacity'
                 with
                 [
                     T=float
                 ]
                 c:\users\elleri\documents\programs\test\engian\engian.engine\containers_lib\utilvector.h(138) : see declaration of 'Util::Vector<T>::m_capacity'
                 with
                 [
                     T=float
                 ]
     1>c:\users\elleri\documents\programs\test\engian\engian.engine\engian.test\engian.test\testutilunsafevector.cpp(126): error C2249: 'Util::Container<T>::m_size' : no accessible path to protected member declared in virtual base 'Util::Container<T>'
                 with
                 [
                     T=float
                 ]
                 c:\users\elleri\documents\programs\test\engian\engian.engine\containers_lib\utilcontainer.h(99) : see declaration of 'Util::Container<T>::m_size'
                 with
                 [
                     T=float
                 ]
                 c:\users\elleri\documents\programs\test\engian\engian.engine\containers_lib\utilcontainer.h(99) : see declaration of 'Util::Container<T>::m_size'
                 with
                 [
                     T=float
                 ]
     1>c:\users\elleri\documents\programs\test\engian\engian.engine\engian.test\engian.test\testutilunsafevector.cpp(127): error C2248: 'Util::Vector<T>::m_array' : cannot access protected member declared in class 'Util::Vector<T>'
                 with
                 [
                     T=float
                 ]
                 c:\users\elleri\documents\programs\test\engian\engian.engine\containers_lib\utilvector.h(139) : see declaration of 'Util::Vector<T>::m_array'
                 with
                 [
                     T=float
                 ]
                 c:\users\elleri\documents\programs\test\engian\engian.engine\containers_lib\utilvector.h(139) : see declaration of 'Util::Vector<T>::m_array'
                 with
                 [
                     T=float
                 ]
                 c:\users\elleri\documents\programs\test\engian\engian.engine\containers_lib\utilvector.h(139) : see declaration of 'Util::Vector<T>::m_array'
                 with
                 [
                     T=float
                 ]
     1>c:\users\elleri\documents\programs\test\engian\engian.engine\engian.test\engian.test\testutilunsafevector.cpp(128): error C2249: 'Util::Container<T>::m_implementations' : no accessible path to protected member declared in virtual base 'Util::Container<T>'
                 with
                 [
                     T=float
                 ]
                 c:\users\elleri\documents\programs\test\engian\engian.engine\containers_lib\utilcontainer.h(100) : see declaration of 'Util::Container<T>::m_implementations'
                 with
                 [
                     T=float
                 ]
     1>c:\users\elleri\documents\programs\test\engian\engian.engine\engian.test\engian.test\testutilunsafevector.cpp(130): error C2249: 'Util::Container<T>::m_size' : no accessible path to protected member declared in virtual base 'Util::Container<T>'
                 with
                 [
                     T=float
                 ]
                 c:\users\elleri\documents\programs\test\engian\engian.engine\containers_lib\utilcontainer.h(99) : see declaration of 'Util::Container<T>::m_size'
                 with
                 [
                     T=float
                 ]
     1>c:\users\elleri\documents\programs\test\engian\engian.engine\engian.test\engian.test\testutilunsafevector.cpp(131): error C2248: 'Util::Vector<T>::m_array' : cannot access protected member declared in class 'Util::Vector<T>'
                 with
                 [
                     T=float
                 ]
                 c:\users\elleri\documents\programs\test\engian\engian.engine\containers_lib\utilvector.h(139) : see declaration of 'Util::Vector<T>::m_array'
                 with
                 [
                     T=float
                 ]
                 c:\users\elleri\documents\programs\test\engian\engian.engine\containers_lib\utilvector.h(139) : see declaration of 'Util::Vector<T>::m_array'
                 with
                 [
                     T=float
                 ]
     1>c:\users\elleri\documents\programs\test\engian\engian.engine\engian.test\engian.test\testutilunsafevector.cpp(133): warning C4003: not enough actual parameters for macro 'DEBUG_FUNC_CHECK'
     1>c:\users\elleri\documents\programs\test\engian\engian.engine\engian.test\engian.test\testutilunsafevector.cpp(133): error C2039: 's_functionTracker' : is not a member of '`global namespace''
     1>c:\users\elleri\documents\programs\test\engian\engian.engine\engian.test\engian.test\testutilunsafevector.cpp(133): error C2146: syntax error : missing ')' before identifier 's_functionTracker'
     1>c:\users\elleri\documents\programs\test\engian\engian.engine\engian.test\engian.test\testutilunsafevector.cpp(133): error C2059: syntax error : ')'
     1>c:\users\elleri\documents\programs\test\engian\engian.engine\engian.test\engian.test\testutilunsafevector.cpp(156): error C2249: 'Util::Container<T>::m_size' : no accessible path to protected member declared in virtual base 'Util::Container<T>'
                 with
                 [
                     T=short
                 ]
                 c:\users\elleri\documents\programs\test\engian\engian.engine\containers_lib\utilcontainer.h(99) : see declaration of 'Util::Container<T>::m_size'
                 with
                 [
                     T=short
                 ]
     1>c:\users\elleri\documents\programs\test\engian\engian.engine\engian.test\engian.test\testutilunsafevector.cpp(159): error C2248: 'Util::Vector<T>::m_array' : cannot access protected member declared in class 'Util::Vector<T>'
                 with
                 [
                     T=short
                 ]
                 c:\users\elleri\documents\programs\test\engian\engian.engine\containers_lib\utilvector.h(139) : see declaration of 'Util::Vector<T>::m_array'
                 with
                 [
                     T=short
                 ]
     1>c:\users\elleri\documents\programs\test\engian\engian.engine\engian.test\engian.test\testutilunsafevector.cpp(161): warning C4003: not enough actual parameters for macro 'DEBUG_FUNC_CHECK'
     1>c:\users\elleri\documents\programs\test\engian\engian.engine\engian.test\engian.test\testutilunsafevector.cpp(161): error C2039: 's_functionTracker' : is not a member of '`global namespace''
     1>c:\users\elleri\documents\programs\test\engian\engian.engine\engian.test\engian.test\testutilunsafevector.cpp(161): error C2146: syntax error : missing ')' before identifier 's_functionTracker'
     1>c:\users\elleri\documents\programs\test\engian\engian.engine\engian.test\engian.test\testutilunsafevector.cpp(161): error C2059: syntax error : ')'
     1>c:\users\elleri\documents\programs\test\engian\engian.engine\engian.test\engian.test\testutilunsafevector.cpp(182): error C2248: 'Util::Vector<T>::m_capacity' : cannot access protected member declared in class 'Util::Vector<T>'
                 with
                 [
                     T=double
                 ]
                 c:\users\elleri\documents\programs\test\engian\engian.engine\containers_lib\utilvector.h(138) : see declaration of 'Util::Vector<T>::m_capacity'
                 with
                 [
                     T=double
                 ]
     1>c:\users\elleri\documents\programs\test\engian\engian.engine\engian.test\engian.test\testutilunsafevector.cpp(183): error C2249: 'Util::Container<T>::m_size' : no accessible path to protected member declared in virtual base 'Util::Container<T>'
                 with
                 [
                     T=double
                 ]
                 c:\users\elleri\documents\programs\test\engian\engian.engine\containers_lib\utilcontainer.h(99) : see declaration of 'Util::Container<T>::m_size'
                 with
                 [
                     T=double
                 ]
     1>c:\users\elleri\documents\programs\test\engian\engian.engine\engian.test\engian.test\testutilunsafevector.cpp(184): error C2248: 'Util::Vector<T>::m_array' : cannot access protected member declared in class 'Util::Vector<T>'
                 with
                 [
                     T=double
                 ]
                 c:\users\elleri\documents\programs\test\engian\engian.engine\containers_lib\utilvector.h(139) : see declaration of 'Util::Vector<T>::m_array'
                 with
                 [
                     T=double
                 ]
     1>c:\users\elleri\documents\programs\test\engian\engian.engine\engian.test\engian.test\testutilunsafevector.cpp(185): error C2249: 'Util::Container<T>::m_implementations' : no accessible path to protected member declared in virtual base 'Util::Container<T>'
                 with
                 [
                     T=double
                 ]
                 c:\users\elleri\documents\programs\test\engian\engian.engine\containers_lib\utilcontainer.h(100) : see declaration of 'Util::Container<T>::m_implementations'
                 with
                 [
                     T=double
                 ]
     1>c:\users\elleri\documents\programs\test\engian\engian.engine\engian.test\engian.test\testutilunsafevector.cpp(188): error C2248: 'Util::Vector<T>::m_array' : cannot access protected member declared in class 'Util::Vector<T>'
                 with
                 [
                     T=double
                 ]
                 c:\users\elleri\documents\programs\test\engian\engian.engine\containers_lib\utilvector.h(139) : see declaration of 'Util::Vector<T>::m_array'
                 with
                 [
                     T=double
                 ]
     1>c:\users\elleri\documents\programs\test\engian\engian.engine\engian.test\engian.test\testutilunsafevector.cpp(190): warning C4003: not enough actual parameters for macro 'DEBUG_FUNC_CHECK'
     1>c:\users\elleri\documents\programs\test\engian\engian.engine\engian.test\engian.test\testutilunsafevector.cpp(190): error C2039: 's_functionTracker' : is not a member of '`global namespace''
     1>c:\users\elleri\documents\programs\test\engian\engian.engine\engian.test\engian.test\testutilunsafevector.cpp(190): error C2146: syntax error : missing ')' before identifier 's_functionTracker'
     1>c:\users\elleri\documents\programs\test\engian\engian.engine\engian.test\engian.test\testutilunsafevector.cpp(190): error C2059: syntax error : ')'
     1>c:\users\elleri\documents\programs\test\engian\engian.engine\engian.test\engian.test\testutilunsafevector.cpp(212): error C2248: 'Util::Vector<T>::m_capacity' : cannot access protected member declared in class 'Util::Vector<T>'
                 with
                 [
                     T=char
                 ]
                 c:\users\elleri\documents\programs\test\engian\engian.engine\containers_lib\utilvector.h(138) : see declaration of 'Util::Vector<T>::m_capacity'
                 with
                 [
                     T=char
                 ]
     1>c:\users\elleri\documents\programs\test\engian\engian.engine\engian.test\engian.test\testutilunsafevector.cpp(213): error C2249: 'Util::Container<T>::m_size' : no accessible path to protected member declared in virtual base 'Util::Container<T>'
                 with
                 [
                     T=char
                 ]
                 c:\users\elleri\documents\programs\test\engian\engian.engine\containers_lib\utilcontainer.h(99) : see declaration of 'Util::Container<T>::m_size'
                 with
                 [
                     T=char
                 ]
     1>c:\users\elleri\documents\programs\test\engian\engian.engine\engian.test\engian.test\testutilunsafevector.cpp(214): error C2248: 'Util::Vector<T>::m_array' : cannot access protected member declared in class 'Util::Vector<T>'
                 with
                 [
                     T=char
                 ]
                 c:\users\elleri\documents\programs\test\engian\engian.engine\containers_lib\utilvector.h(139) : see declaration of 'Util::Vector<T>::m_array'
                 with
                 [
                     T=char
                 ]
     1>c:\users\elleri\documents\programs\test\engian\engian.engine\engian.test\engian.test\testutilunsafevector.cpp(215): error C2249: 'Util::Container<T>::m_implementations' : no accessible path to protected member declared in virtual base 'Util::Container<T>'
                 with
                 [
                     T=char
                 ]
                 c:\users\elleri\documents\programs\test\engian\engian.engine\containers_lib\utilcontainer.h(100) : see declaration of 'Util::Container<T>::m_implementations'
                 with
                 [
                     T=char
                 ]
     1>c:\users\elleri\documents\programs\test\engian\engian.engine\engian.test\engian.test\testutilunsafevector.cpp(218): error C2248: 'Util::Vector<T>::m_array' : cannot access protected member declared in class 'Util::Vector<T>'
                 with
                 [
                     T=char
                 ]
                 c:\users\elleri\documents\programs\test\engian\engian.engine\containers_lib\utilvector.h(139) : see declaration of 'Util::Vector<T>::m_array'
                 with
                 [
                     T=char
                 ]
     1>c:\users\elleri\documents\programs\test\engian\engian.engine\engian.test\engian.test\testutilunsafevector.cpp(220): warning C4003: not enough actual parameters for macro 'DEBUG_FUNC_CHECK'
     1>c:\users\elleri\documents\programs\test\engian\engian.engine\engian.test\engian.test\testutilunsafevector.cpp(220): error C2039: 's_functionTracker' : is not a member of '`global namespace''
     1>c:\users\elleri\documents\programs\test\engian\engian.engine\engian.test\engian.test\testutilunsafevector.cpp(220): error C2146: syntax error : missing ')' before identifier 's_functionTracker'
     1>c:\users\elleri\documents\programs\test\engian\engian.engine\engian.test\engian.test\testutilunsafevector.cpp(220): error C2059: syntax error : ')'
     1>c:\users\elleri\documents\programs\test\engian\engian.engine\engian.test\engian.test\testutilunsafevector.cpp(242): error C2248: 'Util::Vector<T>::m_capacity' : cannot access protected member declared in class 'Util::Vector<T>'
                 with
                 [
                     T=int
                 ]
                 c:\users\elleri\documents\programs\test\engian\engian.engine\containers_lib\utilvector.h(138) : see declaration of 'Util::Vector<T>::m_capacity'
                 with
                 [
                     T=int
                 ]
                 c:\users\elleri\documents\programs\test\engian\engian.engine\containers_lib\utilvector.h(138) : see declaration of 'Util::Vector<T>::m_capacity'
                 with
                 [
                     T=int
                 ]
     1>c:\users\elleri\documents\programs\test\engian\engian.engine\engian.test\engian.test\testutilunsafevector.cpp(243): error C2249: 'Util::Container<T>::m_size' : no accessible path to protected member declared in virtual base 'Util::Container<T>'
                 with
                 [
                     T=int
                 ]
                 c:\users\elleri\documents\programs\test\engian\engian.engine\containers_lib\utilcontainer.h(99) : see declaration of 'Util::Container<T>::m_size'
                 with
                 [
                     T=int
                 ]
                 c:\users\elleri\documents\programs\test\engian\engian.engine\containers_lib\utilcontainer.h(99) : see declaration of 'Util::Container<T>::m_size'
                 with
                 [
                     T=int
                 ]
     1>c:\users\elleri\documents\programs\test\engian\engian.engine\engian.test\engian.test\testutilunsafevector.cpp(244): error C2248: 'Util::Vector<T>::m_array' : cannot access protected member declared in class 'Util::Vector<T>'
                 with
                 [
                     T=int
                 ]
                 c:\users\elleri\documents\programs\test\engian\engian.engine\containers_lib\utilvector.h(139) : see declaration of 'Util::Vector<T>::m_array'
                 with
                 [
                     T=int
                 ]
                 c:\users\elleri\documents\programs\test\engian\engian.engine\containers_lib\utilvector.h(139) : see declaration of 'Util::Vector<T>::m_array'
                 with
                 [
                     T=int
                 ]
     1>c:\users\elleri\documents\programs\test\engian\engian.engine\engian.test\engian.test\testutilunsafevector.cpp(245): error C2249: 'Util::Container<T>::m_implementations' : no accessible path to protected member declared in virtual base 'Util::Container<T>'
                 with
                 [
                     T=int
                 ]
                 c:\users\elleri\documents\programs\test\engian\engian.engine\containers_lib\utilcontainer.h(100) : see declaration of 'Util::Container<T>::m_implementations'
                 with
                 [
                     T=int
                 ]
     1>c:\users\elleri\documents\programs\test\engian\engian.engine\engian.test\engian.test\testutilunsafevector.cpp(248): error C2248: 'Util::Vector<T>::m_array' : cannot access protected member declared in class 'Util::Vector<T>'
                 with
                 [
                     T=int
                 ]
                 c:\users\elleri\documents\programs\test\engian\engian.engine\containers_lib\utilvector.h(139) : see declaration of 'Util::Vector<T>::m_array'
                 with
                 [
                     T=int
                 ]
                 c:\users\elleri\documents\programs\test\engian\engian.engine\containers_lib\utilvector.h(139) : see declaration of 'Util::Vector<T>::m_array'
                 with
                 [
                     T=int
                 ]
     1>c:\users\elleri\documents\programs\test\engian\engian.engine\engian.test\engian.test\testutilunsafevector.cpp(250): warning C4003: not enough actual parameters for macro 'DEBUG_FUNC_CHECK'
     1>c:\users\elleri\documents\programs\test\engian\engian.engine\engian.test\engian.test\testutilunsafevector.cpp(250): error C2039: 's_functionTracker' : is not a member of '`global namespace''
     1>c:\users\elleri\documents\programs\test\engian\engian.engine\engian.test\engian.test\testutilunsafevector.cpp(250): error C2146: syntax error : missing ')' before identifier 's_functionTracker'
     1>c:\users\elleri\documents\programs\test\engian\engian.engine\engian.test\engian.test\testutilunsafevector.cpp(250): error C2059: syntax error : ')'
     1>c:\users\elleri\documents\programs\test\engian\engian.engine\engian.test\engian.test\testutilunsafevector.cpp(273): error C2249: 'Util::Container<T>::m_size' : no accessible path to protected member declared in virtual base 'Util::Container<T>'
                 with
                 [
                     T=int
                 ]
                 c:\users\elleri\documents\programs\test\engian\engian.engine\containers_lib\utilcontainer.h(99) : see declaration of 'Util::Container<T>::m_size'
                 with
                 [
                     T=int
                 ]
                 c:\users\elleri\documents\programs\test\engian\engian.engine\containers_lib\utilcontainer.h(99) : see declaration of 'Util::Container<T>::m_size'
                 with
                 [
                     T=int
                 ]
     1>c:\users\elleri\documents\programs\test\engian\engian.engine\engian.test\engian.test\testutilunsafevector.cpp(274): error C2249: 'Util::Container<T>::m_implementations' : no accessible path to protected member declared in virtual base 'Util::Container<T>'
                 with
                 [
                     T=int
                 ]
                 c:\users\elleri\documents\programs\test\engian\engian.engine\containers_lib\utilcontainer.h(100) : see declaration of 'Util::Container<T>::m_implementations'
                 with
                 [
                     T=int
                 ]
     1>c:\users\elleri\documents\programs\test\engian\engian.engine\engian.test\engian.test\testutilunsafevector.cpp(285): warning C4003: not enough actual parameters for macro 'DEBUG_FUNC_CHECK'
     1>c:\users\elleri\documents\programs\test\engian\engian.engine\engian.test\engian.test\testutilunsafevector.cpp(285): error C2039: 's_functionTracker' : is not a member of '`global namespace''
     1>c:\users\elleri\documents\programs\test\engian\engian.engine\engian.test\engian.test\testutilunsafevector.cpp(285): error C2146: syntax error : missing ')' before identifier 's_functionTracker'
     1>c:\users\elleri\documents\programs\test\engian\engian.engine\engian.test\engian.test\testutilunsafevector.cpp(285): error C2059: syntax error : ')'
         testUtilString.cpp
     1>c:\users\elleri\documents\programs\test\engian\engian.engine\containers_lib\utilvector.h(18): error C2272: 'dbgGet_c_defaultCapacity' : modifiers not allowed on static member functions
                 c:\users\elleri\documents\programs\test\engian\engian.engine\containers_lib\utilvector.h(140) : see reference to class template instantiation 'Util::Vector<T>' being compiled
     1>c:\users\elleri\documents\programs\test\engian\engian.engine\containers_lib\utilvector.h(19): error C2272: 'dbgGet_c_growMultiplier' : modifiers not allowed on static member functions
     1>c:\users\elleri\documents\programs\test\engian\engian.engine\engian.test\engian.test\testutilstring.cpp(54): error C2248: 'Util::Vector<T>::m_capacity' : cannot access protected member declared in class 'Util::Vector<T>'
                 with
                 [
                     T=char
                 ]
                 c:\users\elleri\documents\programs\test\engian\engian.engine\containers_lib\utilvector.h(138) : see declaration of 'Util::Vector<T>::m_capacity'
                 with
                 [
                     T=char
                 ]
     1>c:\users\elleri\documents\programs\test\engian\engian.engine\engian.test\engian.test\testutilstring.cpp(54): error C2248: 'Util::Vector<T>::c_defaultCapacity' : cannot access protected member declared in class 'Util::Vector<T>'
                 with
                 [
                     T=char
                 ]
                 c:\users\elleri\documents\programs\test\engian\engian.engine\containers_lib\utilvector.h(136) : see declaration of 'Util::Vector<T>::c_defaultCapacity'
                 with
                 [
                     T=char
                 ]
     1>c:\users\elleri\documents\programs\test\engian\engian.engine\engian.test\engian.test\testutilstring.cpp(55): error C3861: 'UnitTestChass': identifier not found
     1>c:\users\elleri\documents\programs\test\engian\engian.engine\engian.test\engian.test\testutilstring.cpp(56): warning C4003: not enough actual parameters for macro 'DEBUG_FUNC_CHECK'
     1>c:\users\elleri\documents\programs\test\engian\engian.engine\engian.test\engian.test\testutilstring.cpp(56): error C2039: 's_functionTracker' : is not a member of '`global namespace''
     1>c:\users\elleri\documents\programs\test\engian\engian.engine\engian.test\engian.test\testutilstring.cpp(56): error C2146: syntax error : missing ')' before identifier 's_functionTracker'
     1>c:\users\elleri\documents\programs\test\engian\engian.engine\engian.test\engian.test\testutilstring.cpp(56): error C2059: syntax error : ')'
     1>c:\users\elleri\documents\programs\test\engian\engian.engine\engian.test\engian.test\testutilstring.cpp(72): error C2248: 'Util::Vector<T>::m_capacity' : cannot access protected member declared in class 'Util::Vector<T>'
                 with
                 [
                     T=char
                 ]
                 c:\users\elleri\documents\programs\test\engian\engian.engine\containers_lib\utilvector.h(138) : see declaration of 'Util::Vector<T>::m_capacity'
                 with
                 [
                     T=char
                 ]
     1>c:\users\elleri\documents\programs\test\engian\engian.engine\engian.test\engian.test\testutilstring.cpp(73): error C3861: 'TestUtilString_Helper_CheckStringAgainstArray': identifier not found
     1>c:\users\elleri\documents\programs\test\engian\engian.engine\engian.test\engian.test\testutilstring.cpp(74): warning C4003: not enough actual parameters for macro 'DEBUG_FUNC_CHECK'
     1>c:\users\elleri\documents\programs\test\engian\engian.engine\engian.test\engian.test\testutilstring.cpp(74): error C2039: 's_functionTracker' : is not a member of '`global namespace''
     1>c:\users\elleri\documents\programs\test\engian\engian.engine\engian.test\engian.test\testutilstring.cpp(74): error C2146: syntax error : missing ')' before identifier 's_functionTracker'
     1>c:\users\elleri\documents\programs\test\engian\engian.engine\engian.test\engian.test\testutilstring.cpp(74): error C2059: syntax error : ')'
     1>c:\users\elleri\documents\programs\test\engian\engian.engine\engian.test\engian.test\testutilstring.cpp(91): error C3861: 'TestUtilString_Helper_CheckStringAgainstArray': identifier not found
     1>c:\users\elleri\documents\programs\test\engian\engian.engine\engian.test\engian.test\testutilstring.cpp(92): warning C4003: not enough actual parameters for macro 'DEBUG_FUNC_CHECK'
     1>c:\users\elleri\documents\programs\test\engian\engian.engine\engian.test\engian.test\testutilstring.cpp(92): error C2039: 's_functionTracker' : is not a member of '`global namespace''
     1>c:\users\elleri\documents\programs\test\engian\engian.engine\engian.test\engian.test\testutilstring.cpp(92): error C2146: syntax error : missing ')' before identifier 's_functionTracker'
     1>c:\users\elleri\documents\programs\test\engian\engian.engine\engian.test\engian.test\testutilstring.cpp(92): error C2059: syntax error : ')'
     1>c:\users\elleri\documents\programs\test\engian\engian.engine\engian.test\engian.test\testutilstring.cpp(108): error C3861: 'TestUtilString_Helper_CheckStringAgainstArray': identifier not found
     1>c:\users\elleri\documents\programs\test\engian\engian.engine\engian.test\engian.test\testutilstring.cpp(109): warning C4003: not enough actual parameters for macro 'DEBUG_FUNC_CHECK'
     1>c:\users\elleri\documents\programs\test\engian\engian.engine\engian.test\engian.test\testutilstring.cpp(109): error C2039: 's_functionTracker' : is not a member of '`global namespace''
     1>c:\users\elleri\documents\programs\test\engian\engian.engine\engian.test\engian.test\testutilstring.cpp(109): error C2146: syntax error : missing ')' before identifier 's_functionTracker'
     1>c:\users\elleri\documents\programs\test\engian\engian.engine\engian.test\engian.test\testutilstring.cpp(109): error C2059: syntax error : ')'
     1>c:\users\elleri\documents\programs\test\engian\engian.engine\engian.test\engian.test\testutilstring.cpp(128): error C3861: 'TestUtilString_Helper_CheckStringAgainstContainer': identifier not found
     1>c:\users\elleri\documents\programs\test\engian\engian.engine\engian.test\engian.test\testutilstring.cpp(129): warning C4003: not enough actual parameters for macro 'DEBUG_FUNC_CHECK'
     1>c:\users\elleri\documents\programs\test\engian\engian.engine\engian.test\engian.test\testutilstring.cpp(129): error C2039: 's_functionTracker' : is not a member of '`global namespace''
     1>c:\users\elleri\documents\programs\test\engian\engian.engine\engian.test\engian.test\testutilstring.cpp(129): error C2146: syntax error : missing ')' before identifier 's_functionTracker'
     1>c:\users\elleri\documents\programs\test\engian\engian.engine\engian.test\engian.test\testutilstring.cpp(129): error C2059: syntax error : ')'
     1>c:\users\elleri\documents\programs\test\engian\engian.engine\engian.test\engian.test\testutilstring.cpp(147): error C2248: 'Util::Vector<T>::m_capacity' : cannot access protected member declared in class 'Util::Vector<T>'
                 with
                 [
                     T=char
                 ]
                 c:\users\elleri\documents\programs\test\engian\engian.engine\containers_lib\utilvector.h(138) : see declaration of 'Util::Vector<T>::m_capacity'
                 with
                 [
                     T=char
                 ]
                 c:\users\elleri\documents\programs\test\engian\engian.engine\containers_lib\utilvector.h(138) : see declaration of 'Util::Vector<T>::m_capacity'
                 with
                 [
                     T=char
                 ]
     1>c:\users\elleri\documents\programs\test\engian\engian.engine\engian.test\engian.test\testutilstring.cpp(148): error C2249: 'Util::Container<T>::m_size' : no accessible path to protected member declared in virtual base 'Util::Container<T>'
                 with
                 [
                     T=char
                 ]
                 c:\users\elleri\documents\programs\test\engian\engian.engine\containers_lib\utilcontainer.h(99) : see declaration of 'Util::Container<T>::m_size'
                 with
                 [
                     T=char
                 ]
                 c:\users\elleri\documents\programs\test\engian\engian.engine\containers_lib\utilcontainer.h(99) : see declaration of 'Util::Container<T>::m_size'
                 with
                 [
                     T=char
                 ]
     1>c:\users\elleri\documents\programs\test\engian\engian.engine\engian.test\engian.test\testutilstring.cpp(149): error C2248: 'Util::Vector<T>::m_array' : cannot access protected member declared in class 'Util::Vector<T>'
                 with
                 [
                     T=char
                 ]
                 c:\users\elleri\documents\programs\test\engian\engian.engine\containers_lib\utilvector.h(139) : see declaration of 'Util::Vector<T>::m_array'
                 with
                 [
                     T=char
                 ]
     1>c:\users\elleri\documents\programs\test\engian\engian.engine\engian.test\engian.test\testutilstring.cpp(149): error C3861: 'TestUtilString_Helper_CheckStringAgainstArray': identifier not found
     1>c:\users\elleri\documents\programs\test\engian\engian.engine\engian.test\engian.test\testutilstring.cpp(150): warning C4003: not enough actual parameters for macro 'DEBUG_FUNC_CHECK'
     1>c:\users\elleri\documents\programs\test\engian\engian.engine\engian.test\engian.test\testutilstring.cpp(150): error C2039: 's_functionTracker' : is not a member of '`global namespace''
     1>c:\users\elleri\documents\programs\test\engian\engian.engine\engian.test\engian.test\testutilstring.cpp(150): error C2146: syntax error : missing ')' before identifier 's_functionTracker'
     1>c:\users\elleri\documents\programs\test\engian\engian.engine\engian.test\engian.test\testutilstring.cpp(150): error C2059: syntax error : ')'
     1>c:\users\elleri\documents\programs\test\engian\engian.engine\engian.test\engian.test\testutilstring.cpp(170): error C3861: 'TestUtilString_Helper_CheckStringAgainstArray': identifier not found
     1>c:\users\elleri\documents\programs\test\engian\engian.engine\engian.test\engian.test\testutilstring.cpp(171): warning C4003: not enough actual parameters for macro 'DEBUG_FUNC_CHECK'
     1>c:\users\elleri\documents\programs\test\engian\engian.engine\engian.test\engian.test\testutilstring.cpp(171): error C2039: 's_functionTracker' : is not a member of '`global namespace''
     1>c:\users\elleri\documents\programs\test\engian\engian.engine\engian.test\engian.test\testutilstring.cpp(171): error C2146: syntax error : missing ')' before identifier 's_functionTracker'
     1>c:\users\elleri\documents\programs\test\engian\engian.engine\engian.test\engian.test\testutilstring.cpp(171): error C2059: syntax error : ')'
     1>c:\users\elleri\documents\programs\test\engian\engian.engine\engian.test\engian.test\testutilstring.cpp(206): error C2248: 'Util::Vector<T>::m_array' : cannot access protected member declared in class 'Util::Vector<T>'
                 with
                 [
                     T=char
                 ]
                 c:\users\elleri\documents\programs\test\engian\engian.engine\containers_lib\utilvector.h(139) : see declaration of 'Util::Vector<T>::m_array'
                 with
                 [
                     T=char
                 ]
     1>c:\users\elleri\documents\programs\test\engian\engian.engine\engian.test\engian.test\testutilstring.cpp(206): error C2249: 'Util::Container<T>::m_size' : no accessible path to protected member declared in virtual base 'Util::Container<T>'
                 with
                 [
                     T=char
                 ]
                 c:\users\elleri\documents\programs\test\engian\engian.engine\containers_lib\utilcontainer.h(99) : see declaration of 'Util::Container<T>::m_size'
                 with
                 [
                     T=char
                 ]
     1>c:\users\elleri\documents\programs\test\engian\engian.engine\engian.test\engian.test\testutilstring.cpp(206): error C3861: 'TestUtilString_Helper_CheckStringAgainstArray': identifier not found
     1>c:\users\elleri\documents\programs\test\engian\engian.engine\engian.test\engian.test\testutilstring.cpp(207): warning C4003: not enough actual parameters for macro 'DEBUG_FUNC_CHECK'
     1>c:\users\elleri\documents\programs\test\engian\engian.engine\engian.test\engian.test\testutilstring.cpp(207): error C2039: 's_functionTracker' : is not a member of '`global namespace''
     1>c:\users\elleri\documents\programs\test\engian\engian.engine\engian.test\engian.test\testutilstring.cpp(207): error C2146: syntax error : missing ')' before identifier 's_functionTracker'
     1>c:\users\elleri\documents\programs\test\engian\engian.engine\engian.test\engian.test\testutilstring.cpp(207): error C2059: syntax error : ')'
     1>c:\users\elleri\documents\programs\test\engian\engian.engine\engian.test\engian.test\testutilstring.cpp(227): error C3861: 'TestUtilString_Helper_CheckStringAgainstArray': identifier not found
     1>c:\users\elleri\documents\programs\test\engian\engian.engine\engian.test\engian.test\testutilstring.cpp(228): warning C4003: not enough actual parameters for macro 'DEBUG_FUNC_CHECK'
     1>c:\users\elleri\documents\programs\test\engian\engian.engine\engian.test\engian.test\testutilstring.cpp(228): error C2039: 's_functionTracker' : is not a member of '`global namespace''
     1>c:\users\elleri\documents\programs\test\engian\engian.engine\engian.test\engian.test\testutilstring.cpp(228): error C2146: syntax error : missing ')' before identifier 's_functionTracker'
     1>c:\users\elleri\documents\programs\test\engian\engian.engine\engian.test\engian.test\testutilstring.cpp(228): error C2059: syntax error : ')'
     1>c:\users\elleri\documents\programs\test\engian\engian.engine\engian.test\engian.test\testutilstring.cpp(248): error C3861: 'TestUtilString_Helper_CheckStringAgainstArray': identifier not found
     1>c:\users\elleri\documents\programs\test\engian\engian.engine\engian.test\engian.test\testutilstring.cpp(249): warning C4003: not enough actual parameters for macro 'DEBUG_FUNC_CHECK'
     1>c:\users\elleri\documents\programs\test\engian\engian.engine\engian.test\engian.test\testutilstring.cpp(249): error C2039: 's_functionTracker' : is not a member of '`global namespace''
     1>c:\users\elleri\documents\programs\test\engian\engian.engine\engian.test\engian.test\testutilstring.cpp(249): error C2146: syntax error : missing ')' before identifier 's_functionTracker'
     1>c:\users\elleri\documents\programs\test\engian\engian.engine\engian.test\engian.test\testutilstring.cpp(249): error C2059: syntax error : ')'
     1>c:\users\elleri\documents\programs\test\engian\engian.engine\engian.test\engian.test\testutilstring.cpp(269): error C3861: 'TestUtilString_Helper_CheckStringAgainstArray': identifier not found
     1>c:\users\elleri\documents\programs\test\engian\engian.engine\engian.test\engian.test\testutilstring.cpp(272): warning C4003: not enough actual parameters for macro 'DEBUG_FUNC_CHECK'
     1>c:\users\elleri\documents\programs\test\engian\engian.engine\engian.test\engian.test\testutilstring.cpp(272): error C2039: 's_functionTracker' : is not a member of '`global namespace''
     1>c:\users\elleri\documents\programs\test\engian\engian.engine\engian.test\engian.test\testutilstring.cpp(272): error C2146: syntax error : missing ')' before identifier 's_functionTracker'
     1>c:\users\elleri\documents\programs\test\engian\engian.engine\engian.test\engian.test\testutilstring.cpp(272): error C2059: syntax error : ')'
     1>c:\users\elleri\documents\programs\test\engian\engian.engine\engian.test\engian.test\testutilstring.cpp(293): warning C4003: not enough actual parameters for macro 'DEBUG_FUNC_CHECK'
     1>c:\users\elleri\documents\programs\test\engian\engian.engine\engian.test\engian.test\testutilstring.cpp(293): error C2039: 's_functionTracker' : is not a member of '`global namespace''
     1>c:\users\elleri\documents\programs\test\engian\engian.engine\engian.test\engian.test\testutilstring.cpp(293): error C2146: syntax error : missing ')' before identifier 's_functionTracker'
     1>c:\users\elleri\documents\programs\test\engian\engian.engine\engian.test\engian.test\testutilstring.cpp(293): error C2059: syntax error : ')'
     1>c:\users\elleri\documents\programs\test\engian\engian.engine\engian.test\engian.test\testutilstring.cpp(316): error C2039: 's_functionTracker' : is not a member of '`global namespace''
     1>c:\users\elleri\documents\programs\test\engian\engian.engine\engian.test\engian.test\testutilstring.cpp(316): error C2146: syntax error : missing ')' before identifier 's_functionTracker'
     1>c:\users\elleri\documents\programs\test\engian\engian.engine\engian.test\engian.test\testutilstring.cpp(316): error C2059: syntax error : ')'
     1>c:\users\elleri\documents\programs\test\engian\engian.engine\engian.test\engian.test\testutilstring.cpp(322): error C2039: 's_functionTracker' : is not a member of '`global namespace''
     1>c:\users\elleri\documents\programs\test\engian\engian.engine\engian.test\engian.test\testutilstring.cpp(322): error C2146: syntax error : missing ')' before identifier 's_functionTracker'
     1>c:\users\elleri\documents\programs\test\engian\engian.engine\engian.test\engian.test\testutilstring.cpp(322): error C2059: syntax error : ')'
     1>c:\users\elleri\documents\programs\test\engian\engian.engine\engian.test\engian.test\testutilstring.cpp(326): error C2039: 's_functionTracker' : is not a member of '`global namespace''
     1>c:\users\elleri\documents\programs\test\engian\engian.engine\engian.test\engian.test\testutilstring.cpp(326): error C2146: syntax error : missing ')' before identifier 's_functionTracker'
     1>c:\users\elleri\documents\programs\test\engian\engian.engine\engian.test\engian.test\testutilstring.cpp(326): error C2059: syntax error : ')'
     1>c:\users\elleri\documents\programs\test\engian\engian.engine\engian.test\engian.test\testutilstring.cpp(336): error C2039: 's_functionTracker' : is not a member of '`global namespace''
     1>c:\users\elleri\documents\programs\test\engian\engian.engine\engian.test\engian.test\testutilstring.cpp(336): error C2146: syntax error : missing ')' before identifier 's_functionTracker'
     1>c:\users\elleri\documents\programs\test\engian\engian.engine\engian.test\engian.test\testutilstring.cpp(336): error C2059: syntax error : ')'
     1>c:\users\elleri\documents\programs\test\engian\engian.engine\engian.test\engian.test\testutilstring.cpp(351): error C2039: 's_functionTracker' : is not a member of '`global namespace''
     1>c:\users\elleri\documents\programs\test\engian\engian.engine\engian.test\engian.test\testutilstring.cpp(351): error C2146: syntax error : missing ')' before identifier 's_functionTracker'
     1>c:\users\elleri\documents\programs\test\engian\engian.engine\engian.test\engian.test\testutilstring.cpp(351): error C2059: syntax error : ')'
     1>c:\users\elleri\documents\programs\test\engian\engian.engine\engian.test\engian.test\testutilstring.cpp(374): error C2039: 's_functionTracker' : is not a member of '`global namespace''
     1>c:\users\elleri\documents\programs\test\engian\engian.engine\engian.test\engian.test\testutilstring.cpp(374): error C2146: syntax error : missing ')' before identifier 's_functionTracker'
     1>c:\users\elleri\documents\programs\test\engian\engian.engine\engian.test\engian.test\testutilstring.cpp(374): error C2059: syntax error : ')'
     1>c:\users\elleri\documents\programs\test\engian\engian.engine\engian.test\engian.test\testutilstring.cpp(380): error C2039: 's_functionTracker' : is not a member of '`global namespace''
     1>c:\users\elleri\documents\programs\test\engian\engian.engine\engian.test\engian.test\testutilstring.cpp(380): error C2146: syntax error : missing ')' before identifier 's_functionTracker'
     1>c:\users\elleri\documents\programs\test\engian\engian.engine\engian.test\engian.test\testutilstring.cpp(380): error C2059: syntax error : ')'
     1>c:\users\elleri\documents\programs\test\engian\engian.engine\engian.test\engian.test\testutilstring.cpp(384): error C2039: 's_functionTracker' : is not a member of '`global namespace''
     1>c:\users\elleri\documents\programs\test\engian\engian.engine\engian.test\engian.test\testutilstring.cpp(384): error C2146: syntax error : missing ')' before identifier 's_functionTracker'
     1>c:\users\elleri\documents\programs\test\engian\engian.engine\engian.test\engian.test\testutilstring.cpp(384): error C2059: syntax error : ')'
     1>c:\users\elleri\documents\programs\test\engian\engian.engine\engian.test\engian.test\testutilstring.cpp(394): error C2039: 's_functionTracker' : is not a member of '`global namespace''
     1>c:\users\elleri\documents\programs\test\engian\engian.engine\engian.test\engian.test\testutilstring.cpp(394): error C2146: syntax error : missing ')' before identifier 's_functionTracker'
     1>c:\users\elleri\documents\programs\test\engian\engian.engine\engian.test\engian.test\testutilstring.cpp(394): error C2059: syntax error : ')'
     1>c:\users\elleri\documents\programs\test\engian\engian.engine\engian.test\engian.test\testutilstring.cpp(409): error C2039: 's_functionTracker' : is not a member of '`global namespace''
     1>c:\users\elleri\documents\programs\test\engian\engian.engine\engian.test\engian.test\testutilstring.cpp(409): error C2146: syntax error : missing ')' before identifier 's_functionTracker'
     1>c:\users\elleri\documents\programs\test\engian\engian.engine\engian.test\engian.test\testutilstring.cpp(409): error C2059: syntax error : ')'
     1>c:\users\elleri\documents\programs\test\engian\engian.engine\engian.test\engian.test\testutilstring.cpp(425): error C2249: 'Util::Container<T>::m_size' : no accessible path to protected member declared in virtual base 'Util::Container<T>'
                 with
                 [
                     T=char
                 ]
                 c:\users\elleri\documents\programs\test\engian\engian.engine\containers_lib\utilcontainer.h(99) : see declaration of 'Util::Container<T>::m_size'
                 with
                 [
                     T=char
                 ]
     1>c:\users\elleri\documents\programs\test\engian\engian.engine\engian.test\engian.test\testutilstring.cpp(426): warning C4003: not enough actual parameters for macro 'DEBUG_FUNC_CHECK'
     1>c:\users\elleri\documents\programs\test\engian\engian.engine\engian.test\engian.test\testutilstring.cpp(426): error C2039: 's_functionTracker' : is not a member of '`global namespace''
     1>c:\users\elleri\documents\programs\test\engian\engian.engine\engian.test\engian.test\testutilstring.cpp(426): error C2146: syntax error : missing ')' before identifier 's_functionTracker'
     1>c:\users\elleri\documents\programs\test\engian\engian.engine\engian.test\engian.test\testutilstring.cpp(426): error C2059: syntax error : ')'
     1>c:\users\elleri\documents\programs\test\engian\engian.engine\engian.test\engian.test\testutilstring.cpp(446): error C2249: 'Util::Container<T>::m_size' : no accessible path to protected member declared in virtual base 'Util::Container<T>'
                 with
                 [
                     T=char
                 ]
                 c:\users\elleri\documents\programs\test\engian\engian.engine\containers_lib\utilcontainer.h(99) : see declaration of 'Util::Container<T>::m_size'
                 with
                 [
                     T=char
                 ]
     1>c:\users\elleri\documents\programs\test\engian\engian.engine\engian.test\engian.test\testutilstring.cpp(447): error C2248: 'Util::Vector<T>::m_array' : cannot access protected member declared in class 'Util::Vector<T>'
                 with
                 [
                     T=char
                 ]
                 c:\users\elleri\documents\programs\test\engian\engian.engine\containers_lib\utilvector.h(139) : see declaration of 'Util::Vector<T>::m_array'
                 with
                 [
                     T=char
                 ]
     1>c:\users\elleri\documents\programs\test\engian\engian.engine\engian.test\engian.test\testutilstring.cpp(448): error C2248: 'Util::Vector<T>::m_array' : cannot access protected member declared in class 'Util::Vector<T>'
                 with
                 [
                     T=char
                 ]
                 c:\users\elleri\documents\programs\test\engian\engian.engine\containers_lib\utilvector.h(139) : see declaration of 'Util::Vector<T>::m_array'
                 with
                 [
                     T=char
                 ]
     1>c:\users\elleri\documents\programs\test\engian\engian.engine\engian.test\engian.test\testutilstring.cpp(449): warning C4003: not enough actual parameters for macro 'DEBUG_FUNC_CHECK'
     1>c:\users\elleri\documents\programs\test\engian\engian.engine\engian.test\engian.test\testutilstring.cpp(449): error C2039: 's_functionTracker' : is not a member of '`global namespace''
     1>c:\users\elleri\documents\programs\test\engian\engian.engine\engian.test\engian.test\testutilstring.cpp(449): error C2146: syntax error : missing ')' before identifier 's_functionTracker'
     1>c:\users\elleri\documents\programs\test\engian\engian.engine\engian.test\engian.test\testutilstring.cpp(449): error C2059: syntax error : ')'
     1>c:\users\elleri\documents\programs\test\engian\engian.engine\engian.test\engian.test\testutilstring.cpp(468): error C3861: 'TestUtilString_Helper_CheckStringAgainstArray': identifier not found
     1>c:\users\elleri\documents\programs\test\engian\engian.engine\engian.test\engian.test\testutilstring.cpp(469): warning C4003: not enough actual parameters for macro 'DEBUG_FUNC_CHECK'
     1>c:\users\elleri\documents\programs\test\engian\engian.engine\engian.test\engian.test\testutilstring.cpp(469): error C2039: 's_functionTracker' : is not a member of '`global namespace''
     1>c:\users\elleri\documents\programs\test\engian\engian.engine\engian.test\engian.test\testutilstring.cpp(469): error C2146: syntax error : missing ')' before identifier 's_functionTracker'
     1>c:\users\elleri\documents\programs\test\engian\engian.engine\engian.test\engian.test\testutilstring.cpp(469): error C2059: syntax error : ')'
     1>c:\users\elleri\documents\programs\test\engian\engian.engine\engian.test\engian.test\testutilstring.cpp(469): fatal error C1003: error count exceeds 100; stopping compilation
         testUtilSortedVector.cpp
     1>c:\users\elleri\documents\programs\test\engian\engian.engine\containers_lib\utilvector.h(18): error C2272: 'dbgGet_c_defaultCapacity' : modifiers not allowed on static member functions
                 c:\users\elleri\documents\programs\test\engian\engian.engine\containers_lib\utilvector.h(140) : see reference to class template instantiation 'Util::Vector<T>' being compiled
     1>c:\users\elleri\documents\programs\test\engian\engian.engine\containers_lib\utilvector.h(19): error C2272: 'dbgGet_c_growMultiplier' : modifiers not allowed on static member functions
     1>c:\users\elleri\documents\programs\test\engian\engian.engine\containers_lib\utilsortedvector.h(49): warning C4250: 'Util::SortedVector<T>' : inherits 'Util::Vector<T>::Util::Vector<T>::operator =' via dominance
                 with
                 [
                     T=int
                 ]
                 c:\users\elleri\documents\programs\test\engian\engian.engine\containers_lib\utilvector.h(29) : see declaration of 'Util::Vector<T>::operator ='
                 with
                 [
                     T=int
                 ]
     1>c:\users\elleri\documents\programs\test\engian\engian.engine\containers_lib\utilsortedvector.h(49): warning C4250: 'Util::SortedVector<T>' : inherits 'Util::Vector<T>::Util::Vector<T>::Begin' via dominance
                 with
                 [
                     T=int
                 ]
                 c:\users\elleri\documents\programs\test\engian\engian.engine\containers_lib\utilvector.h(33) : see declaration of 'Util::Vector<T>::Begin'
                 with
                 [
                     T=int
                 ]
     1>c:\users\elleri\documents\programs\test\engian\engian.engine\containers_lib\utilsortedvector.h(49): warning C4250: 'Util::SortedVector<T>' : inherits 'Util::Vector<T>::Util::Vector<T>::End' via dominance
                 with
                 [
                     T=int
                 ]
                 c:\users\elleri\documents\programs\test\engian\engian.engine\containers_lib\utilvector.h(42) : see declaration of 'Util::Vector<T>::End'
                 with
                 [
                     T=int
                 ]
     1>c:\users\elleri\documents\programs\test\engian\engian.engine\containers_lib\utilsortedvector.h(49): warning C4250: 'Util::SortedVector<T>' : inherits 'Util::Vector<T>::Util::Vector<T>::PopFront' via dominance
                 with
                 [
                     T=int
                 ]
                 c:\users\elleri\documents\programs\test\engian\engian.engine\containers_lib\utilvector.h(58) : see declaration of 'Util::Vector<T>::PopFront'
                 with
                 [
                     T=int
                 ]
     1>c:\users\elleri\documents\programs\test\engian\engian.engine\containers_lib\utilsortedvector.h(49): warning C4250: 'Util::SortedVector<T>' : inherits 'Util::Vector<T>::Util::Vector<T>::PopBack' via dominance
                 with
                 [
                     T=int
                 ]
                 c:\users\elleri\documents\programs\test\engian\engian.engine\containers_lib\utilvector.h(59) : see declaration of 'Util::Vector<T>::PopBack'
                 with
                 [
                     T=int
                 ]
     1>c:\users\elleri\documents\programs\test\engian\engian.engine\containers_lib\utilsortedvector.h(49): warning C4250: 'Util::SortedVector<T>' : inherits 'Util::Vector<T>::Util::Vector<T>::PopFirst' via dominance
                 with
                 [
                     T=int
                 ]
                 c:\users\elleri\documents\programs\test\engian\engian.engine\containers_lib\utilvector.h(60) : see declaration of 'Util::Vector<T>::PopFirst'
                 with
                 [
                     T=int
                 ]
     1>c:\users\elleri\documents\programs\test\engian\engian.engine\containers_lib\utilsortedvector.h(49): warning C4250: 'Util::SortedVector<T>' : inherits 'Util::Vector<T>::Util::Vector<T>::PopAll' via dominance
                 with
                 [
                     T=int
                 ]
                 c:\users\elleri\documents\programs\test\engian\engian.engine\containers_lib\utilvector.h(61) : see declaration of 'Util::Vector<T>::PopAll'
                 with
                 [
                     T=int
                 ]
     1>c:\users\elleri\documents\programs\test\engian\engian.engine\containers_lib\utilsortedvector.h(49): warning C4250: 'Util::SortedVector<T>' : inherits 'Util::Vector<T>::Util::Vector<T>::Contains' via dominance
                 with
                 [
                     T=int
                 ]
                 c:\users\elleri\documents\programs\test\engian\engian.engine\containers_lib\utilvector.h(62) : see declaration of 'Util::Vector<T>::Contains'
                 with
                 [
                     T=int
                 ]
     1>c:\users\elleri\documents\programs\test\engian\engian.engine\containers_lib\utilsortedvector.h(49): warning C4250: 'Util::SortedVector<T>' : inherits 'Util::Vector<T>::Util::Vector<T>::Clear' via dominance
                 with
                 [
                     T=int
                 ]
                 c:\users\elleri\documents\programs\test\engian\engian.engine\containers_lib\utilvector.h(67) : see declaration of 'Util::Vector<T>::Clear'
                 with
                 [
                     T=int
                 ]
     1>c:\users\elleri\documents\programs\test\engian\engian.engine\engian.test\engian.test\testutilsortedvector.cpp(41): error C2248: 'Util::Vector<T>::c_defaultCapacity' : cannot access protected member declared in class 'Util::Vector<T>'
                 with
                 [
                     T=int
                 ]
                 c:\users\elleri\documents\programs\test\engian\engian.engine\containers_lib\utilvector.h(136) : see declaration of 'Util::Vector<T>::c_defaultCapacity'
                 with
                 [
                     T=int
                 ]
     1>c:\users\elleri\documents\programs\test\engian\engian.engine\engian.test\engian.test\testutilsortedvector.cpp(42): warning C4003: not enough actual parameters for macro 'DEBUG_FUNC_CHECK'
     1>c:\users\elleri\documents\programs\test\engian\engian.engine\engian.test\engian.test\testutilsortedvector.cpp(42): error C2039: 's_functionTracker' : is not a member of '`global namespace''
     1>c:\users\elleri\documents\programs\test\engian\engian.engine\engian.test\engian.test\testutilsortedvector.cpp(42): error C2146: syntax error : missing ')' before identifier 's_functionTracker'
     1>c:\users\elleri\documents\programs\test\engian\engian.engine\engian.test\engian.test\testutilsortedvector.cpp(42): error C2059: syntax error : ')'
     1>c:\users\elleri\documents\programs\test\engian\engian.engine\engian.test\engian.test\testutilsortedvector.cpp(59): warning C4003: not enough actual parameters for macro 'DEBUG_FUNC_CHECK'
     1>c:\users\elleri\documents\programs\test\engian\engian.engine\engian.test\engian.test\testutilsortedvector.cpp(59): error C2039: 's_functionTracker' : is not a member of '`global namespace''
     1>c:\users\elleri\documents\programs\test\engian\engian.engine\engian.test\engian.test\testutilsortedvector.cpp(59): error C2146: syntax error : missing ')' before identifier 's_functionTracker'
     1>c:\users\elleri\documents\programs\test\engian\engian.engine\engian.test\engian.test\testutilsortedvector.cpp(59): error C2059: syntax error : ')'
     1>c:\users\elleri\documents\programs\test\engian\engian.engine\containers_lib\utilsortedvector.h(49): warning C4250: 'Util::SortedVector<T>' : inherits 'Util::Vector<T>::Util::Vector<T>::operator =' via dominance
                 with
                 [
                     T=Test::UnitTestChassis::UnitTestSampleClass
                 ]
                 c:\users\elleri\documents\programs\test\engian\engian.engine\containers_lib\utilvector.h(29) : see declaration of 'Util::Vector<T>::operator ='
                 with
                 [
                     T=Test::UnitTestChassis::UnitTestSampleClass
                 ]
     1>c:\users\elleri\documents\programs\test\engian\engian.engine\containers_lib\utilsortedvector.h(49): warning C4250: 'Util::SortedVector<T>' : inherits 'Util::Vector<T>::Util::Vector<T>::Begin' via dominance
                 with
                 [
                     T=Test::UnitTestChassis::UnitTestSampleClass
                 ]
                 c:\users\elleri\documents\programs\test\engian\engian.engine\containers_lib\utilvector.h(33) : see declaration of 'Util::Vector<T>::Begin'
                 with
                 [
                     T=Test::UnitTestChassis::UnitTestSampleClass
                 ]
     1>c:\users\elleri\documents\programs\test\engian\engian.engine\containers_lib\utilsortedvector.h(49): warning C4250: 'Util::SortedVector<T>' : inherits 'Util::Vector<T>::Util::Vector<T>::End' via dominance
                 with
                 [
                     T=Test::UnitTestChassis::UnitTestSampleClass
                 ]
                 c:\users\elleri\documents\programs\test\engian\engian.engine\containers_lib\utilvector.h(42) : see declaration of 'Util::Vector<T>::End'
                 with
                 [
                     T=Test::UnitTestChassis::UnitTestSampleClass
                 ]
     1>c:\users\elleri\documents\programs\test\engian\engian.engine\containers_lib\utilsortedvector.h(49): warning C4250: 'Util::SortedVector<T>' : inherits 'Util::Vector<T>::Util::Vector<T>::PopFront' via dominance
                 with
                 [
                     T=Test::UnitTestChassis::UnitTestSampleClass
                 ]
                 c:\users\elleri\documents\programs\test\engian\engian.engine\containers_lib\utilvector.h(58) : see declaration of 'Util::Vector<T>::PopFront'
                 with
                 [
                     T=Test::UnitTestChassis::UnitTestSampleClass
                 ]
     1>c:\users\elleri\documents\programs\test\engian\engian.engine\containers_lib\utilsortedvector.h(49): warning C4250: 'Util::SortedVector<T>' : inherits 'Util::Vector<T>::Util::Vector<T>::PopBack' via dominance
                 with
                 [
                     T=Test::UnitTestChassis::UnitTestSampleClass
                 ]
                 c:\users\elleri\documents\programs\test\engian\engian.engine\containers_lib\utilvector.h(59) : see declaration of 'Util::Vector<T>::PopBack'
                 with
                 [
                     T=Test::UnitTestChassis::UnitTestSampleClass
                 ]
     1>c:\users\elleri\documents\programs\test\engian\engian.engine\containers_lib\utilsortedvector.h(49): warning C4250: 'Util::SortedVector<T>' : inherits 'Util::Vector<T>::Util::Vector<T>::PopFirst' via dominance
                 with
                 [
                     T=Test::UnitTestChassis::UnitTestSampleClass
                 ]
                 c:\users\elleri\documents\programs\test\engian\engian.engine\containers_lib\utilvector.h(60) : see declaration of 'Util::Vector<T>::PopFirst'
                 with
                 [
                     T=Test::UnitTestChassis::UnitTestSampleClass
                 ]
     1>c:\users\elleri\documents\programs\test\engian\engian.engine\containers_lib\utilsortedvector.h(49): warning C4250: 'Util::SortedVector<T>' : inherits 'Util::Vector<T>::Util::Vector<T>::PopAll' via dominance
                 with
                 [
                     T=Test::UnitTestChassis::UnitTestSampleClass
                 ]
                 c:\users\elleri\documents\programs\test\engian\engian.engine\containers_lib\utilvector.h(61) : see declaration of 'Util::Vector<T>::PopAll'
                 with
                 [
                     T=Test::UnitTestChassis::UnitTestSampleClass
                 ]
     1>c:\users\elleri\documents\programs\test\engian\engian.engine\containers_lib\utilsortedvector.h(49): warning C4250: 'Util::SortedVector<T>' : inherits 'Util::Vector<T>::Util::Vector<T>::Contains' via dominance
                 with
                 [
                     T=Test::UnitTestChassis::UnitTestSampleClass
                 ]
                 c:\users\elleri\documents\programs\test\engian\engian.engine\containers_lib\utilvector.h(62) : see declaration of 'Util::Vector<T>::Contains'
                 with
                 [
                     T=Test::UnitTestChassis::UnitTestSampleClass
                 ]
     1>c:\users\elleri\documents\programs\test\engian\engian.engine\containers_lib\utilsortedvector.h(49): warning C4250: 'Util::SortedVector<T>' : inherits 'Util::Vector<T>::Util::Vector<T>::Clear' via dominance
                 with
                 [
                     T=Test::UnitTestChassis::UnitTestSampleClass
                 ]
                 c:\users\elleri\documents\programs\test\engian\engian.engine\containers_lib\utilvector.h(67) : see declaration of 'Util::Vector<T>::Clear'
                 with
                 [
                     T=Test::UnitTestChassis::UnitTestSampleClass
                 ]
     1>c:\users\elleri\documents\programs\test\engian\engian.engine\engian.test\engian.test\testutilsortedvector.cpp(82): warning C4003: not enough actual parameters for macro 'DEBUG_FUNC_CHECK'
     1>c:\users\elleri\documents\programs\test\engian\engian.engine\engian.test\engian.test\testutilsortedvector.cpp(82): error C2039: 's_functionTracker' : is not a member of '`global namespace''
     1>c:\users\elleri\documents\programs\test\engian\engian.engine\engian.test\engian.test\testutilsortedvector.cpp(82): error C2146: syntax error : missing ')' before identifier 's_functionTracker'
     1>c:\users\elleri\documents\programs\test\engian\engian.engine\engian.test\engian.test\testutilsortedvector.cpp(82): error C2059: syntax error : ')'
     1>c:\users\elleri\documents\programs\test\engian\engian.engine\containers_lib\utilsortedvector.h(49): warning C4250: 'Util::SortedVector<T>' : inherits 'Util::Vector<T>::Util::Vector<T>::operator =' via dominance
                 with
                 [
                     T=char
                 ]
                 c:\users\elleri\documents\programs\test\engian\engian.engine\containers_lib\utilvector.h(29) : see declaration of 'Util::Vector<T>::operator ='
                 with
                 [
                     T=char
                 ]
                 c:\users\elleri\documents\programs\test\engian\engian.engine\engian.test\engian.test\testutilsortedvector.cpp(99) : see reference to class template instantiation 'Util::SortedVector<T>' being compiled
                 with
                 [
                     T=char
                 ]
     1>c:\users\elleri\documents\programs\test\engian\engian.engine\containers_lib\utilsortedvector.h(49): warning C4250: 'Util::SortedVector<T>' : inherits 'Util::Vector<T>::Util::Vector<T>::Begin' via dominance
                 with
                 [
                     T=char
                 ]
                 c:\users\elleri\documents\programs\test\engian\engian.engine\containers_lib\utilvector.h(33) : see declaration of 'Util::Vector<T>::Begin'
                 with
                 [
                     T=char
                 ]
     1>c:\users\elleri\documents\programs\test\engian\engian.engine\containers_lib\utilsortedvector.h(49): warning C4250: 'Util::SortedVector<T>' : inherits 'Util::Vector<T>::Util::Vector<T>::End' via dominance
                 with
                 [
                     T=char
                 ]
                 c:\users\elleri\documents\programs\test\engian\engian.engine\containers_lib\utilvector.h(42) : see declaration of 'Util::Vector<T>::End'
                 with
                 [
                     T=char
                 ]
     1>c:\users\elleri\documents\programs\test\engian\engian.engine\containers_lib\utilsortedvector.h(49): warning C4250: 'Util::SortedVector<T>' : inherits 'Util::Vector<T>::Util::Vector<T>::PopFront' via dominance
                 with
                 [
                     T=char
                 ]
                 c:\users\elleri\documents\programs\test\engian\engian.engine\containers_lib\utilvector.h(58) : see declaration of 'Util::Vector<T>::PopFront'
                 with
                 [
                     T=char
                 ]
     1>c:\users\elleri\documents\programs\test\engian\engian.engine\containers_lib\utilsortedvector.h(49): warning C4250: 'Util::SortedVector<T>' : inherits 'Util::Vector<T>::Util::Vector<T>::PopBack' via dominance
                 with
                 [
                     T=char
                 ]
                 c:\users\elleri\documents\programs\test\engian\engian.engine\containers_lib\utilvector.h(59) : see declaration of 'Util::Vector<T>::PopBack'
                 with
                 [
                     T=char
                 ]
     1>c:\users\elleri\documents\programs\test\engian\engian.engine\containers_lib\utilsortedvector.h(49): warning C4250: 'Util::SortedVector<T>' : inherits 'Util::Vector<T>::Util::Vector<T>::PopFirst' via dominance
                 with
                 [
                     T=char
                 ]
                 c:\users\elleri\documents\programs\test\engian\engian.engine\containers_lib\utilvector.h(60) : see declaration of 'Util::Vector<T>::PopFirst'
                 with
                 [
                     T=char
                 ]
     1>c:\users\elleri\documents\programs\test\engian\engian.engine\containers_lib\utilsortedvector.h(49): warning C4250: 'Util::SortedVector<T>' : inherits 'Util::Vector<T>::Util::Vector<T>::PopAll' via dominance
                 with
                 [
                     T=char
                 ]
                 c:\users\elleri\documents\programs\test\engian\engian.engine\containers_lib\utilvector.h(61) : see declaration of 'Util::Vector<T>::PopAll'
                 with
                 [
                     T=char
                 ]
     1>c:\users\elleri\documents\programs\test\engian\engian.engine\containers_lib\utilsortedvector.h(49): warning C4250: 'Util::SortedVector<T>' : inherits 'Util::Vector<T>::Util::Vector<T>::Contains' via dominance
                 with
                 [
                     T=char
                 ]
                 c:\users\elleri\documents\programs\test\engian\engian.engine\containers_lib\utilvector.h(62) : see declaration of 'Util::Vector<T>::Contains'
                 with
                 [
                     T=char
                 ]
     1>c:\users\elleri\documents\programs\test\engian\engian.engine\containers_lib\utilsortedvector.h(49): warning C4250: 'Util::SortedVector<T>' : inherits 'Util::Vector<T>::Util::Vector<T>::Clear' via dominance
                 with
                 [
                     T=char
                 ]
                 c:\users\elleri\documents\programs\test\engian\engian.engine\containers_lib\utilvector.h(67) : see declaration of 'Util::Vector<T>::Clear'
                 with
                 [
                     T=char
                 ]
     1>c:\users\elleri\documents\programs\test\engian\engian.engine\engian.test\engian.test\testutilsortedvector.cpp(101): error C2249: 'Util::Container<T>::m_size' : no accessible path to protected member declared in virtual base 'Util::Container<T>'
                 with
                 [
                     T=char
                 ]
                 c:\users\elleri\documents\programs\test\engian\engian.engine\containers_lib\utilcontainer.h(99) : see declaration of 'Util::Container<T>::m_size'
                 with
                 [
                     T=char
                 ]
     1>c:\users\elleri\documents\programs\test\engian\engian.engine\engian.test\engian.test\testutilsortedvector.cpp(102): warning C4003: not enough actual parameters for macro 'DEBUG_FUNC_CHECK'
     1>c:\users\elleri\documents\programs\test\engian\engian.engine\engian.test\engian.test\testutilsortedvector.cpp(102): error C2039: 's_functionTracker' : is not a member of '`global namespace''
     1>c:\users\elleri\documents\programs\test\engian\engian.engine\engian.test\engian.test\testutilsortedvector.cpp(102): error C2146: syntax error : missing ')' before identifier 's_functionTracker'
     1>c:\users\elleri\documents\programs\test\engian\engian.engine\engian.test\engian.test\testutilsortedvector.cpp(102): error C2059: syntax error : ')'
     1>c:\users\elleri\documents\programs\test\engian\engian.engine\engian.test\engian.test\testutilsortedvector.cpp(116): warning C4003: not enough actual parameters for macro 'DEBUG_FUNC_CHECK'
     1>c:\users\elleri\documents\programs\test\engian\engian.engine\engian.test\engian.test\testutilsortedvector.cpp(116): error C2039: 's_functionTracker' : is not a member of '`global namespace''
     1>c:\users\elleri\documents\programs\test\engian\engian.engine\engian.test\engian.test\testutilsortedvector.cpp(116): error C2146: syntax error : missing ')' before identifier 's_functionTracker'
     1>c:\users\elleri\documents\programs\test\engian\engian.engine\engian.test\engian.test\testutilsortedvector.cpp(116): error C2059: syntax error : ')'
     1>c:\users\elleri\documents\programs\test\engian\engian.engine\engian.test\engian.test\testutilsortedvector.cpp(130): warning C4003: not enough actual parameters for macro 'DEBUG_FUNC_CHECK'
     1>c:\users\elleri\documents\programs\test\engian\engian.engine\engian.test\engian.test\testutilsortedvector.cpp(130): error C2039: 's_functionTracker' : is not a member of '`global namespace''
     1>c:\users\elleri\documents\programs\test\engian\engian.engine\engian.test\engian.test\testutilsortedvector.cpp(130): error C2146: syntax error : missing ')' before identifier 's_functionTracker'
     1>c:\users\elleri\documents\programs\test\engian\engian.engine\engian.test\engian.test\testutilsortedvector.cpp(130): error C2059: syntax error : ')'
     1>c:\users\elleri\documents\programs\test\engian\engian.engine\engian.test\engian.test\testutilsortedvector.cpp(144): warning C4003: not enough actual parameters for macro 'DEBUG_FUNC_CHECK'
     1>c:\users\elleri\documents\programs\test\engian\engian.engine\engian.test\engian.test\testutilsortedvector.cpp(144): error C2039: 's_functionTracker' : is not a member of '`global namespace''
     1>c:\users\elleri\documents\programs\test\engian\engian.engine\engian.test\engian.test\testutilsortedvector.cpp(144): error C2146: syntax error : missing ')' before identifier 's_functionTracker'
     1>c:\users\elleri\documents\programs\test\engian\engian.engine\engian.test\engian.test\testutilsortedvector.cpp(144): error C2059: syntax error : ')'
     1>c:\users\elleri\documents\programs\test\engian\engian.engine\engian.test\engian.test\testutilsortedvector.cpp(158): warning C4003: not enough actual parameters for macro 'DEBUG_FUNC_CHECK'
     1>c:\users\elleri\documents\programs\test\engian\engian.engine\engian.test\engian.test\testutilsortedvector.cpp(158): error C2039: 's_functionTracker' : is not a member of '`global namespace''
     1>c:\users\elleri\documents\programs\test\engian\engian.engine\engian.test\engian.test\testutilsortedvector.cpp(158): error C2146: syntax error : missing ')' before identifier 's_functionTracker'
     1>c:\users\elleri\documents\programs\test\engian\engian.engine\engian.test\engian.test\testutilsortedvector.cpp(158): error C2059: syntax error : ')'
     1>c:\users\elleri\documents\programs\test\engian\engian.engine\engian.test\engian.test\testutilsortedvector.cpp(172): warning C4003: not enough actual parameters for macro 'DEBUG_FUNC_CHECK'
     1>c:\users\elleri\documents\programs\test\engian\engian.engine\engian.test\engian.test\testutilsortedvector.cpp(172): error C2039: 's_functionTracker' : is not a member of '`global namespace''
     1>c:\users\elleri\documents\programs\test\engian\engian.engine\engian.test\engian.test\testutilsortedvector.cpp(172): error C2146: syntax error : missing ')' before identifier 's_functionTracker'
     1>c:\users\elleri\documents\programs\test\engian\engian.engine\engian.test\engian.test\testutilsortedvector.cpp(172): error C2059: syntax error : ')'
     1>c:\users\elleri\documents\programs\test\engian\engian.engine\engian.test\engian.test\testutilsortedvector.cpp(186): warning C4003: not enough actual parameters for macro 'DEBUG_FUNC_CHECK'
     1>c:\users\elleri\documents\programs\test\engian\engian.engine\engian.test\engian.test\testutilsortedvector.cpp(186): error C2039: 's_functionTracker' : is not a member of '`global namespace''
     1>c:\users\elleri\documents\programs\test\engian\engian.engine\engian.test\engian.test\testutilsortedvector.cpp(186): error C2146: syntax error : missing ')' before identifier 's_functionTracker'
     1>c:\users\elleri\documents\programs\test\engian\engian.engine\engian.test\engian.test\testutilsortedvector.cpp(186): error C2059: syntax error : ')'
     1>c:\users\elleri\documents\programs\test\engian\engian.engine\engian.test\engian.test\testutilsortedvector.cpp(200): warning C4003: not enough actual parameters for macro 'DEBUG_FUNC_CHECK'
     1>c:\users\elleri\documents\programs\test\engian\engian.engine\engian.test\engian.test\testutilsortedvector.cpp(200): error C2039: 's_functionTracker' : is not a member of '`global namespace''
     1>c:\users\elleri\documents\programs\test\engian\engian.engine\engian.test\engian.test\testutilsortedvector.cpp(200): error C2146: syntax error : missing ')' before identifier 's_functionTracker'
     1>c:\users\elleri\documents\programs\test\engian\engian.engine\engian.test\engian.test\testutilsortedvector.cpp(200): error C2059: syntax error : ')'
     1>c:\users\elleri\documents\programs\test\engian\engian.engine\engian.test\engian.test\testutilsortedvector.cpp(214): warning C4003: not enough actual parameters for macro 'DEBUG_FUNC_CHECK'
     1>c:\users\elleri\documents\programs\test\engian\engian.engine\engian.test\engian.test\testutilsortedvector.cpp(214): error C2039: 's_functionTracker' : is not a member of '`global namespace''
     1>c:\users\elleri\documents\programs\test\engian\engian.engine\engian.test\engian.test\testutilsortedvector.cpp(214): error C2146: syntax error : missing ')' before identifier 's_functionTracker'
     1>c:\users\elleri\documents\programs\test\engian\engian.engine\engian.test\engian.test\testutilsortedvector.cpp(214): error C2059: syntax error : ')'
     1>c:\users\elleri\documents\programs\test\engian\engian.engine\engian.test\engian.test\testutilsortedvector.cpp(228): warning C4003: not enough actual parameters for macro 'DEBUG_FUNC_CHECK'
     1>c:\users\elleri\documents\programs\test\engian\engian.engine\engian.test\engian.test\testutilsortedvector.cpp(228): error C2039: 's_functionTracker' : is not a member of '`global namespace''
     1>c:\users\elleri\documents\programs\test\engian\engian.engine\engian.test\engian.test\testutilsortedvector.cpp(228): error C2146: syntax error : missing ')' before identifier 's_functionTracker'
     1>c:\users\elleri\documents\programs\test\engian\engian.engine\engian.test\engian.test\testutilsortedvector.cpp(228): error C2059: syntax error : ')'
     1>c:\users\elleri\documents\programs\test\engian\engian.engine\engian.test\engian.test\testutilsortedvector.cpp(242): warning C4003: not enough actual parameters for macro 'DEBUG_FUNC_CHECK'
     1>c:\users\elleri\documents\programs\test\engian\engian.engine\engian.test\engian.test\testutilsortedvector.cpp(242): error C2039: 's_functionTracker' : is not a member of '`global namespace''
     1>c:\users\elleri\documents\programs\test\engian\engian.engine\engian.test\engian.test\testutilsortedvector.cpp(242): error C2146: syntax error : missing ')' before identifier 's_functionTracker'
     1>c:\users\elleri\documents\programs\test\engian\engian.engine\engian.test\engian.test\testutilsortedvector.cpp(242): error C2059: syntax error : ')'
     1>c:\users\elleri\documents\programs\test\engian\engian.engine\engian.test\engian.test\testutilsortedvector.cpp(256): warning C4003: not enough actual parameters for macro 'DEBUG_FUNC_CHECK'
     1>c:\users\elleri\documents\programs\test\engian\engian.engine\engian.test\engian.test\testutilsortedvector.cpp(256): error C2039: 's_functionTracker' : is not a member of '`global namespace''
     1>c:\users\elleri\documents\programs\test\engian\engian.engine\engian.test\engian.test\testutilsortedvector.cpp(256): error C2146: syntax error : missing ')' before identifier 's_functionTracker'
     1>c:\users\elleri\documents\programs\test\engian\engian.engine\engian.test\engian.test\testutilsortedvector.cpp(256): error C2059: syntax error : ')'
     1>c:\users\elleri\documents\programs\test\engian\engian.engine\engian.test\engian.test\testutilsortedvector.cpp(270): warning C4003: not enough actual parameters for macro 'DEBUG_FUNC_CHECK'
     1>c:\users\elleri\documents\programs\test\engian\engian.engine\engian.test\engian.test\testutilsortedvector.cpp(270): error C2039: 's_functionTracker' : is not a member of '`global namespace''
     1>c:\users\elleri\documents\programs\test\engian\engian.engine\engian.test\engian.test\testutilsortedvector.cpp(270): error C2146: syntax error : missing ')' before identifier 's_functionTracker'
     1>c:\users\elleri\documents\programs\test\engian\engian.engine\engian.test\engian.test\testutilsortedvector.cpp(270): error C2059: syntax error : ')'
     1>c:\users\elleri\documents\programs\test\engian\engian.engine\engian.test\engian.test\testutilsortedvector.cpp(284): warning C4003: not enough actual parameters for macro 'DEBUG_FUNC_CHECK'
     1>c:\users\elleri\documents\programs\test\engian\engian.engine\engian.test\engian.test\testutilsortedvector.cpp(284): error C2039: 's_functionTracker' : is not a member of '`global namespace''
     1>c:\users\elleri\documents\programs\test\engian\engian.engine\engian.test\engian.test\testutilsortedvector.cpp(284): error C2146: syntax error : missing ')' before identifier 's_functionTracker'
     1>c:\users\elleri\documents\programs\test\engian\engian.engine\engian.test\engian.test\testutilsortedvector.cpp(284): error C2059: syntax error : ')'
         testUtilSortedList.cpp
     1>c:\users\elleri\documents\programs\test\engian\engian.engine\engian.test\engian.test\testutilsortedlist.cpp(47): warning C4003: not enough actual parameters for macro 'DEBUG_FUNC_CHECK'
     1>c:\users\elleri\documents\programs\test\engian\engian.engine\engian.test\engian.test\testutilsortedlist.cpp(47): error C2039: 's_functionTracker' : is not a member of '`global namespace''
     1>c:\users\elleri\documents\programs\test\engian\engian.engine\engian.test\engian.test\testutilsortedlist.cpp(47): error C2146: syntax error : missing ')' before identifier 's_functionTracker'
     1>c:\users\elleri\documents\programs\test\engian\engian.engine\engian.test\engian.test\testutilsortedlist.cpp(47): error C2059: syntax error : ')'
     1>c:\users\elleri\documents\programs\test\engian\engian.engine\engian.test\engian.test\testutilsortedlist.cpp(61): warning C4003: not enough actual parameters for macro 'DEBUG_FUNC_CHECK'
     1>c:\users\elleri\documents\programs\test\engian\engian.engine\engian.test\engian.test\testutilsortedlist.cpp(61): error C2039: 's_functionTracker' : is not a member of '`global namespace''
     1>c:\users\elleri\documents\programs\test\engian\engian.engine\engian.test\engian.test\testutilsortedlist.cpp(61): error C2146: syntax error : missing ')' before identifier 's_functionTracker'
     1>c:\users\elleri\documents\programs\test\engian\engian.engine\engian.test\engian.test\testutilsortedlist.cpp(61): error C2059: syntax error : ')'
     1>c:\users\elleri\documents\programs\test\engian\engian.engine\engian.test\engian.test\testutilsortedlist.cpp(75): warning C4003: not enough actual parameters for macro 'DEBUG_FUNC_CHECK'
     1>c:\users\elleri\documents\programs\test\engian\engian.engine\engian.test\engian.test\testutilsortedlist.cpp(75): error C2039: 's_functionTracker' : is not a member of '`global namespace''
     1>c:\users\elleri\documents\programs\test\engian\engian.engine\engian.test\engian.test\testutilsortedlist.cpp(75): error C2146: syntax error : missing ')' before identifier 's_functionTracker'
     1>c:\users\elleri\documents\programs\test\engian\engian.engine\engian.test\engian.test\testutilsortedlist.cpp(75): error C2059: syntax error : ')'
     1>c:\users\elleri\documents\programs\test\engian\engian.engine\engian.test\engian.test\testutilsortedlist.cpp(89): warning C4003: not enough actual parameters for macro 'DEBUG_FUNC_CHECK'
     1>c:\users\elleri\documents\programs\test\engian\engian.engine\engian.test\engian.test\testutilsortedlist.cpp(89): error C2039: 's_functionTracker' : is not a member of '`global namespace''
     1>c:\users\elleri\documents\programs\test\engian\engian.engine\engian.test\engian.test\testutilsortedlist.cpp(89): error C2146: syntax error : missing ')' before identifier 's_functionTracker'
     1>c:\users\elleri\documents\programs\test\engian\engian.engine\engian.test\engian.test\testutilsortedlist.cpp(89): error C2059: syntax error : ')'
     1>c:\users\elleri\documents\programs\test\engian\engian.engine\engian.test\engian.test\testutilsortedlist.cpp(103): warning C4003: not enough actual parameters for macro 'DEBUG_FUNC_CHECK'
     1>c:\users\elleri\documents\programs\test\engian\engian.engine\engian.test\engian.test\testutilsortedlist.cpp(103): error C2039: 's_functionTracker' : is not a member of '`global namespace''
     1>c:\users\elleri\documents\programs\test\engian\engian.engine\engian.test\engian.test\testutilsortedlist.cpp(103): error C2146: syntax error : missing ')' before identifier 's_functionTracker'
     1>c:\users\elleri\documents\programs\test\engian\engian.engine\engian.test\engian.test\testutilsortedlist.cpp(103): error C2059: syntax error : ')'
     1>c:\users\elleri\documents\programs\test\engian\engian.engine\engian.test\engian.test\testutilsortedlist.cpp(117): warning C4003: not enough actual parameters for macro 'DEBUG_FUNC_CHECK'
     1>c:\users\elleri\documents\programs\test\engian\engian.engine\engian.test\engian.test\testutilsortedlist.cpp(117): error C2039: 's_functionTracker' : is not a member of '`global namespace''
     1>c:\users\elleri\documents\programs\test\engian\engian.engine\engian.test\engian.test\testutilsortedlist.cpp(117): error C2146: syntax error : missing ')' before identifier 's_functionTracker'
     1>c:\users\elleri\documents\programs\test\engian\engian.engine\engian.test\engian.test\testutilsortedlist.cpp(117): error C2059: syntax error : ')'
     1>c:\users\elleri\documents\programs\test\engian\engian.engine\engian.test\engian.test\testutilsortedlist.cpp(131): warning C4003: not enough actual parameters for macro 'DEBUG_FUNC_CHECK'
     1>c:\users\elleri\documents\programs\test\engian\engian.engine\engian.test\engian.test\testutilsortedlist.cpp(131): error C2039: 's_functionTracker' : is not a member of '`global namespace''
     1>c:\users\elleri\documents\programs\test\engian\engian.engine\engian.test\engian.test\testutilsortedlist.cpp(131): error C2146: syntax error : missing ')' before identifier 's_functionTracker'
     1>c:\users\elleri\documents\programs\test\engian\engian.engine\engian.test\engian.test\testutilsortedlist.cpp(131): error C2059: syntax error : ')'
     1>c:\users\elleri\documents\programs\test\engian\engian.engine\engian.test\engian.test\testutilsortedlist.cpp(145): warning C4003: not enough actual parameters for macro 'DEBUG_FUNC_CHECK'
     1>c:\users\elleri\documents\programs\test\engian\engian.engine\engian.test\engian.test\testutilsortedlist.cpp(145): error C2039: 's_functionTracker' : is not a member of '`global namespace''
     1>c:\users\elleri\documents\programs\test\engian\engian.engine\engian.test\engian.test\testutilsortedlist.cpp(145): error C2146: syntax error : missing ')' before identifier 's_functionTracker'
     1>c:\users\elleri\documents\programs\test\engian\engian.engine\engian.test\engian.test\testutilsortedlist.cpp(145): error C2059: syntax error : ')'
     1>c:\users\elleri\documents\programs\test\engian\engian.engine\engian.test\engian.test\testutilsortedlist.cpp(159): warning C4003: not enough actual parameters for macro 'DEBUG_FUNC_CHECK'
     1>c:\users\elleri\documents\programs\test\engian\engian.engine\engian.test\engian.test\testutilsortedlist.cpp(159): error C2039: 's_functionTracker' : is not a member of '`global namespace''
     1>c:\users\elleri\documents\programs\test\engian\engian.engine\engian.test\engian.test\testutilsortedlist.cpp(159): error C2146: syntax error : missing ')' before identifier 's_functionTracker'
     1>c:\users\elleri\documents\programs\test\engian\engian.engine\engian.test\engian.test\testutilsortedlist.cpp(159): error C2059: syntax error : ')'
     1>c:\users\elleri\documents\programs\test\engian\engian.engine\engian.test\engian.test\testutilsortedlist.cpp(173): warning C4003: not enough actual parameters for macro 'DEBUG_FUNC_CHECK'
     1>c:\users\elleri\documents\programs\test\engian\engian.engine\engian.test\engian.test\testutilsortedlist.cpp(173): error C2039: 's_functionTracker' : is not a member of '`global namespace''
     1>c:\users\elleri\documents\programs\test\engian\engian.engine\engian.test\engian.test\testutilsortedlist.cpp(173): error C2146: syntax error : missing ')' before identifier 's_functionTracker'
     1>c:\users\elleri\documents\programs\test\engian\engian.engine\engian.test\engian.test\testutilsortedlist.cpp(173): error C2059: syntax error : ')'
     1>c:\users\elleri\documents\programs\test\engian\engian.engine\engian.test\engian.test\testutilsortedlist.cpp(187): warning C4003: not enough actual parameters for macro 'DEBUG_FUNC_CHECK'
     1>c:\users\elleri\documents\programs\test\engian\engian.engine\engian.test\engian.test\testutilsortedlist.cpp(187): error C2039: 's_functionTracker' : is not a member of '`global namespace''
     1>c:\users\elleri\documents\programs\test\engian\engian.engine\engian.test\engian.test\testutilsortedlist.cpp(187): error C2146: syntax error : missing ')' before identifier 's_functionTracker'
     1>c:\users\elleri\documents\programs\test\engian\engian.engine\engian.test\engian.test\testutilsortedlist.cpp(187): error C2059: syntax error : ')'
     1>c:\users\elleri\documents\programs\test\engian\engian.engine\engian.test\engian.test\testutilsortedlist.cpp(201): warning C4003: not enough actual parameters for macro 'DEBUG_FUNC_CHECK'
     1>c:\users\elleri\documents\programs\test\engian\engian.engine\engian.test\engian.test\testutilsortedlist.cpp(201): error C2039: 's_functionTracker' : is not a member of '`global namespace''
     1>c:\users\elleri\documents\programs\test\engian\engian.engine\engian.test\engian.test\testutilsortedlist.cpp(201): error C2146: syntax error : missing ')' before identifier 's_functionTracker'
     1>c:\users\elleri\documents\programs\test\engian\engian.engine\engian.test\engian.test\testutilsortedlist.cpp(201): error C2059: syntax error : ')'
     1>c:\users\elleri\documents\programs\test\engian\engian.engine\engian.test\engian.test\testutilsortedlist.cpp(215): warning C4003: not enough actual parameters for macro 'DEBUG_FUNC_CHECK'
     1>c:\users\elleri\documents\programs\test\engian\engian.engine\engian.test\engian.test\testutilsortedlist.cpp(215): error C2039: 's_functionTracker' : is not a member of '`global namespace''
     1>c:\users\elleri\documents\programs\test\engian\engian.engine\engian.test\engian.test\testutilsortedlist.cpp(215): error C2146: syntax error : missing ')' before identifier 's_functionTracker'
     1>c:\users\elleri\documents\programs\test\engian\engian.engine\engian.test\engian.test\testutilsortedlist.cpp(215): error C2059: syntax error : ')'
     1>c:\users\elleri\documents\programs\test\engian\engian.engine\engian.test\engian.test\testutilsortedlist.cpp(229): warning C4003: not enough actual parameters for macro 'DEBUG_FUNC_CHECK'
     1>c:\users\elleri\documents\programs\test\engian\engian.engine\engian.test\engian.test\testutilsortedlist.cpp(229): error C2039: 's_functionTracker' : is not a member of '`global namespace''
     1>c:\users\elleri\documents\programs\test\engian\engian.engine\engian.test\engian.test\testutilsortedlist.cpp(229): error C2146: syntax error : missing ')' before identifier 's_functionTracker'
     1>c:\users\elleri\documents\programs\test\engian\engian.engine\engian.test\engian.test\testutilsortedlist.cpp(229): error C2059: syntax error : ')'
     1>c:\users\elleri\documents\programs\test\engian\engian.engine\engian.test\engian.test\testutilsortedlist.cpp(243): warning C4003: not enough actual parameters for macro 'DEBUG_FUNC_CHECK'
     1>c:\users\elleri\documents\programs\test\engian\engian.engine\engian.test\engian.test\testutilsortedlist.cpp(243): error C2039: 's_functionTracker' : is not a member of '`global namespace''
     1>c:\users\elleri\documents\programs\test\engian\engian.engine\engian.test\engian.test\testutilsortedlist.cpp(243): error C2146: syntax error : missing ')' before identifier 's_functionTracker'
     1>c:\users\elleri\documents\programs\test\engian\engian.engine\engian.test\engian.test\testutilsortedlist.cpp(243): error C2059: syntax error : ')'
     1>c:\users\elleri\documents\programs\test\engian\engian.engine\engian.test\engian.test\testutilsortedlist.cpp(257): warning C4003: not enough actual parameters for macro 'DEBUG_FUNC_CHECK'
     1>c:\users\elleri\documents\programs\test\engian\engian.engine\engian.test\engian.test\testutilsortedlist.cpp(257): error C2039: 's_functionTracker' : is not a member of '`global namespace''
     1>c:\users\elleri\documents\programs\test\engian\engian.engine\engian.test\engian.test\testutilsortedlist.cpp(257): error C2146: syntax error : missing ')' before identifier 's_functionTracker'
     1>c:\users\elleri\documents\programs\test\engian\engian.engine\engian.test\engian.test\testutilsortedlist.cpp(257): error C2059: syntax error : ')'
     1>c:\users\elleri\documents\programs\test\engian\engian.engine\engian.test\engian.test\testutilsortedlist.cpp(271): warning C4003: not enough actual parameters for macro 'DEBUG_FUNC_CHECK'
     1>c:\users\elleri\documents\programs\test\engian\engian.engine\engian.test\engian.test\testutilsortedlist.cpp(271): error C2039: 's_functionTracker' : is not a member of '`global namespace''
     1>c:\users\elleri\documents\programs\test\engian\engian.engine\engian.test\engian.test\testutilsortedlist.cpp(271): error C2146: syntax error : missing ')' before identifier 's_functionTracker'
     1>c:\users\elleri\documents\programs\test\engian\engian.engine\engian.test\engian.test\testutilsortedlist.cpp(271): error C2059: syntax error : ')'
     1>c:\users\elleri\documents\programs\test\engian\engian.engine\engian.test\engian.test\testutilsortedlist.cpp(285): warning C4003: not enough actual parameters for macro 'DEBUG_FUNC_CHECK'
     1>c:\users\elleri\documents\programs\test\engian\engian.engine\engian.test\engian.test\testutilsortedlist.cpp(285): error C2039: 's_functionTracker' : is not a member of '`global namespace''
     1>c:\users\elleri\documents\programs\test\engian\engian.engine\engian.test\engian.test\testutilsortedlist.cpp(285): error C2146: syntax error : missing ')' before identifier 's_functionTracker'
     1>c:\users\elleri\documents\programs\test\engian\engian.engine\engian.test\engian.test\testutilsortedlist.cpp(285): error C2059: syntax error : ')'
     1>c:\users\elleri\documents\programs\test\engian\engian.engine\engian.test\engian.test\testutilsortedlist.cpp(299): warning C4003: not enough actual parameters for macro 'DEBUG_FUNC_CHECK'
     1>c:\users\elleri\documents\programs\test\engian\engian.engine\engian.test\engian.test\testutilsortedlist.cpp(299): error C2039: 's_functionTracker' : is not a member of '`global namespace''
     1>c:\users\elleri\documents\programs\test\engian\engian.engine\engian.test\engian.test\testutilsortedlist.cpp(299): error C2146: syntax error : missing ')' before identifier 's_functionTracker'
     1>c:\users\elleri\documents\programs\test\engian\engian.engine\engian.test\engian.test\testutilsortedlist.cpp(299): error C2059: syntax error : ')'
     1>c:\users\elleri\documents\programs\test\engian\engian.engine\engian.test\engian.test\testutilsortedlist.cpp(313): warning C4003: not enough actual parameters for macro 'DEBUG_FUNC_CHECK'
     1>c:\users\elleri\documents\programs\test\engian\engian.engine\engian.test\engian.test\testutilsortedlist.cpp(313): error C2039: 's_functionTracker' : is not a member of '`global namespace''
     1>c:\users\elleri\documents\programs\test\engian\engian.engine\engian.test\engian.test\testutilsortedlist.cpp(313): error C2146: syntax error : missing ')' before identifier 's_functionTracker'
     1>c:\users\elleri\documents\programs\test\engian\engian.engine\engian.test\engian.test\testutilsortedlist.cpp(313): error C2059: syntax error : ')'
     1>c:\users\elleri\documents\programs\test\engian\engian.engine\engian.test\engian.test\testutilsortedlist.cpp(327): warning C4003: not enough actual parameters for macro 'DEBUG_FUNC_CHECK'
     1>c:\users\elleri\documents\programs\test\engian\engian.engine\engian.test\engian.test\testutilsortedlist.cpp(327): error C2039: 's_functionTracker' : is not a member of '`global namespace''
     1>c:\users\elleri\documents\programs\test\engian\engian.engine\engian.test\engian.test\testutilsortedlist.cpp(327): error C2146: syntax error : missing ')' before identifier 's_functionTracker'
     1>c:\users\elleri\documents\programs\test\engian\engian.engine\engian.test\engian.test\testutilsortedlist.cpp(327): error C2059: syntax error : ')'
     1>c:\users\elleri\documents\programs\test\engian\engian.engine\engian.test\engian.test\testutilsortedlist.cpp(341): warning C4003: not enough actual parameters for macro 'DEBUG_FUNC_CHECK'
     1>c:\users\elleri\documents\programs\test\engian\engian.engine\engian.test\engian.test\testutilsortedlist.cpp(341): error C2039: 's_functionTracker' : is not a member of '`global namespace''
     1>c:\users\elleri\documents\programs\test\engian\engian.engine\engian.test\engian.test\testutilsortedlist.cpp(341): error C2146: syntax error : missing ')' before identifier 's_functionTracker'
     1>c:\users\elleri\documents\programs\test\engian\engian.engine\engian.test\engian.test\testutilsortedlist.cpp(341): error C2059: syntax error : ')'
     1>c:\users\elleri\documents\programs\test\engian\engian.engine\engian.test\engian.test\testutilsortedlist.cpp(355): warning C4003: not enough actual parameters for macro 'DEBUG_FUNC_CHECK'
     1>c:\users\elleri\documents\programs\test\engian\engian.engine\engian.test\engian.test\testutilsortedlist.cpp(355): error C2039: 's_functionTracker' : is not a member of '`global namespace''
     1>c:\users\elleri\documents\programs\test\engian\engian.engine\engian.test\engian.test\testutilsortedlist.cpp(355): error C2146: syntax error : missing ')' before identifier 's_functionTracker'
     1>c:\users\elleri\documents\programs\test\engian\engian.engine\engian.test\engian.test\testutilsortedlist.cpp(355): error C2059: syntax error : ')'
     1>c:\users\elleri\documents\programs\test\engian\engian.engine\engian.test\engian.test\testutilsortedlist.cpp(369): warning C4003: not enough actual parameters for macro 'DEBUG_FUNC_CHECK'
     1>c:\users\elleri\documents\programs\test\engian\engian.engine\engian.test\engian.test\testutilsortedlist.cpp(369): error C2039: 's_functionTracker' : is not a member of '`global namespace''
     1>c:\users\elleri\documents\programs\test\engian\engian.engine\engian.test\engian.test\testutilsortedlist.cpp(369): error C2146: syntax error : missing ')' before identifier 's_functionTracker'
     1>c:\users\elleri\documents\programs\test\engian\engian.engine\engian.test\engian.test\testutilsortedlist.cpp(369): error C2059: syntax error : ')'
     1>c:\users\elleri\documents\programs\test\engian\engian.engine\engian.test\engian.test\testutilsortedlist.cpp(383): warning C4003: not enough actual parameters for macro 'DEBUG_FUNC_CHECK'
     1>c:\users\elleri\documents\programs\test\engian\engian.engine\engian.test\engian.test\testutilsortedlist.cpp(383): error C2039: 's_functionTracker' : is not a member of '`global namespace''
     1>c:\users\elleri\documents\programs\test\engian\engian.engine\engian.test\engian.test\testutilsortedlist.cpp(383): error C2146: syntax error : missing ')' before identifier 's_functionTracker'
     1>c:\users\elleri\documents\programs\test\engian\engian.engine\engian.test\engian.test\testutilsortedlist.cpp(383): error C2059: syntax error : ')'
     1>c:\users\elleri\documents\programs\test\engian\engian.engine\engian.test\engian.test\testutilsortedlist.cpp(397): warning C4003: not enough actual parameters for macro 'DEBUG_FUNC_CHECK'
     1>c:\users\elleri\documents\programs\test\engian\engian.engine\engian.test\engian.test\testutilsortedlist.cpp(397): error C2039: 's_functionTracker' : is not a member of '`global namespace''
     1>c:\users\elleri\documents\programs\test\engian\engian.engine\engian.test\engian.test\testutilsortedlist.cpp(397): error C2146: syntax error : missing ')' before identifier 's_functionTracker'
     1>c:\users\elleri\documents\programs\test\engian\engian.engine\engian.test\engian.test\testutilsortedlist.cpp(397): error C2059: syntax error : ')'
     1>c:\users\elleri\documents\programs\test\engian\engian.engine\engian.test\engian.test\testutilsortedlist.cpp(411): warning C4003: not enough actual parameters for macro 'DEBUG_FUNC_CHECK'
     1>c:\users\elleri\documents\programs\test\engian\engian.engine\engian.test\engian.test\testutilsortedlist.cpp(411): error C2039: 's_functionTracker' : is not a member of '`global namespace''
     1>c:\users\elleri\documents\programs\test\engian\engian.engine\engian.test\engian.test\testutilsortedlist.cpp(411): error C2146: syntax error : missing ')' before identifier 's_functionTracker'
     1>c:\users\elleri\documents\programs\test\engian\engian.engine\engian.test\engian.test\testutilsortedlist.cpp(411): error C2059: syntax error : ')'
     1>c:\users\elleri\documents\programs\test\engian\engian.engine\engian.test\engian.test\testutilsortedlist.cpp(425): warning C4003: not enough actual parameters for macro 'DEBUG_FUNC_CHECK'
     1>c:\users\elleri\documents\programs\test\engian\engian.engine\engian.test\engian.test\testutilsortedlist.cpp(425): error C2039: 's_functionTracker' : is not a member of '`global namespace''
     1>c:\users\elleri\documents\programs\test\engian\engian.engine\engian.test\engian.test\testutilsortedlist.cpp(425): error C2146: syntax error : missing ')' before identifier 's_functionTracker'
     1>c:\users\elleri\documents\programs\test\engian\engian.engine\engian.test\engian.test\testutilsortedlist.cpp(425): error C2059: syntax error : ')'
         testUtilList.cpp
     1>c:\users\elleri\documents\programs\test\engian\engian.engine\containers_lib\utilvector.h(18): error C2272: 'dbgGet_c_defaultCapacity' : modifiers not allowed on static member functions
                 c:\users\elleri\documents\programs\test\engian\engian.engine\containers_lib\utilvector.h(140) : see reference to class template instantiation 'Util::Vector<T>' being compiled
     1>c:\users\elleri\documents\programs\test\engian\engian.engine\containers_lib\utilvector.h(19): error C2272: 'dbgGet_c_growMultiplier' : modifiers not allowed on static member functions
     1>c:\users\elleri\documents\programs\test\engian\engian.engine\engian.test\engian.test\testutillist.cpp(48): warning C4003: not enough actual parameters for macro 'DEBUG_FUNC_CHECK'
     1>c:\users\elleri\documents\programs\test\engian\engian.engine\engian.test\engian.test\testutillist.cpp(48): error C2039: 's_functionTracker' : is not a member of '`global namespace''
     1>c:\users\elleri\documents\programs\test\engian\engian.engine\engian.test\engian.test\testutillist.cpp(48): error C2146: syntax error : missing ')' before identifier 's_functionTracker'
     1>c:\users\elleri\documents\programs\test\engian\engian.engine\engian.test\engian.test\testutillist.cpp(48): error C2059: syntax error : ')'
     1>c:\users\elleri\documents\programs\test\engian\engian.engine\engian.test\engian.test\testutillist.cpp(68): warning C4003: not enough actual parameters for macro 'DEBUG_FUNC_CHECK'
     1>c:\users\elleri\documents\programs\test\engian\engian.engine\engian.test\engian.test\testutillist.cpp(68): error C2039: 's_functionTracker' : is not a member of '`global namespace''
     1>c:\users\elleri\documents\programs\test\engian\engian.engine\engian.test\engian.test\testutillist.cpp(68): error C2146: syntax error : missing ')' before identifier 's_functionTracker'
     1>c:\users\elleri\documents\programs\test\engian\engian.engine\engian.test\engian.test\testutillist.cpp(68): error C2059: syntax error : ')'
     1>c:\users\elleri\documents\programs\test\engian\engian.engine\engian.test\engian.test\testutillist.cpp(68): error C2143: syntax error : missing ';' before '{'
     1>c:\users\elleri\documents\programs\test\engian\engian.engine\engian.test\engian.test\testutillist.cpp(90): warning C4003: not enough actual parameters for macro 'DEBUG_FUNC_CHECK'
     1>c:\users\elleri\documents\programs\test\engian\engian.engine\engian.test\engian.test\testutillist.cpp(90): error C2039: 's_functionTracker' : is not a member of '`global namespace''
     1>c:\users\elleri\documents\programs\test\engian\engian.engine\engian.test\engian.test\testutillist.cpp(90): error C2146: syntax error : missing ')' before identifier 's_functionTracker'
     1>c:\users\elleri\documents\programs\test\engian\engian.engine\engian.test\engian.test\testutillist.cpp(90): error C2059: syntax error : ')'
     1>c:\users\elleri\documents\programs\test\engian\engian.engine\engian.test\engian.test\testutillist.cpp(90): error C2143: syntax error : missing ';' before '{'
     1>c:\users\elleri\documents\programs\test\engian\engian.engine\engian.test\engian.test\testutillist.cpp(123): warning C4002: too many actual parameters for macro 'TEST_ASSERT'
     1>c:\users\elleri\documents\programs\test\engian\engian.engine\engian.test\engian.test\testutillist.cpp(123): warning C4003: not enough actual parameters for macro 'DEBUG_FUNC_CHECK'
     1>c:\users\elleri\documents\programs\test\engian\engian.engine\engian.test\engian.test\testutillist.cpp(123): error C2039: 's_functionTracker' : is not a member of '`global namespace''
     1>c:\users\elleri\documents\programs\test\engian\engian.engine\engian.test\engian.test\testutillist.cpp(123): error C2146: syntax error : missing ')' before identifier 's_functionTracker'
     1>c:\users\elleri\documents\programs\test\engian\engian.engine\engian.test\engian.test\testutillist.cpp(123): error C2059: syntax error : ')'
     1>c:\users\elleri\documents\programs\test\engian\engian.engine\engian.test\engian.test\testutillist.cpp(130): warning C4620: no postfix form of 'operator ++' found for type 'Util::Container<T>::Iterator', using prefix form
                 with
                 [
                     T=int
                 ]
                 c:\users\elleri\documents\programs\test\engian\engian.engine\containers_lib\utilcontainer.h(113) : see declaration of 'Util::Container<T>::Iterator'
                 with
                 [
                     T=int
                 ]
     1>c:\users\elleri\documents\programs\test\engian\engian.engine\engian.test\engian.test\testutillist.cpp(165): warning C4002: too many actual parameters for macro 'TEST_ASSERT'
     1>c:\users\elleri\documents\programs\test\engian\engian.engine\engian.test\engian.test\testutillist.cpp(165): warning C4003: not enough actual parameters for macro 'DEBUG_FUNC_CHECK'
     1>c:\users\elleri\documents\programs\test\engian\engian.engine\engian.test\engian.test\testutillist.cpp(165): error C2039: 's_functionTracker' : is not a member of '`global namespace''
     1>c:\users\elleri\documents\programs\test\engian\engian.engine\engian.test\engian.test\testutillist.cpp(165): error C2146: syntax error : missing ')' before identifier 's_functionTracker'
     1>c:\users\elleri\documents\programs\test\engian\engian.engine\engian.test\engian.test\testutillist.cpp(165): error C2059: syntax error : ')'
     1>c:\users\elleri\documents\programs\test\engian\engian.engine\engian.test\engian.test\testutillist.cpp(171): warning C4620: no postfix form of 'operator ++' found for type 'Util::Container<T>::Iterator', using prefix form
                 with
                 [
                     T=int
                 ]
                 c:\users\elleri\documents\programs\test\engian\engian.engine\containers_lib\utilcontainer.h(113) : see declaration of 'Util::Container<T>::Iterator'
                 with
                 [
                     T=int
                 ]
     1>c:\users\elleri\documents\programs\test\engian\engian.engine\engian.test\engian.test\testutillist.cpp(191): warning C4003: not enough actual parameters for macro 'DEBUG_FUNC_CHECK'
     1>c:\users\elleri\documents\programs\test\engian\engian.engine\engian.test\engian.test\testutillist.cpp(191): error C2039: 's_functionTracker' : is not a member of '`global namespace''
     1>c:\users\elleri\documents\programs\test\engian\engian.engine\engian.test\engian.test\testutillist.cpp(191): error C2146: syntax error : missing ')' before identifier 's_functionTracker'
     1>c:\users\elleri\documents\programs\test\engian\engian.engine\engian.test\engian.test\testutillist.cpp(191): error C2059: syntax error : ')'
     1>c:\users\elleri\documents\programs\test\engian\engian.engine\engian.test\engian.test\testutillist.cpp(212): warning C4003: not enough actual parameters for macro 'DEBUG_FUNC_CHECK'
     1>c:\users\elleri\documents\programs\test\engian\engian.engine\engian.test\engian.test\testutillist.cpp(212): error C2039: 's_functionTracker' : is not a member of '`global namespace''
     1>c:\users\elleri\documents\programs\test\engian\engian.engine\engian.test\engian.test\testutillist.cpp(212): error C2146: syntax error : missing ')' before identifier 's_functionTracker'
     1>c:\users\elleri\documents\programs\test\engian\engian.engine\engian.test\engian.test\testutillist.cpp(212): error C2059: syntax error : ')'
     1>c:\users\elleri\documents\programs\test\engian\engian.engine\engian.test\engian.test\testutillist.cpp(231): error C2249: 'Util::Container<T>::m_size' : no accessible path to protected member declared in virtual base 'Util::Container<T>'
                 with
                 [
                     T=double
                 ]
                 c:\users\elleri\documents\programs\test\engian\engian.engine\containers_lib\utilcontainer.h(99) : see declaration of 'Util::Container<T>::m_size'
                 with
                 [
                     T=double
                 ]
     1>c:\users\elleri\documents\programs\test\engian\engian.engine\engian.test\engian.test\testutillist.cpp(232): error C2248: 'Util::Vector<T>::m_array' : cannot access protected member declared in class 'Util::Vector<T>'
                 with
                 [
                     T=double
                 ]
                 c:\users\elleri\documents\programs\test\engian\engian.engine\containers_lib\utilvector.h(139) : see declaration of 'Util::Vector<T>::m_array'
                 with
                 [
                     T=double
                 ]
     1>c:\users\elleri\documents\programs\test\engian\engian.engine\engian.test\engian.test\testutillist.cpp(232): error C2249: 'Util::Container<T>::m_size' : no accessible path to protected member declared in virtual base 'Util::Container<T>'
                 with
                 [
                     T=double
                 ]
                 c:\users\elleri\documents\programs\test\engian\engian.engine\containers_lib\utilcontainer.h(99) : see declaration of 'Util::Container<T>::m_size'
                 with
                 [
                     T=double
                 ]
     1>c:\users\elleri\documents\programs\test\engian\engian.engine\engian.test\engian.test\testutillist.cpp(234): warning C4003: not enough actual parameters for macro 'DEBUG_FUNC_CHECK'
     1>c:\users\elleri\documents\programs\test\engian\engian.engine\engian.test\engian.test\testutillist.cpp(234): error C2039: 's_functionTracker' : is not a member of '`global namespace''
     1>c:\users\elleri\documents\programs\test\engian\engian.engine\engian.test\engian.test\testutillist.cpp(234): error C2146: syntax error : missing ')' before identifier 's_functionTracker'
     1>c:\users\elleri\documents\programs\test\engian\engian.engine\engian.test\engian.test\testutillist.cpp(234): error C2059: syntax error : ')'
     1>c:\users\elleri\documents\programs\test\engian\engian.engine\engian.test\engian.test\testutillist.cpp(234): error C2143: syntax error : missing ';' before '{'
     1>c:\users\elleri\documents\programs\test\engian\engian.engine\engian.test\engian.test\testutillist.cpp(254): error C2249: 'Util::Container<T>::m_size' : no accessible path to protected member declared in virtual base 'Util::Container<T>'
                 with
                 [
                     T=float
                 ]
                 c:\users\elleri\documents\programs\test\engian\engian.engine\containers_lib\utilcontainer.h(99) : see declaration of 'Util::Container<T>::m_size'
                 with
                 [
                     T=float
                 ]
     1>c:\users\elleri\documents\programs\test\engian\engian.engine\engian.test\engian.test\testutillist.cpp(258): warning C4003: not enough actual parameters for macro 'DEBUG_FUNC_CHECK'
     1>c:\users\elleri\documents\programs\test\engian\engian.engine\engian.test\engian.test\testutillist.cpp(258): error C2039: 's_functionTracker' : is not a member of '`global namespace''
     1>c:\users\elleri\documents\programs\test\engian\engian.engine\engian.test\engian.test\testutillist.cpp(258): error C2146: syntax error : missing ')' before identifier 's_functionTracker'
     1>c:\users\elleri\documents\programs\test\engian\engian.engine\engian.test\engian.test\testutillist.cpp(258): error C2059: syntax error : ')'
     1>c:\users\elleri\documents\programs\test\engian\engian.engine\engian.test\engian.test\testutillist.cpp(280): warning C4003: not enough actual parameters for macro 'DEBUG_FUNC_CHECK'
     1>c:\users\elleri\documents\programs\test\engian\engian.engine\engian.test\engian.test\testutillist.cpp(280): error C2039: 's_functionTracker' : is not a member of '`global namespace''
     1>c:\users\elleri\documents\programs\test\engian\engian.engine\engian.test\engian.test\testutillist.cpp(280): error C2146: syntax error : missing ')' before identifier 's_functionTracker'
     1>c:\users\elleri\documents\programs\test\engian\engian.engine\engian.test\engian.test\testutillist.cpp(280): error C2059: syntax error : ')'
     1>c:\users\elleri\documents\programs\test\engian\engian.engine\engian.test\engian.test\testutillist.cpp(282): error C2249: 'Util::Container<T>::m_implementations' : no accessible path to protected member declared in virtual base 'Util::Container<T>'
                 with
                 [
                     T=char
                 ]
                 c:\users\elleri\documents\programs\test\engian\engian.engine\containers_lib\utilcontainer.h(100) : see declaration of 'Util::Container<T>::m_implementations'
                 with
                 [
                     T=char
                 ]
     1>c:\users\elleri\documents\programs\test\engian\engian.engine\engian.test\engian.test\testutillist.cpp(309): error C2248: 'Util::List<T>::ListIteratorImpl' : cannot access protected class declared in class 'Util::List<T>'
                 with
                 [
                     T=char
                 ]
                 c:\users\elleri\documents\programs\test\engian\engian.engine\containers_lib\utillist.h(76) : see declaration of 'Util::List<T>::ListIteratorImpl'
                 with
                 [
                     T=char
                 ]
     1>c:\users\elleri\documents\programs\test\engian\engian.engine\engian.test\engian.test\testutillist.cpp(309): error C2248: 'Util::Container<T>::Iterator::m_implementation' : cannot access protected member declared in class 'Util::Container<T>::Iterator'
                 with
                 [
                     T=char
                 ]
                 c:\users\elleri\documents\programs\test\engian\engian.engine\containers_lib\utilcontainer.h(148) : see declaration of 'Util::Container<T>::Iterator::m_implementation'
                 with
                 [
                     T=char
                 ]
                 c:\users\elleri\documents\programs\test\engian\engian.engine\containers_lib\utilcontainer.h(113) : see declaration of 'Util::Container<T>::Iterator'
                 with
                 [
                     T=char
                 ]
                 c:\users\elleri\documents\programs\test\engian\engian.engine\containers_lib\utillist.h(76) : see declaration of 'Util::List<T>::ListIteratorImpl'
                 with
                 [
                     T=char
                 ]
     1>c:\users\elleri\documents\programs\test\engian\engian.engine\engian.test\engian.test\testutillist.cpp(311): error C2248: 'Util::List<T>::ListIteratorImpl::m_listNode' : cannot access protected member declared in class 'Util::List<T>::ListIteratorImpl'
                 with
                 [
                     T=char
                 ]
                 c:\users\elleri\documents\programs\test\engian\engian.engine\containers_lib\utillist.h(123) : see declaration of 'Util::List<T>::ListIteratorImpl::m_listNode'
                 with
                 [
                     T=char
                 ]
                 c:\users\elleri\documents\programs\test\engian\engian.engine\containers_lib\utillist.h(76) : see declaration of 'Util::List<T>::ListIteratorImpl'
                 with
                 [
                     T=char
                 ]
     1>c:\users\elleri\documents\programs\test\engian\engian.engine\engian.test\engian.test\testutillist.cpp(311): error C2248: 'Util::List<T>::m_end' : cannot access protected member declared in class 'Util::List<T>'
                 with
                 [
                     T=char
                 ]
                 c:\users\elleri\documents\programs\test\engian\engian.engine\containers_lib\utillist.h(135) : see declaration of 'Util::List<T>::m_end'
                 with
                 [
                     T=char
                 ]
     1>c:\users\elleri\documents\programs\test\engian\engian.engine\engian.test\engian.test\testutillist.cpp(312): warning C4003: not enough actual parameters for macro 'DEBUG_FUNC_CHECK'
     1>c:\users\elleri\documents\programs\test\engian\engian.engine\engian.test\engian.test\testutillist.cpp(312): error C2039: 's_functionTracker' : is not a member of '`global namespace''
     1>c:\users\elleri\documents\programs\test\engian\engian.engine\engian.test\engian.test\testutillist.cpp(312): error C2146: syntax error : missing ')' before identifier 's_functionTracker'
     1>c:\users\elleri\documents\programs\test\engian\engian.engine\engian.test\engian.test\testutillist.cpp(312): error C2059: syntax error : ')'
     1>c:\users\elleri\documents\programs\test\engian\engian.engine\engian.test\engian.test\testutillist.cpp(314): error C2249: 'Util::Container<T>::m_implementations' : no accessible path to protected member declared in virtual base 'Util::Container<T>'
                 with
                 [
                     T=char
                 ]
                 c:\users\elleri\documents\programs\test\engian\engian.engine\containers_lib\utilcontainer.h(100) : see declaration of 'Util::Container<T>::m_implementations'
                 with
                 [
                     T=char
                 ]
     1>c:\users\elleri\documents\programs\test\engian\engian.engine\engian.test\engian.test\testutillist.cpp(344): warning C4003: not enough actual parameters for macro 'DEBUG_FUNC_CHECK'
     1>c:\users\elleri\documents\programs\test\engian\engian.engine\engian.test\engian.test\testutillist.cpp(344): error C2039: 's_functionTracker' : is not a member of '`global namespace''
     1>c:\users\elleri\documents\programs\test\engian\engian.engine\engian.test\engian.test\testutillist.cpp(344): error C2146: syntax error : missing ')' before identifier 's_functionTracker'
     1>c:\users\elleri\documents\programs\test\engian\engian.engine\engian.test\engian.test\testutillist.cpp(344): error C2059: syntax error : ')'
     1>c:\users\elleri\documents\programs\test\engian\engian.engine\engian.test\engian.test\testutillist.cpp(344): error C2143: syntax error : missing ';' before '{'
     1>c:\users\elleri\documents\programs\test\engian\engian.engine\engian.test\engian.test\testutillist.cpp(368): warning C4003: not enough actual parameters for macro 'DEBUG_FUNC_CHECK'
     1>c:\users\elleri\documents\programs\test\engian\engian.engine\engian.test\engian.test\testutillist.cpp(368): error C2039: 's_functionTracker' : is not a member of '`global namespace''
     1>c:\users\elleri\documents\programs\test\engian\engian.engine\engian.test\engian.test\testutillist.cpp(368): error C2146: syntax error : missing ')' before identifier 's_functionTracker'
     1>c:\users\elleri\documents\programs\test\engian\engian.engine\engian.test\engian.test\testutillist.cpp(368): error C2059: syntax error : ')'
     1>c:\users\elleri\documents\programs\test\engian\engian.engine\engian.test\engian.test\testutillist.cpp(368): error C2143: syntax error : missing ';' before '{'
     1>c:\users\elleri\documents\programs\test\engian\engian.engine\engian.test\engian.test\testutillist.cpp(396): warning C4003: not enough actual parameters for macro 'DEBUG_FUNC_CHECK'
     1>c:\users\elleri\documents\programs\test\engian\engian.engine\engian.test\engian.test\testutillist.cpp(396): error C2039: 's_functionTracker' : is not a member of '`global namespace''
     1>c:\users\elleri\documents\programs\test\engian\engian.engine\engian.test\engian.test\testutillist.cpp(396): error C2146: syntax error : missing ')' before identifier 's_functionTracker'
     1>c:\users\elleri\documents\programs\test\engian\engian.engine\engian.test\engian.test\testutillist.cpp(396): error C2059: syntax error : ')'
     1>c:\users\elleri\documents\programs\test\engian\engian.engine\engian.test\engian.test\testutillist.cpp(396): error C2143: syntax error : missing ';' before '{'
     1>c:\users\elleri\documents\programs\test\engian\engian.engine\engian.test\engian.test\testutillist.cpp(428): warning C4003: not enough actual parameters for macro 'DEBUG_FUNC_CHECK'
     1>c:\users\elleri\documents\programs\test\engian\engian.engine\engian.test\engian.test\testutillist.cpp(428): error C2039: 's_functionTracker' : is not a member of '`global namespace''
     1>c:\users\elleri\documents\programs\test\engian\engian.engine\engian.test\engian.test\testutillist.cpp(428): error C2146: syntax error : missing ')' before identifier 's_functionTracker'
     1>c:\users\elleri\documents\programs\test\engian\engian.engine\engian.test\engian.test\testutillist.cpp(428): error C2059: syntax error : ')'
     1>c:\users\elleri\documents\programs\test\engian\engian.engine\engian.test\engian.test\testutillist.cpp(428): error C2143: syntax error : missing ';' before '{'
     1>c:\users\elleri\documents\programs\test\engian\engian.engine\engian.test\engian.test\testutillist.cpp(455): error C2248: 'Util::Vector<T>::m_array' : cannot access protected member declared in class 'Util::Vector<T>'
                 with
                 [
                     T=unsigned int
                 ]
                 c:\users\elleri\documents\programs\test\engian\engian.engine\containers_lib\utilvector.h(139) : see declaration of 'Util::Vector<T>::m_array'
                 with
                 [
                     T=unsigned int
                 ]
     1>c:\users\elleri\documents\programs\test\engian\engian.engine\engian.test\engian.test\testutillist.cpp(463): error C2248: 'Util::Vector<T>::m_array' : cannot access protected member declared in class 'Util::Vector<T>'
                 with
                 [
                     T=unsigned int
                 ]
                 c:\users\elleri\documents\programs\test\engian\engian.engine\containers_lib\utilvector.h(139) : see declaration of 'Util::Vector<T>::m_array'
                 with
                 [
                     T=unsigned int
                 ]
     1>c:\users\elleri\documents\programs\test\engian\engian.engine\engian.test\engian.test\testutillist.cpp(469): error C2248: 'Util::Vector<T>::m_array' : cannot access protected member declared in class 'Util::Vector<T>'
                 with
                 [
                     T=unsigned int
                 ]
                 c:\users\elleri\documents\programs\test\engian\engian.engine\containers_lib\utilvector.h(139) : see declaration of 'Util::Vector<T>::m_array'
                 with
                 [
                     T=unsigned int
                 ]
     1>c:\users\elleri\documents\programs\test\engian\engian.engine\engian.test\engian.test\testutillist.cpp(479): warning C4003: not enough actual parameters for macro 'DEBUG_FUNC_CHECK'
     1>c:\users\elleri\documents\programs\test\engian\engian.engine\engian.test\engian.test\testutillist.cpp(479): error C2039: 's_functionTracker' : is not a member of '`global namespace''
     1>c:\users\elleri\documents\programs\test\engian\engian.engine\engian.test\engian.test\testutillist.cpp(479): error C2146: syntax error : missing ')' before identifier 's_functionTracker'
     1>c:\users\elleri\documents\programs\test\engian\engian.engine\engian.test\engian.test\testutillist.cpp(479): error C2059: syntax error : ')'
     1>c:\users\elleri\documents\programs\test\engian\engian.engine\engian.test\engian.test\testutillist.cpp(504): error C2248: 'Util::Vector<T>::m_array' : cannot access protected member declared in class 'Util::Vector<T>'
                 with
                 [
                     T=unsigned int
                 ]
                 c:\users\elleri\documents\programs\test\engian\engian.engine\containers_lib\utilvector.h(139) : see declaration of 'Util::Vector<T>::m_array'
                 with
                 [
                     T=unsigned int
                 ]
     1>c:\users\elleri\documents\programs\test\engian\engian.engine\engian.test\engian.test\testutillist.cpp(510): error C2248: 'Util::Vector<T>::m_array' : cannot access protected member declared in class 'Util::Vector<T>'
                 with
                 [
                     T=unsigned int
                 ]
                 c:\users\elleri\documents\programs\test\engian\engian.engine\containers_lib\utilvector.h(139) : see declaration of 'Util::Vector<T>::m_array'
                 with
                 [
                     T=unsigned int
                 ]
     1>c:\users\elleri\documents\programs\test\engian\engian.engine\engian.test\engian.test\testutillist.cpp(515): error C2248: 'Util::Vector<T>::m_array' : cannot access protected member declared in class 'Util::Vector<T>'
                 with
                 [
                     T=unsigned int
                 ]
                 c:\users\elleri\documents\programs\test\engian\engian.engine\containers_lib\utilvector.h(139) : see declaration of 'Util::Vector<T>::m_array'
                 with
                 [
                     T=unsigned int
                 ]
     1>c:\users\elleri\documents\programs\test\engian\engian.engine\engian.test\engian.test\testutillist.cpp(525): warning C4003: not enough actual parameters for macro 'DEBUG_FUNC_CHECK'
     1>c:\users\elleri\documents\programs\test\engian\engian.engine\engian.test\engian.test\testutillist.cpp(525): error C2039: 's_functionTracker' : is not a member of '`global namespace''
     1>c:\users\elleri\documents\programs\test\engian\engian.engine\engian.test\engian.test\testutillist.cpp(525): error C2146: syntax error : missing ')' before identifier 's_functionTracker'
     1>c:\users\elleri\documents\programs\test\engian\engian.engine\engian.test\engian.test\testutillist.cpp(525): error C2059: syntax error : ')'
     1>c:\users\elleri\documents\programs\test\engian\engian.engine\engian.test\engian.test\testutillist.cpp(541): warning C4305: 'argument' : truncation from '__int64' to 'const long'
     1>c:\users\elleri\documents\programs\test\engian\engian.engine\engian.test\engian.test\testutillist.cpp(541): warning C4309: 'argument' : truncation of constant value
     1>c:\users\elleri\documents\programs\test\engian\engian.engine\engian.test\engian.test\testutillist.cpp(542): warning C4305: 'argument' : truncation from '__int64' to 'const long'
     1>c:\users\elleri\documents\programs\test\engian\engian.engine\engian.test\engian.test\testutillist.cpp(542): warning C4309: 'argument' : truncation of constant value
     1>c:\users\elleri\documents\programs\test\engian\engian.engine\engian.test\engian.test\testutillist.cpp(545): warning C4305: 'argument' : truncation from '__int64' to 'const long'
     1>c:\users\elleri\documents\programs\test\engian\engian.engine\engian.test\engian.test\testutillist.cpp(545): warning C4309: 'argument' : truncation of constant value
     1>c:\users\elleri\documents\programs\test\engian\engian.engine\engian.test\engian.test\testutillist.cpp(546): warning C4305: 'argument' : truncation from '__int64' to 'const long'
     1>c:\users\elleri\documents\programs\test\engian\engian.engine\engian.test\engian.test\testutillist.cpp(546): warning C4309: 'argument' : truncation of constant value
     1>c:\users\elleri\documents\programs\test\engian\engian.engine\engian.test\engian.test\testutillist.cpp(548): warning C4003: not enough actual parameters for macro 'DEBUG_FUNC_CHECK'
     1>c:\users\elleri\documents\programs\test\engian\engian.engine\engian.test\engian.test\testutillist.cpp(548): error C2039: 's_functionTracker' : is not a member of '`global namespace''
     1>c:\users\elleri\documents\programs\test\engian\engian.engine\engian.test\engian.test\testutillist.cpp(548): error C2146: syntax error : missing ')' before identifier 's_functionTracker'
     1>c:\users\elleri\documents\programs\test\engian\engian.engine\engian.test\engian.test\testutillist.cpp(548): error C2059: syntax error : ')'
     1>c:\users\elleri\documents\programs\test\engian\engian.engine\engian.test\engian.test\testutillist.cpp(574): warning C4003: not enough actual parameters for macro 'DEBUG_FUNC_CHECK'
     1>c:\users\elleri\documents\programs\test\engian\engian.engine\engian.test\engian.test\testutillist.cpp(574): error C2039: 's_functionTracker' : is not a member of '`global namespace''
     1>c:\users\elleri\documents\programs\test\engian\engian.engine\engian.test\engian.test\testutillist.cpp(574): error C2146: syntax error : missing ')' before identifier 's_functionTracker'
     1>c:\users\elleri\documents\programs\test\engian\engian.engine\engian.test\engian.test\testutillist.cpp(574): error C2059: syntax error : ')'
     1>c:\users\elleri\documents\programs\test\engian\engian.engine\engian.test\engian.test\testutillist.cpp(601): warning C4003: not enough actual parameters for macro 'DEBUG_FUNC_CHECK'
     1>c:\users\elleri\documents\programs\test\engian\engian.engine\engian.test\engian.test\testutillist.cpp(601): error C2039: 's_functionTracker' : is not a member of '`global namespace''
     1>c:\users\elleri\documents\programs\test\engian\engian.engine\engian.test\engian.test\testutillist.cpp(601): error C2146: syntax error : missing ')' before identifier 's_functionTracker'
     1>c:\users\elleri\documents\programs\test\engian\engian.engine\engian.test\engian.test\testutillist.cpp(601): error C2059: syntax error : ')'
     1>c:\users\elleri\documents\programs\test\engian\engian.engine\engian.test\engian.test\testutillist.cpp(626): error C2249: 'Util::Container<T>::m_size' : no accessible path to protected member declared in virtual base 'Util::Container<T>'
                 with
                 [
                     T=unsigned char
                 ]
                 c:\users\elleri\documents\programs\test\engian\engian.engine\containers_lib\utilcontainer.h(99) : see declaration of 'Util::Container<T>::m_size'
                 with
                 [
                     T=unsigned char
                 ]
                 c:\users\elleri\documents\programs\test\engian\engian.engine\containers_lib\utilcontainer.h(99) : see declaration of 'Util::Container<T>::m_size'
                 with
                 [
                     T=unsigned char
                 ]
     1>c:\users\elleri\documents\programs\test\engian\engian.engine\engian.test\engian.test\testutillist.cpp(629): warning C4003: not enough actual parameters for macro 'DEBUG_FUNC_CHECK'
     1>c:\users\elleri\documents\programs\test\engian\engian.engine\engian.test\engian.test\testutillist.cpp(629): error C2039: 's_functionTracker' : is not a member of '`global namespace''
     1>c:\users\elleri\documents\programs\test\engian\engian.engine\engian.test\engian.test\testutillist.cpp(629): error C2146: syntax error : missing ')' before identifier 's_functionTracker'
     1>c:\users\elleri\documents\programs\test\engian\engian.engine\engian.test\engian.test\testutillist.cpp(629): error C2059: syntax error : ')'
     1>c:\users\elleri\documents\programs\test\engian\engian.engine\engian.test\engian.test\testutillist.cpp(657): warning C4003: not enough actual parameters for macro 'DEBUG_FUNC_CHECK'
     1>c:\users\elleri\documents\programs\test\engian\engian.engine\engian.test\engian.test\testutillist.cpp(657): error C2039: 's_functionTracker' : is not a member of '`global namespace''
     1>c:\users\elleri\documents\programs\test\engian\engian.engine\engian.test\engian.test\testutillist.cpp(657): error C2146: syntax error : missing ')' before identifier 's_functionTracker'
     1>c:\users\elleri\documents\programs\test\engian\engian.engine\engian.test\engian.test\testutillist.cpp(657): error C2059: syntax error : ')'
         testUtilHashTable.cpp
     1>c:\users\elleri\documents\programs\test\engian\engian.engine\containers_lib\utilvector.h(18): error C2272: 'dbgGet_c_defaultCapacity' : modifiers not allowed on static member functions
                 c:\users\elleri\documents\programs\test\engian\engian.engine\containers_lib\utilvector.h(140) : see reference to class template instantiation 'Util::Vector<T>' being compiled
     1>c:\users\elleri\documents\programs\test\engian\engian.engine\containers_lib\utilvector.h(19): error C2272: 'dbgGet_c_growMultiplier' : modifiers not allowed on static member functions
     1>c:\users\elleri\documents\programs\test\engian\engian.engine\containers_lib\utilhashtable.h(25): error C2272: 'dbgGet_c_defaultCapacity' : modifiers not allowed on static member functions
                 c:\users\elleri\documents\programs\test\engian\engian.engine\containers_lib\utilhashtable.h(236) : see reference to class template instantiation 'Util::HashTable<T,KEY>' being compiled
     1>c:\users\elleri\documents\programs\test\engian\engian.engine\containers_lib\utilhashtable.h(26): error C2272: 'dbgGet_c_growRatio' : modifiers not allowed on static member functions
     1>c:\users\elleri\documents\programs\test\engian\engian.engine\containers_lib\utilhashtable.h(27): error C2272: 'dbgGet_c_growMultiplier' : modifiers not allowed on static member functions
     1>c:\users\elleri\documents\programs\test\engian\engian.engine\engian.test\engian.test\testutilhashtable.cpp(68): warning C4003: not enough actual parameters for macro 'DEBUG_FUNC_CHECK'
     1>c:\users\elleri\documents\programs\test\engian\engian.engine\engian.test\engian.test\testutilhashtable.cpp(68): error C2039: 's_functionTracker' : is not a member of '`global namespace''
     1>c:\users\elleri\documents\programs\test\engian\engian.engine\engian.test\engian.test\testutilhashtable.cpp(68): error C2146: syntax error : missing ')' before identifier 's_functionTracker'
     1>c:\users\elleri\documents\programs\test\engian\engian.engine\engian.test\engian.test\testutilhashtable.cpp(68): error C2059: syntax error : ')'
     1>c:\users\elleri\documents\programs\test\engian\engian.engine\engian.test\engian.test\testutilhashtable.cpp(82): warning C4003: not enough actual parameters for macro 'DEBUG_FUNC_CHECK'
     1>c:\users\elleri\documents\programs\test\engian\engian.engine\engian.test\engian.test\testutilhashtable.cpp(82): error C2039: 's_functionTracker' : is not a member of '`global namespace''
     1>c:\users\elleri\documents\programs\test\engian\engian.engine\engian.test\engian.test\testutilhashtable.cpp(82): error C2146: syntax error : missing ')' before identifier 's_functionTracker'
     1>c:\users\elleri\documents\programs\test\engian\engian.engine\engian.test\engian.test\testutilhashtable.cpp(82): error C2059: syntax error : ')'
     1>c:\users\elleri\documents\programs\test\engian\engian.engine\engian.test\engian.test\testutilhashtable.cpp(96): warning C4003: not enough actual parameters for macro 'DEBUG_FUNC_CHECK'
     1>c:\users\elleri\documents\programs\test\engian\engian.engine\engian.test\engian.test\testutilhashtable.cpp(96): error C2039: 's_functionTracker' : is not a member of '`global namespace''
     1>c:\users\elleri\documents\programs\test\engian\engian.engine\engian.test\engian.test\testutilhashtable.cpp(96): error C2146: syntax error : missing ')' before identifier 's_functionTracker'
     1>c:\users\elleri\documents\programs\test\engian\engian.engine\engian.test\engian.test\testutilhashtable.cpp(96): error C2059: syntax error : ')'
     1>c:\users\elleri\documents\programs\test\engian\engian.engine\engian.test\engian.test\testutilhashtable.cpp(110): warning C4003: not enough actual parameters for macro 'DEBUG_FUNC_CHECK'
     1>c:\users\elleri\documents\programs\test\engian\engian.engine\engian.test\engian.test\testutilhashtable.cpp(110): error C2039: 's_functionTracker' : is not a member of '`global namespace''
     1>c:\users\elleri\documents\programs\test\engian\engian.engine\engian.test\engian.test\testutilhashtable.cpp(110): error C2146: syntax error : missing ')' before identifier 's_functionTracker'
     1>c:\users\elleri\documents\programs\test\engian\engian.engine\engian.test\engian.test\testutilhashtable.cpp(110): error C2059: syntax error : ')'
     1>c:\users\elleri\documents\programs\test\engian\engian.engine\engian.test\engian.test\testutilhashtable.cpp(124): warning C4003: not enough actual parameters for macro 'DEBUG_FUNC_CHECK'
     1>c:\users\elleri\documents\programs\test\engian\engian.engine\engian.test\engian.test\testutilhashtable.cpp(124): error C2039: 's_functionTracker' : is not a member of '`global namespace''
     1>c:\users\elleri\documents\programs\test\engian\engian.engine\engian.test\engian.test\testutilhashtable.cpp(124): error C2146: syntax error : missing ')' before identifier 's_functionTracker'
     1>c:\users\elleri\documents\programs\test\engian\engian.engine\engian.test\engian.test\testutilhashtable.cpp(124): error C2059: syntax error : ')'
     1>c:\users\elleri\documents\programs\test\engian\engian.engine\engian.test\engian.test\testutilhashtable.cpp(138): warning C4003: not enough actual parameters for macro 'DEBUG_FUNC_CHECK'
     1>c:\users\elleri\documents\programs\test\engian\engian.engine\engian.test\engian.test\testutilhashtable.cpp(138): error C2039: 's_functionTracker' : is not a member of '`global namespace''
     1>c:\users\elleri\documents\programs\test\engian\engian.engine\engian.test\engian.test\testutilhashtable.cpp(138): error C2146: syntax error : missing ')' before identifier 's_functionTracker'
     1>c:\users\elleri\documents\programs\test\engian\engian.engine\engian.test\engian.test\testutilhashtable.cpp(138): error C2059: syntax error : ')'
     1>c:\users\elleri\documents\programs\test\engian\engian.engine\engian.test\engian.test\testutilhashtable.cpp(152): warning C4003: not enough actual parameters for macro 'DEBUG_FUNC_CHECK'
     1>c:\users\elleri\documents\programs\test\engian\engian.engine\engian.test\engian.test\testutilhashtable.cpp(152): error C2039: 's_functionTracker' : is not a member of '`global namespace''
     1>c:\users\elleri\documents\programs\test\engian\engian.engine\engian.test\engian.test\testutilhashtable.cpp(152): error C2146: syntax error : missing ')' before identifier 's_functionTracker'
     1>c:\users\elleri\documents\programs\test\engian\engian.engine\engian.test\engian.test\testutilhashtable.cpp(152): error C2059: syntax error : ')'
     1>c:\users\elleri\documents\programs\test\engian\engian.engine\engian.test\engian.test\testutilhashtable.cpp(166): warning C4003: not enough actual parameters for macro 'DEBUG_FUNC_CHECK'
     1>c:\users\elleri\documents\programs\test\engian\engian.engine\engian.test\engian.test\testutilhashtable.cpp(166): error C2039: 's_functionTracker' : is not a member of '`global namespace''
     1>c:\users\elleri\documents\programs\test\engian\engian.engine\engian.test\engian.test\testutilhashtable.cpp(166): error C2146: syntax error : missing ')' before identifier 's_functionTracker'
     1>c:\users\elleri\documents\programs\test\engian\engian.engine\engian.test\engian.test\testutilhashtable.cpp(166): error C2059: syntax error : ')'
     1>c:\users\elleri\documents\programs\test\engian\engian.engine\engian.test\engian.test\testutilhashtable.cpp(180): warning C4003: not enough actual parameters for macro 'DEBUG_FUNC_CHECK'
     1>c:\users\elleri\documents\programs\test\engian\engian.engine\engian.test\engian.test\testutilhashtable.cpp(180): error C2039: 's_functionTracker' : is not a member of '`global namespace''
     1>c:\users\elleri\documents\programs\test\engian\engian.engine\engian.test\engian.test\testutilhashtable.cpp(180): error C2146: syntax error : missing ')' before identifier 's_functionTracker'
     1>c:\users\elleri\documents\programs\test\engian\engian.engine\engian.test\engian.test\testutilhashtable.cpp(180): error C2059: syntax error : ')'
     1>c:\users\elleri\documents\programs\test\engian\engian.engine\engian.test\engian.test\testutilhashtable.cpp(194): warning C4003: not enough actual parameters for macro 'DEBUG_FUNC_CHECK'
     1>c:\users\elleri\documents\programs\test\engian\engian.engine\engian.test\engian.test\testutilhashtable.cpp(194): error C2039: 's_functionTracker' : is not a member of '`global namespace''
     1>c:\users\elleri\documents\programs\test\engian\engian.engine\engian.test\engian.test\testutilhashtable.cpp(194): error C2146: syntax error : missing ')' before identifier 's_functionTracker'
     1>c:\users\elleri\documents\programs\test\engian\engian.engine\engian.test\engian.test\testutilhashtable.cpp(194): error C2059: syntax error : ')'
     1>c:\users\elleri\documents\programs\test\engian\engian.engine\engian.test\engian.test\testutilhashtable.cpp(208): warning C4003: not enough actual parameters for macro 'DEBUG_FUNC_CHECK'
     1>c:\users\elleri\documents\programs\test\engian\engian.engine\engian.test\engian.test\testutilhashtable.cpp(208): error C2039: 's_functionTracker' : is not a member of '`global namespace''
     1>c:\users\elleri\documents\programs\test\engian\engian.engine\engian.test\engian.test\testutilhashtable.cpp(208): error C2146: syntax error : missing ')' before identifier 's_functionTracker'
     1>c:\users\elleri\documents\programs\test\engian\engian.engine\engian.test\engian.test\testutilhashtable.cpp(208): error C2059: syntax error : ')'
     1>c:\users\elleri\documents\programs\test\engian\engian.engine\engian.test\engian.test\testutilhashtable.cpp(222): warning C4003: not enough actual parameters for macro 'DEBUG_FUNC_CHECK'
     1>c:\users\elleri\documents\programs\test\engian\engian.engine\engian.test\engian.test\testutilhashtable.cpp(222): error C2039: 's_functionTracker' : is not a member of '`global namespace''
     1>c:\users\elleri\documents\programs\test\engian\engian.engine\engian.test\engian.test\testutilhashtable.cpp(222): error C2146: syntax error : missing ')' before identifier 's_functionTracker'
     1>c:\users\elleri\documents\programs\test\engian\engian.engine\engian.test\engian.test\testutilhashtable.cpp(222): error C2059: syntax error : ')'
     1>c:\users\elleri\documents\programs\test\engian\engian.engine\engian.test\engian.test\testutilhashtable.cpp(236): warning C4003: not enough actual parameters for macro 'DEBUG_FUNC_CHECK'
     1>c:\users\elleri\documents\programs\test\engian\engian.engine\engian.test\engian.test\testutilhashtable.cpp(236): error C2039: 's_functionTracker' : is not a member of '`global namespace''
     1>c:\users\elleri\documents\programs\test\engian\engian.engine\engian.test\engian.test\testutilhashtable.cpp(236): error C2146: syntax error : missing ')' before identifier 's_functionTracker'
     1>c:\users\elleri\documents\programs\test\engian\engian.engine\engian.test\engian.test\testutilhashtable.cpp(236): error C2059: syntax error : ')'
     1>c:\users\elleri\documents\programs\test\engian\engian.engine\engian.test\engian.test\testutilhashtable.cpp(250): warning C4003: not enough actual parameters for macro 'DEBUG_FUNC_CHECK'
     1>c:\users\elleri\documents\programs\test\engian\engian.engine\engian.test\engian.test\testutilhashtable.cpp(250): error C2039: 's_functionTracker' : is not a member of '`global namespace''
     1>c:\users\elleri\documents\programs\test\engian\engian.engine\engian.test\engian.test\testutilhashtable.cpp(250): error C2146: syntax error : missing ')' before identifier 's_functionTracker'
     1>c:\users\elleri\documents\programs\test\engian\engian.engine\engian.test\engian.test\testutilhashtable.cpp(250): error C2059: syntax error : ')'
     1>c:\users\elleri\documents\programs\test\engian\engian.engine\engian.test\engian.test\testutilhashtable.cpp(264): warning C4003: not enough actual parameters for macro 'DEBUG_FUNC_CHECK'
     1>c:\users\elleri\documents\programs\test\engian\engian.engine\engian.test\engian.test\testutilhashtable.cpp(264): error C2039: 's_functionTracker' : is not a member of '`global namespace''
     1>c:\users\elleri\documents\programs\test\engian\engian.engine\engian.test\engian.test\testutilhashtable.cpp(264): error C2146: syntax error : missing ')' before identifier 's_functionTracker'
     1>c:\users\elleri\documents\programs\test\engian\engian.engine\engian.test\engian.test\testutilhashtable.cpp(264): error C2059: syntax error : ')'
     1>c:\users\elleri\documents\programs\test\engian\engian.engine\engian.test\engian.test\testutilhashtable.cpp(278): warning C4003: not enough actual parameters for macro 'DEBUG_FUNC_CHECK'
     1>c:\users\elleri\documents\programs\test\engian\engian.engine\engian.test\engian.test\testutilhashtable.cpp(278): error C2039: 's_functionTracker' : is not a member of '`global namespace''
     1>c:\users\elleri\documents\programs\test\engian\engian.engine\engian.test\engian.test\testutilhashtable.cpp(278): error C2146: syntax error : missing ')' before identifier 's_functionTracker'
     1>c:\users\elleri\documents\programs\test\engian\engian.engine\engian.test\engian.test\testutilhashtable.cpp(278): error C2059: syntax error : ')'
     1>c:\users\elleri\documents\programs\test\engian\engian.engine\engian.test\engian.test\testutilhashtable.cpp(292): warning C4003: not enough actual parameters for macro 'DEBUG_FUNC_CHECK'
     1>c:\users\elleri\documents\programs\test\engian\engian.engine\engian.test\engian.test\testutilhashtable.cpp(292): error C2039: 's_functionTracker' : is not a member of '`global namespace''
     1>c:\users\elleri\documents\programs\test\engian\engian.engine\engian.test\engian.test\testutilhashtable.cpp(292): error C2146: syntax error : missing ')' before identifier 's_functionTracker'
     1>c:\users\elleri\documents\programs\test\engian\engian.engine\engian.test\engian.test\testutilhashtable.cpp(292): error C2059: syntax error : ')'
     1>c:\users\elleri\documents\programs\test\engian\engian.engine\engian.test\engian.test\testutilhashtable.cpp(306): warning C4003: not enough actual parameters for macro 'DEBUG_FUNC_CHECK'
     1>c:\users\elleri\documents\programs\test\engian\engian.engine\engian.test\engian.test\testutilhashtable.cpp(306): error C2039: 's_functionTracker' : is not a member of '`global namespace''
     1>c:\users\elleri\documents\programs\test\engian\engian.engine\engian.test\engian.test\testutilhashtable.cpp(306): error C2146: syntax error : missing ')' before identifier 's_functionTracker'
     1>c:\users\elleri\documents\programs\test\engian\engian.engine\engian.test\engian.test\testutilhashtable.cpp(306): error C2059: syntax error : ')'
     1>c:\users\elleri\documents\programs\test\engian\engian.engine\engian.test\engian.test\testutilhashtable.cpp(320): warning C4003: not enough actual parameters for macro 'DEBUG_FUNC_CHECK'
     1>c:\users\elleri\documents\programs\test\engian\engian.engine\engian.test\engian.test\testutilhashtable.cpp(320): error C2039: 's_functionTracker' : is not a member of '`global namespace''
     1>c:\users\elleri\documents\programs\test\engian\engian.engine\engian.test\engian.test\testutilhashtable.cpp(320): error C2146: syntax error : missing ')' before identifier 's_functionTracker'
     1>c:\users\elleri\documents\programs\test\engian\engian.engine\engian.test\engian.test\testutilhashtable.cpp(320): error C2059: syntax error : ')'
     1>c:\users\elleri\documents\programs\test\engian\engian.engine\engian.test\engian.test\testutilhashtable.cpp(334): warning C4003: not enough actual parameters for macro 'DEBUG_FUNC_CHECK'
     1>c:\users\elleri\documents\programs\test\engian\engian.engine\engian.test\engian.test\testutilhashtable.cpp(334): error C2039: 's_functionTracker' : is not a member of '`global namespace''
     1>c:\users\elleri\documents\programs\test\engian\engian.engine\engian.test\engian.test\testutilhashtable.cpp(334): error C2146: syntax error : missing ')' before identifier 's_functionTracker'
     1>c:\users\elleri\documents\programs\test\engian\engian.engine\engian.test\engian.test\testutilhashtable.cpp(334): error C2059: syntax error : ')'
     1>c:\users\elleri\documents\programs\test\engian\engian.engine\engian.test\engian.test\testutilhashtable.cpp(348): warning C4003: not enough actual parameters for macro 'DEBUG_FUNC_CHECK'
     1>c:\users\elleri\documents\programs\test\engian\engian.engine\engian.test\engian.test\testutilhashtable.cpp(348): error C2039: 's_functionTracker' : is not a member of '`global namespace''
     1>c:\users\elleri\documents\programs\test\engian\engian.engine\engian.test\engian.test\testutilhashtable.cpp(348): error C2146: syntax error : missing ')' before identifier 's_functionTracker'
     1>c:\users\elleri\documents\programs\test\engian\engian.engine\engian.test\engian.test\testutilhashtable.cpp(348): error C2059: syntax error : ')'
     1>c:\users\elleri\documents\programs\test\engian\engian.engine\engian.test\engian.test\testutilhashtable.cpp(362): warning C4003: not enough actual parameters for macro 'DEBUG_FUNC_CHECK'
     1>c:\users\elleri\documents\programs\test\engian\engian.engine\engian.test\engian.test\testutilhashtable.cpp(362): error C2039: 's_functionTracker' : is not a member of '`global namespace''
     1>c:\users\elleri\documents\programs\test\engian\engian.engine\engian.test\engian.test\testutilhashtable.cpp(362): error C2146: syntax error : missing ')' before identifier 's_functionTracker'
     1>c:\users\elleri\documents\programs\test\engian\engian.engine\engian.test\engian.test\testutilhashtable.cpp(362): error C2059: syntax error : ')'
     1>c:\users\elleri\documents\programs\test\engian\engian.engine\engian.test\engian.test\testutilhashtable.cpp(376): warning C4003: not enough actual parameters for macro 'DEBUG_FUNC_CHECK'
     1>c:\users\elleri\documents\programs\test\engian\engian.engine\engian.test\engian.test\testutilhashtable.cpp(376): error C2039: 's_functionTracker' : is not a member of '`global namespace''
     1>c:\users\elleri\documents\programs\test\engian\engian.engine\engian.test\engian.test\testutilhashtable.cpp(376): error C2146: syntax error : missing ')' before identifier 's_functionTracker'
     1>c:\users\elleri\documents\programs\test\engian\engian.engine\engian.test\engian.test\testutilhashtable.cpp(376): error C2059: syntax error : ')'
     1>c:\users\elleri\documents\programs\test\engian\engian.engine\engian.test\engian.test\testutilhashtable.cpp(390): warning C4003: not enough actual parameters for macro 'DEBUG_FUNC_CHECK'
     1>c:\users\elleri\documents\programs\test\engian\engian.engine\engian.test\engian.test\testutilhashtable.cpp(390): error C2039: 's_functionTracker' : is not a member of '`global namespace''
     1>c:\users\elleri\documents\programs\test\engian\engian.engine\engian.test\engian.test\testutilhashtable.cpp(390): error C2146: syntax error : missing ')' before identifier 's_functionTracker'
     1>c:\users\elleri\documents\programs\test\engian\engian.engine\engian.test\engian.test\testutilhashtable.cpp(390): error C2059: syntax error : ')'
     1>c:\users\elleri\documents\programs\test\engian\engian.engine\engian.test\engian.test\testutilhashtable.cpp(404): warning C4003: not enough actual parameters for macro 'DEBUG_FUNC_CHECK'
     1>c:\users\elleri\documents\programs\test\engian\engian.engine\engian.test\engian.test\testutilhashtable.cpp(404): error C2039: 's_functionTracker' : is not a member of '`global namespace''
     1>c:\users\elleri\documents\programs\test\engian\engian.engine\engian.test\engian.test\testutilhashtable.cpp(404): error C2146: syntax error : missing ')' before identifier 's_functionTracker'
     1>c:\users\elleri\documents\programs\test\engian\engian.engine\engian.test\engian.test\testutilhashtable.cpp(404): error C2059: syntax error : ')'
     1>c:\users\elleri\documents\programs\test\engian\engian.engine\engian.test\engian.test\testutilhashtable.cpp(418): warning C4003: not enough actual parameters for macro 'DEBUG_FUNC_CHECK'
     1>c:\users\elleri\documents\programs\test\engian\engian.engine\engian.test\engian.test\testutilhashtable.cpp(418): error C2039: 's_functionTracker' : is not a member of '`global namespace''
     1>c:\users\elleri\documents\programs\test\engian\engian.engine\engian.test\engian.test\testutilhashtable.cpp(418): error C2146: syntax error : missing ')' before identifier 's_functionTracker'
     1>c:\users\elleri\documents\programs\test\engian\engian.engine\engian.test\engian.test\testutilhashtable.cpp(418): error C2059: syntax error : ')'
     1>c:\users\elleri\documents\programs\test\engian\engian.engine\engian.test\engian.test\testutilhashtable.cpp(432): warning C4003: not enough actual parameters for macro 'DEBUG_FUNC_CHECK'
     1>c:\users\elleri\documents\programs\test\engian\engian.engine\engian.test\engian.test\testutilhashtable.cpp(432): error C2039: 's_functionTracker' : is not a member of '`global namespace''
     1>c:\users\elleri\documents\programs\test\engian\engian.engine\engian.test\engian.test\testutilhashtable.cpp(432): error C2146: syntax error : missing ')' before identifier 's_functionTracker'
     1>c:\users\elleri\documents\programs\test\engian\engian.engine\engian.test\engian.test\testutilhashtable.cpp(432): error C2059: syntax error : ')'
     1>c:\users\elleri\documents\programs\test\engian\engian.engine\engian.test\engian.test\testutilhashtable.cpp(446): warning C4003: not enough actual parameters for macro 'DEBUG_FUNC_CHECK'
     1>c:\users\elleri\documents\programs\test\engian\engian.engine\engian.test\engian.test\testutilhashtable.cpp(446): error C2039: 's_functionTracker' : is not a member of '`global namespace''
     1>c:\users\elleri\documents\programs\test\engian\engian.engine\engian.test\engian.test\testutilhashtable.cpp(446): error C2146: syntax error : missing ')' before identifier 's_functionTracker'
     1>c:\users\elleri\documents\programs\test\engian\engian.engine\engian.test\engian.test\testutilhashtable.cpp(446): error C2059: syntax error : ')'
     1>c:\users\elleri\documents\programs\test\engian\engian.engine\engian.test\engian.test\testutilhashtable.cpp(460): warning C4003: not enough actual parameters for macro 'DEBUG_FUNC_CHECK'
     1>c:\users\elleri\documents\programs\test\engian\engian.engine\engian.test\engian.test\testutilhashtable.cpp(460): error C2039: 's_functionTracker' : is not a member of '`global namespace''
     1>c:\users\elleri\documents\programs\test\engian\engian.engine\engian.test\engian.test\testutilhashtable.cpp(460): error C2146: syntax error : missing ')' before identifier 's_functionTracker'
     1>c:\users\elleri\documents\programs\test\engian\engian.engine\engian.test\engian.test\testutilhashtable.cpp(460): error C2059: syntax error : ')'
     1>c:\users\elleri\documents\programs\test\engian\engian.engine\engian.test\engian.test\testutilhashtable.cpp(474): warning C4003: not enough actual parameters for macro 'DEBUG_FUNC_CHECK'
     1>c:\users\elleri\documents\programs\test\engian\engian.engine\engian.test\engian.test\testutilhashtable.cpp(474): error C2039: 's_functionTracker' : is not a member of '`global namespace''
     1>c:\users\elleri\documents\programs\test\engian\engian.engine\engian.test\engian.test\testutilhashtable.cpp(474): error C2146: syntax error : missing ')' before identifier 's_functionTracker'
     1>c:\users\elleri\documents\programs\test\engian\engian.engine\engian.test\engian.test\testutilhashtable.cpp(474): error C2059: syntax error : ')'
     1>c:\users\elleri\documents\programs\test\engian\engian.engine\engian.test\engian.test\testutilhashtable.cpp(488): warning C4003: not enough actual parameters for macro 'DEBUG_FUNC_CHECK'
     1>c:\users\elleri\documents\programs\test\engian\engian.engine\engian.test\engian.test\testutilhashtable.cpp(488): error C2039: 's_functionTracker' : is not a member of '`global namespace''
     1>c:\users\elleri\documents\programs\test\engian\engian.engine\engian.test\engian.test\testutilhashtable.cpp(488): error C2146: syntax error : missing ')' before identifier 's_functionTracker'
     1>c:\users\elleri\documents\programs\test\engian\engian.engine\engian.test\engian.test\testutilhashtable.cpp(488): error C2059: syntax error : ')'
     1>c:\users\elleri\documents\programs\test\engian\engian.engine\engian.test\engian.test\testutilhashtable.cpp(502): warning C4003: not enough actual parameters for macro 'DEBUG_FUNC_CHECK'
     1>c:\users\elleri\documents\programs\test\engian\engian.engine\engian.test\engian.test\testutilhashtable.cpp(502): error C2039: 's_functionTracker' : is not a member of '`global namespace''
     1>c:\users\elleri\documents\programs\test\engian\engian.engine\engian.test\engian.test\testutilhashtable.cpp(502): error C2146: syntax error : missing ')' before identifier 's_functionTracker'
     1>c:\users\elleri\documents\programs\test\engian\engian.engine\engian.test\engian.test\testutilhashtable.cpp(502): error C2059: syntax error : ')'
     1>c:\users\elleri\documents\programs\test\engian\engian.engine\engian.test\engian.test\testutilhashtable.cpp(502): fatal error C1003: error count exceeds 100; stopping compilation
         Generating Code...
     1>Done Building Project "C:\Users\elleri\Documents\Programs\Test\Engian\Engian.engine\Engian.test\Engian.test\Engian.test.vcxproj" (Build target(s)) -- FAILED.

Build FAILED.

Time Elapsed 00:00:00.93
