Build started 8/27/2014 10:04:05 AM.
     1>Project "C:\Users\elleri\Documents\Programs\Test\Engian\Engian.engine\Engian.test\Driver\Driver.vcxproj" on node 2 (Build target(s)).
     1>ClCompile:
         C:\Program Files (x86)\Microsoft Visual Studio 11.0\VC\bin\CL.exe /c /IC:\Users\elleri\Documents\Programs\Test\Engian\Engian.engine\Engian.test\..\DebugForTest_Lib\ /IC:\Users\elleri\Documents\Programs\Test\Engian\Engian.engine\Engian.test\..\Containers_Lib\ /IC:\Users\elleri\Documents\Programs\Test\Engian\Engian.engine\Engian.test\Driver\..\Engian.test\ /Zi /nologo /W3 /WX- /sdl /O2 /Oi /Oy- /GL /D RUN_UNIT_TESTS_MANUAL /D _MBCS /D _MBCS /Gm- /EHsc /MD /GS /Gy /fp:precise /Zc:wchar_t /Zc:forScope /Fo"Release\\" /Fd"Release\vc110.pdb" /Gd /TP /analyze- /errorReport:prompt ..\Engian.test\testUnitTestChassis.cpp ..\Engian.test\testUtilList.cpp ..\Engian.test\testUtilSortedList.cpp ..\Engian.test\testUtilSortedVector.cpp ..\Engian.test\testUtilString.cpp ..\Engian.test\testUtilUnsafeVector.cpp ..\Engian.test\testUtilVector.cpp driver.cpp
         testUnitTestChassis.cpp
     1>..\Engian.test\testUnitTestChassis.cpp(130): warning C4244: 'return' : conversion from 'const double' to 'const int', possible loss of data
     1>..\Engian.test\testUnitTestChassis.cpp(264): warning C4018: '<' : signed/unsigned mismatch
     1>..\Engian.test\testUnitTestChassis.cpp(283): warning C4018: '<' : signed/unsigned mismatch
     1>..\Engian.test\testUnitTestChassis.cpp(285): warning C4018: '<' : signed/unsigned mismatch
     1>..\Engian.test\testUnitTestChassis.cpp(298): warning C4018: '<' : signed/unsigned mismatch
         testUtilList.cpp
     1>..\Engian.test\testUtilList.cpp(50): error C2143: syntax error : missing ')' before '{'
     1>..\Engian.test\testUtilList.cpp(50): error C2059: syntax error : ')'
     1>..\Engian.test\testUtilList.cpp(50): error C2143: syntax error : missing ';' before '{'
     1>..\Engian.test\testUtilList.cpp(71): error C2143: syntax error : missing ')' before '{'
     1>..\Engian.test\testUtilList.cpp(71): error C2059: syntax error : ')'
     1>..\Engian.test\testUtilList.cpp(71): error C2143: syntax error : missing ';' before '{'
     1>..\Engian.test\testUtilList.cpp(94): error C2143: syntax error : missing ')' before '{'
     1>..\Engian.test\testUtilList.cpp(94): error C2059: syntax error : ')'
     1>..\Engian.test\testUtilList.cpp(94): error C2143: syntax error : missing ';' before '{'
     1>..\Engian.test\testUtilList.cpp(129): warning C4002: too many actual parameters for macro 'TEST_ASSERT'
     1>..\Engian.test\testUtilList.cpp(129): error C2143: syntax error : missing ')' before '{'
     1>..\Engian.test\testUtilList.cpp(129): error C2059: syntax error : ')'
     1>..\Engian.test\testUtilList.cpp(129): error C2143: syntax error : missing ';' before '{'
     1>..\Engian.test\testUtilList.cpp(136): warning C4620: no postfix form of 'operator ++' found for type 'Util::Container<T>::Iterator', using prefix form
                 with
                 [
                     T=int
                 ]
                 c:\users\elleri\documents\programs\test\engian\engian.engine\containers_lib\utilContainer.h(113) : see declaration of 'Util::Container<T>::Iterator'
                 with
                 [
                     T=int
                 ]
     1>..\Engian.test\testUtilList.cpp(173): warning C4002: too many actual parameters for macro 'TEST_ASSERT'
     1>..\Engian.test\testUtilList.cpp(173): error C2143: syntax error : missing ')' before '{'
     1>..\Engian.test\testUtilList.cpp(173): error C2059: syntax error : ')'
     1>..\Engian.test\testUtilList.cpp(173): error C2143: syntax error : missing ';' before '{'
     1>..\Engian.test\testUtilList.cpp(179): warning C4620: no postfix form of 'operator ++' found for type 'Util::Container<T>::Iterator', using prefix form
                 with
                 [
                     T=int
                 ]
                 c:\users\elleri\documents\programs\test\engian\engian.engine\containers_lib\utilContainer.h(113) : see declaration of 'Util::Container<T>::Iterator'
                 with
                 [
                     T=int
                 ]
     1>..\Engian.test\testUtilList.cpp(199): error C2065: 'UnitTestChassis_Helper_List' : undeclared identifier
     1>..\Engian.test\testUtilList.cpp(199): error C2275: 'Util::Vector<T>' : illegal use of this type as an expression
                 with
                 [
                     T=int
                 ]
     1>..\Engian.test\testUtilList.cpp(199): error C2039: 'CheckEmptyList' : is not a member of '`global namespace''
     1>..\Engian.test\testUtilList.cpp(199): error C3861: 'CheckEmptyList': identifier not found
     1>..\Engian.test\testUtilList.cpp(200): error C2143: syntax error : missing ')' before '{'
     1>..\Engian.test\testUtilList.cpp(200): error C2059: syntax error : ')'
     1>..\Engian.test\testUtilList.cpp(200): error C2143: syntax error : missing ';' before '{'
     1>..\Engian.test\testUtilList.cpp(218): error C2065: 'UnitTestChassis_Helper_List' : undeclared identifier
     1>..\Engian.test\testUtilList.cpp(218): error C2062: type 'char' unexpected
     1>..\Engian.test\testUtilList.cpp(218): error C2039: 'CheckListFrontAndBack' : is not a member of '`global namespace''
     1>..\Engian.test\testUtilList.cpp(219): error C2065: 'UnitTestChassis_Helper_List' : undeclared identifier
     1>..\Engian.test\testUtilList.cpp(219): error C2062: type 'char' unexpected
     1>..\Engian.test\testUtilList.cpp(219): error C2039: 'CheckListAgainstArray' : is not a member of '`global namespace''
     1>..\Engian.test\testUtilList.cpp(221): error C2143: syntax error : missing ')' before '{'
     1>..\Engian.test\testUtilList.cpp(221): error C2059: syntax error : ')'
     1>..\Engian.test\testUtilList.cpp(221): error C2143: syntax error : missing ';' before '{'
     1>..\Engian.test\testUtilList.cpp(240): error C2065: 'UnitTestChassis_Helper_List' : undeclared identifier
     1>..\Engian.test\testUtilList.cpp(240): error C2062: type 'double' unexpected
     1>..\Engian.test\testUtilList.cpp(240): error C2039: 'CheckListFrontAndBack' : is not a member of '`global namespace''
     1>..\Engian.test\testUtilList.cpp(240): error C2143: syntax error : missing ';' before '{'
     1>..\Engian.test\testUtilList.cpp(241): error C2065: 'UnitTestChassis_Helper_List' : undeclared identifier
     1>..\Engian.test\testUtilList.cpp(241): error C2062: type 'double' unexpected
     1>..\Engian.test\testUtilList.cpp(241): error C2039: 'CheckListAgainstArray' : is not a member of '`global namespace''
     1>..\Engian.test\testUtilList.cpp(241): error C2143: syntax error : missing ';' before '{'
     1>..\Engian.test\testUtilList.cpp(243): error C2143: syntax error : missing ')' before '{'
     1>..\Engian.test\testUtilList.cpp(243): error C2059: syntax error : ')'
     1>..\Engian.test\testUtilList.cpp(243): error C2143: syntax error : missing ';' before '{'
     1>..\Engian.test\testUtilList.cpp(263): error C2065: 'UnitTestChassis_Helper_List' : undeclared identifier
     1>..\Engian.test\testUtilList.cpp(263): error C2062: type 'float' unexpected
     1>..\Engian.test\testUtilList.cpp(263): error C2039: 'CheckListFrontAndBack' : is not a member of '`global namespace''
     1>..\Engian.test\testUtilList.cpp(265): error C2065: 'UnitTestChassis_Helper_List' : undeclared identifier
     1>..\Engian.test\testUtilList.cpp(265): error C2062: type 'float' unexpected
     1>..\Engian.test\testUtilList.cpp(265): error C2039: 'CheckListAgainstContainer' : is not a member of '`global namespace''
     1>..\Engian.test\testUtilList.cpp(267): error C2143: syntax error : missing ')' before '{'
     1>..\Engian.test\testUtilList.cpp(267): error C2059: syntax error : ')'
     1>..\Engian.test\testUtilList.cpp(267): error C2143: syntax error : missing ';' before '{'
     1>..\Engian.test\testUtilList.cpp(287): error C2039: 'dbgGet_m_implementation' : is not a member of 'Util::Container<T>::Iterator'
                 with
                 [
                     T=char
                 ]
                 c:\users\elleri\documents\programs\test\engian\engian.engine\containers_lib\utilContainer.h(113) : see declaration of 'Util::Container<T>::Iterator'
                 with
                 [
                     T=char
                 ]
     1>..\Engian.test\testUtilList.cpp(288): error C2039: 'dbgGet_m_front' : is not a member of 'Util::List<T>'
                 with
                 [
                     T=char
                 ]
     1>..\Engian.test\testUtilList.cpp(288): error C2227: left of '->m_data' must point to class/struct/union/generic type
     1>..\Engian.test\testUtilList.cpp(289): error C2143: syntax error : missing ')' before '{'
     1>..\Engian.test\testUtilList.cpp(289): error C2059: syntax error : ')'
     1>..\Engian.test\testUtilList.cpp(289): error C2143: syntax error : missing ';' before '{'
     1>..\Engian.test\testUtilList.cpp(291): error C2249: 'Util::Container<T>::m_implementations' : no accessible path to protected member declared in virtual base 'Util::Container<T>'
                 with
                 [
                     T=char
                 ]
                 c:\users\elleri\documents\programs\test\engian\engian.engine\containers_lib\utilContainer.h(100) : see declaration of 'Util::Container<T>::m_implementations'
                 with
                 [
                     T=char
                 ]
     1>..\Engian.test\testUtilList.cpp(318): error C2248: 'Util::List<T>::ListIteratorImpl' : cannot access protected class declared in class 'Util::List<T>'
                 with
                 [
                     T=char
                 ]
                 C:\Users\elleri\Documents\Programs\Test\Engian\Engian.engine\Containers_Lib\utilList.h(77) : see declaration of 'Util::List<T>::ListIteratorImpl'
                 with
                 [
                     T=char
                 ]
     1>..\Engian.test\testUtilList.cpp(318): error C2248: 'Util::Container<T>::Iterator::m_implementation' : cannot access protected member declared in class 'Util::Container<T>::Iterator'
                 with
                 [
                     T=char
                 ]
                 c:\users\elleri\documents\programs\test\engian\engian.engine\containers_lib\utilContainer.h(148) : see declaration of 'Util::Container<T>::Iterator::m_implementation'
                 with
                 [
                     T=char
                 ]
                 c:\users\elleri\documents\programs\test\engian\engian.engine\containers_lib\utilContainer.h(113) : see declaration of 'Util::Container<T>::Iterator'
                 with
                 [
                     T=char
                 ]
                 C:\Users\elleri\Documents\Programs\Test\Engian\Engian.engine\Containers_Lib\utilList.h(77) : see declaration of 'Util::List<T>::ListIteratorImpl'
                 with
                 [
                     T=char
                 ]
     1>..\Engian.test\testUtilList.cpp(320): error C2248: 'Util::List<T>::ListIteratorImpl::m_listNode' : cannot access protected member declared in class 'Util::List<T>::ListIteratorImpl'
                 with
                 [
                     T=char
                 ]
                 C:\Users\elleri\Documents\Programs\Test\Engian\Engian.engine\Containers_Lib\utilList.h(124) : see declaration of 'Util::List<T>::ListIteratorImpl::m_listNode'
                 with
                 [
                     T=char
                 ]
                 C:\Users\elleri\Documents\Programs\Test\Engian\Engian.engine\Containers_Lib\utilList.h(77) : see declaration of 'Util::List<T>::ListIteratorImpl'
                 with
                 [
                     T=char
                 ]
     1>..\Engian.test\testUtilList.cpp(320): error C2248: 'Util::List<T>::m_end' : cannot access protected member declared in class 'Util::List<T>'
                 with
                 [
                     T=char
                 ]
                 C:\Users\elleri\Documents\Programs\Test\Engian\Engian.engine\Containers_Lib\utilList.h(136) : see declaration of 'Util::List<T>::m_end'
                 with
                 [
                     T=char
                 ]
     1>..\Engian.test\testUtilList.cpp(321): error C2143: syntax error : missing ')' before '{'
     1>..\Engian.test\testUtilList.cpp(321): error C2059: syntax error : ')'
     1>..\Engian.test\testUtilList.cpp(321): error C2143: syntax error : missing ';' before '{'
     1>..\Engian.test\testUtilList.cpp(323): error C2249: 'Util::Container<T>::m_implementations' : no accessible path to protected member declared in virtual base 'Util::Container<T>'
                 with
                 [
                     T=char
                 ]
                 c:\users\elleri\documents\programs\test\engian\engian.engine\containers_lib\utilContainer.h(100) : see declaration of 'Util::Container<T>::m_implementations'
                 with
                 [
                     T=char
                 ]
     1>..\Engian.test\testUtilList.cpp(350): error C2065: 'UnitTestChassis_Helper_List' : undeclared identifier
     1>..\Engian.test\testUtilList.cpp(350): error C2275: 'Test::UnitTestChassis::UnitTestSampleStruct' : illegal use of this type as an expression
     1>..\Engian.test\testUtilList.cpp(350): error C2039: 'CheckListFrontAndBack' : is not a member of '`global namespace''
     1>..\Engian.test\testUtilList.cpp(350): error C3861: 'CheckListFrontAndBack': identifier not found
     1>..\Engian.test\testUtilList.cpp(351): error C2065: 'UnitTestChassis_Helper_List' : undeclared identifier
     1>..\Engian.test\testUtilList.cpp(351): error C2275: 'Test::UnitTestChassis::UnitTestSampleStruct' : illegal use of this type as an expression
     1>..\Engian.test\testUtilList.cpp(351): error C2039: 'CheckListAgainstArray' : is not a member of '`global namespace''
     1>..\Engian.test\testUtilList.cpp(351): error C3861: 'CheckListAgainstArray': identifier not found
     1>..\Engian.test\testUtilList.cpp(353): error C2143: syntax error : missing ')' before '{'
     1>..\Engian.test\testUtilList.cpp(353): error C2059: syntax error : ')'
     1>..\Engian.test\testUtilList.cpp(353): error C2143: syntax error : missing ';' before '{'
     1>..\Engian.test\testUtilList.cpp(374): error C2065: 'UnitTestChassis_Helper_List' : undeclared identifier
     1>..\Engian.test\testUtilList.cpp(374): error C2275: 'Test::UnitTestChassis::UnitTestSampleClass' : illegal use of this type as an expression
     1>..\Engian.test\testUtilList.cpp(374): error C2039: 'CheckListFrontAndBack' : is not a member of '`global namespace''
     1>..\Engian.test\testUtilList.cpp(374): error C3861: 'CheckListFrontAndBack': identifier not found
     1>..\Engian.test\testUtilList.cpp(375): error C2065: 'UnitTestChassis_Helper_List' : undeclared identifier
     1>..\Engian.test\testUtilList.cpp(375): error C2275: 'Test::UnitTestChassis::UnitTestSampleClass' : illegal use of this type as an expression
     1>..\Engian.test\testUtilList.cpp(375): error C2039: 'CheckListAgainstArray' : is not a member of '`global namespace''
     1>..\Engian.test\testUtilList.cpp(375): error C3861: 'CheckListAgainstArray': identifier not found
     1>..\Engian.test\testUtilList.cpp(377): error C2143: syntax error : missing ')' before '{'
     1>..\Engian.test\testUtilList.cpp(377): error C2059: syntax error : ')'
     1>..\Engian.test\testUtilList.cpp(377): error C2143: syntax error : missing ';' before '{'
     1>..\Engian.test\testUtilList.cpp(401): error C2065: 'UnitTestChassis_Helper_List' : undeclared identifier
     1>..\Engian.test\testUtilList.cpp(401): error C2275: 'Test::UnitTestChassis::UnitTestSampleStruct' : illegal use of this type as an expression
     1>..\Engian.test\testUtilList.cpp(401): error C2039: 'CheckListFrontAndBack' : is not a member of '`global namespace''
     1>..\Engian.test\testUtilList.cpp(401): error C3861: 'CheckListFrontAndBack': identifier not found
     1>..\Engian.test\testUtilList.cpp(402): error C2065: 'UnitTestChassis_Helper_List' : undeclared identifier
     1>..\Engian.test\testUtilList.cpp(402): error C2275: 'Test::UnitTestChassis::UnitTestSampleStruct' : illegal use of this type as an expression
     1>..\Engian.test\testUtilList.cpp(402): error C2039: 'CheckListAgainstArray' : is not a member of '`global namespace''
     1>..\Engian.test\testUtilList.cpp(402): error C3861: 'CheckListAgainstArray': identifier not found
     1>..\Engian.test\testUtilList.cpp(405): error C2143: syntax error : missing ')' before '{'
     1>..\Engian.test\testUtilList.cpp(405): error C2059: syntax error : ')'
     1>..\Engian.test\testUtilList.cpp(405): error C2143: syntax error : missing ';' before '{'
     1>..\Engian.test\testUtilList.cpp(433): error C2065: 'UnitTestChassis_Helper_List' : undeclared identifier
     1>..\Engian.test\testUtilList.cpp(433): error C2275: 'Test::UnitTestChassis::UnitTestSampleClass' : illegal use of this type as an expression
     1>..\Engian.test\testUtilList.cpp(433): fatal error C1003: error count exceeds 100; stopping compilation
         testUtilSortedList.cpp
     1>..\Engian.test\testUtilSortedList.cpp(47): warning C4003: not enough actual parameters for macro 'DFT_FUNC_CHECK'
     1>..\Engian.test\testUtilSortedList.cpp(47): error C2143: syntax error : missing ')' before '{'
     1>..\Engian.test\testUtilSortedList.cpp(47): error C2059: syntax error : ')'
     1>..\Engian.test\testUtilSortedList.cpp(47): error C2143: syntax error : missing ';' before '{'
     1>..\Engian.test\testUtilSortedList.cpp(61): warning C4003: not enough actual parameters for macro 'DFT_FUNC_CHECK'
     1>..\Engian.test\testUtilSortedList.cpp(61): error C2143: syntax error : missing ')' before '{'
     1>..\Engian.test\testUtilSortedList.cpp(61): error C2059: syntax error : ')'
     1>..\Engian.test\testUtilSortedList.cpp(61): error C2143: syntax error : missing ';' before '{'
     1>..\Engian.test\testUtilSortedList.cpp(75): warning C4003: not enough actual parameters for macro 'DFT_FUNC_CHECK'
     1>..\Engian.test\testUtilSortedList.cpp(75): error C2143: syntax error : missing ')' before '{'
     1>..\Engian.test\testUtilSortedList.cpp(75): error C2059: syntax error : ')'
     1>..\Engian.test\testUtilSortedList.cpp(75): error C2143: syntax error : missing ';' before '{'
     1>..\Engian.test\testUtilSortedList.cpp(89): warning C4003: not enough actual parameters for macro 'DFT_FUNC_CHECK'
     1>..\Engian.test\testUtilSortedList.cpp(89): error C2143: syntax error : missing ')' before '{'
     1>..\Engian.test\testUtilSortedList.cpp(89): error C2059: syntax error : ')'
     1>..\Engian.test\testUtilSortedList.cpp(89): error C2143: syntax error : missing ';' before '{'
     1>..\Engian.test\testUtilSortedList.cpp(103): warning C4003: not enough actual parameters for macro 'DFT_FUNC_CHECK'
     1>..\Engian.test\testUtilSortedList.cpp(103): error C2143: syntax error : missing ')' before '{'
     1>..\Engian.test\testUtilSortedList.cpp(103): error C2059: syntax error : ')'
     1>..\Engian.test\testUtilSortedList.cpp(103): error C2143: syntax error : missing ';' before '{'
     1>..\Engian.test\testUtilSortedList.cpp(117): warning C4003: not enough actual parameters for macro 'DFT_FUNC_CHECK'
     1>..\Engian.test\testUtilSortedList.cpp(117): error C2143: syntax error : missing ')' before '{'
     1>..\Engian.test\testUtilSortedList.cpp(117): error C2059: syntax error : ')'
     1>..\Engian.test\testUtilSortedList.cpp(117): error C2143: syntax error : missing ';' before '{'
     1>..\Engian.test\testUtilSortedList.cpp(131): warning C4003: not enough actual parameters for macro 'DFT_FUNC_CHECK'
     1>..\Engian.test\testUtilSortedList.cpp(131): error C2143: syntax error : missing ')' before '{'
     1>..\Engian.test\testUtilSortedList.cpp(131): error C2059: syntax error : ')'
     1>..\Engian.test\testUtilSortedList.cpp(131): error C2143: syntax error : missing ';' before '{'
     1>..\Engian.test\testUtilSortedList.cpp(145): warning C4003: not enough actual parameters for macro 'DFT_FUNC_CHECK'
     1>..\Engian.test\testUtilSortedList.cpp(145): error C2143: syntax error : missing ')' before '{'
     1>..\Engian.test\testUtilSortedList.cpp(145): error C2059: syntax error : ')'
     1>..\Engian.test\testUtilSortedList.cpp(145): error C2143: syntax error : missing ';' before '{'
     1>..\Engian.test\testUtilSortedList.cpp(159): warning C4003: not enough actual parameters for macro 'DFT_FUNC_CHECK'
     1>..\Engian.test\testUtilSortedList.cpp(159): error C2143: syntax error : missing ')' before '{'
     1>..\Engian.test\testUtilSortedList.cpp(159): error C2059: syntax error : ')'
     1>..\Engian.test\testUtilSortedList.cpp(159): error C2143: syntax error : missing ';' before '{'
     1>..\Engian.test\testUtilSortedList.cpp(173): warning C4003: not enough actual parameters for macro 'DFT_FUNC_CHECK'
     1>..\Engian.test\testUtilSortedList.cpp(173): error C2143: syntax error : missing ')' before '{'
     1>..\Engian.test\testUtilSortedList.cpp(173): error C2059: syntax error : ')'
     1>..\Engian.test\testUtilSortedList.cpp(173): error C2143: syntax error : missing ';' before '{'
     1>..\Engian.test\testUtilSortedList.cpp(187): warning C4003: not enough actual parameters for macro 'DFT_FUNC_CHECK'
     1>..\Engian.test\testUtilSortedList.cpp(187): error C2143: syntax error : missing ')' before '{'
     1>..\Engian.test\testUtilSortedList.cpp(187): error C2059: syntax error : ')'
     1>..\Engian.test\testUtilSortedList.cpp(187): error C2143: syntax error : missing ';' before '{'
     1>..\Engian.test\testUtilSortedList.cpp(201): warning C4003: not enough actual parameters for macro 'DFT_FUNC_CHECK'
     1>..\Engian.test\testUtilSortedList.cpp(201): error C2143: syntax error : missing ')' before '{'
     1>..\Engian.test\testUtilSortedList.cpp(201): error C2059: syntax error : ')'
     1>..\Engian.test\testUtilSortedList.cpp(201): error C2143: syntax error : missing ';' before '{'
     1>..\Engian.test\testUtilSortedList.cpp(215): warning C4003: not enough actual parameters for macro 'DFT_FUNC_CHECK'
     1>..\Engian.test\testUtilSortedList.cpp(215): error C2143: syntax error : missing ')' before '{'
     1>..\Engian.test\testUtilSortedList.cpp(215): error C2059: syntax error : ')'
     1>..\Engian.test\testUtilSortedList.cpp(215): error C2143: syntax error : missing ';' before '{'
     1>..\Engian.test\testUtilSortedList.cpp(229): warning C4003: not enough actual parameters for macro 'DFT_FUNC_CHECK'
     1>..\Engian.test\testUtilSortedList.cpp(229): error C2143: syntax error : missing ')' before '{'
     1>..\Engian.test\testUtilSortedList.cpp(229): error C2059: syntax error : ')'
     1>..\Engian.test\testUtilSortedList.cpp(229): error C2143: syntax error : missing ';' before '{'
     1>..\Engian.test\testUtilSortedList.cpp(243): warning C4003: not enough actual parameters for macro 'DFT_FUNC_CHECK'
     1>..\Engian.test\testUtilSortedList.cpp(243): error C2143: syntax error : missing ')' before '{'
     1>..\Engian.test\testUtilSortedList.cpp(243): error C2059: syntax error : ')'
     1>..\Engian.test\testUtilSortedList.cpp(243): error C2143: syntax error : missing ';' before '{'
     1>..\Engian.test\testUtilSortedList.cpp(257): warning C4003: not enough actual parameters for macro 'DFT_FUNC_CHECK'
     1>..\Engian.test\testUtilSortedList.cpp(257): error C2143: syntax error : missing ')' before '{'
     1>..\Engian.test\testUtilSortedList.cpp(257): error C2059: syntax error : ')'
     1>..\Engian.test\testUtilSortedList.cpp(257): error C2143: syntax error : missing ';' before '{'
     1>..\Engian.test\testUtilSortedList.cpp(271): warning C4003: not enough actual parameters for macro 'DFT_FUNC_CHECK'
     1>..\Engian.test\testUtilSortedList.cpp(271): error C2143: syntax error : missing ')' before '{'
     1>..\Engian.test\testUtilSortedList.cpp(271): error C2059: syntax error : ')'
     1>..\Engian.test\testUtilSortedList.cpp(271): error C2143: syntax error : missing ';' before '{'
     1>..\Engian.test\testUtilSortedList.cpp(285): warning C4003: not enough actual parameters for macro 'DFT_FUNC_CHECK'
     1>..\Engian.test\testUtilSortedList.cpp(285): error C2143: syntax error : missing ')' before '{'
     1>..\Engian.test\testUtilSortedList.cpp(285): error C2059: syntax error : ')'
     1>..\Engian.test\testUtilSortedList.cpp(285): error C2143: syntax error : missing ';' before '{'
     1>..\Engian.test\testUtilSortedList.cpp(299): warning C4003: not enough actual parameters for macro 'DFT_FUNC_CHECK'
     1>..\Engian.test\testUtilSortedList.cpp(299): error C2143: syntax error : missing ')' before '{'
     1>..\Engian.test\testUtilSortedList.cpp(299): error C2059: syntax error : ')'
     1>..\Engian.test\testUtilSortedList.cpp(299): error C2143: syntax error : missing ';' before '{'
     1>..\Engian.test\testUtilSortedList.cpp(313): warning C4003: not enough actual parameters for macro 'DFT_FUNC_CHECK'
     1>..\Engian.test\testUtilSortedList.cpp(313): error C2143: syntax error : missing ')' before '{'
     1>..\Engian.test\testUtilSortedList.cpp(313): error C2059: syntax error : ')'
     1>..\Engian.test\testUtilSortedList.cpp(313): error C2143: syntax error : missing ';' before '{'
     1>..\Engian.test\testUtilSortedList.cpp(327): warning C4003: not enough actual parameters for macro 'DFT_FUNC_CHECK'
     1>..\Engian.test\testUtilSortedList.cpp(327): error C2143: syntax error : missing ')' before '{'
     1>..\Engian.test\testUtilSortedList.cpp(327): error C2059: syntax error : ')'
     1>..\Engian.test\testUtilSortedList.cpp(327): error C2143: syntax error : missing ';' before '{'
     1>..\Engian.test\testUtilSortedList.cpp(341): warning C4003: not enough actual parameters for macro 'DFT_FUNC_CHECK'
     1>..\Engian.test\testUtilSortedList.cpp(341): error C2143: syntax error : missing ')' before '{'
     1>..\Engian.test\testUtilSortedList.cpp(341): error C2059: syntax error : ')'
     1>..\Engian.test\testUtilSortedList.cpp(341): error C2143: syntax error : missing ';' before '{'
     1>..\Engian.test\testUtilSortedList.cpp(355): warning C4003: not enough actual parameters for macro 'DFT_FUNC_CHECK'
     1>..\Engian.test\testUtilSortedList.cpp(355): error C2143: syntax error : missing ')' before '{'
     1>..\Engian.test\testUtilSortedList.cpp(355): error C2059: syntax error : ')'
     1>..\Engian.test\testUtilSortedList.cpp(355): error C2143: syntax error : missing ';' before '{'
     1>..\Engian.test\testUtilSortedList.cpp(369): warning C4003: not enough actual parameters for macro 'DFT_FUNC_CHECK'
     1>..\Engian.test\testUtilSortedList.cpp(369): error C2143: syntax error : missing ')' before '{'
     1>..\Engian.test\testUtilSortedList.cpp(369): error C2059: syntax error : ')'
     1>..\Engian.test\testUtilSortedList.cpp(369): error C2143: syntax error : missing ';' before '{'
     1>..\Engian.test\testUtilSortedList.cpp(383): warning C4003: not enough actual parameters for macro 'DFT_FUNC_CHECK'
     1>..\Engian.test\testUtilSortedList.cpp(383): error C2143: syntax error : missing ')' before '{'
     1>..\Engian.test\testUtilSortedList.cpp(383): error C2059: syntax error : ')'
     1>..\Engian.test\testUtilSortedList.cpp(383): error C2143: syntax error : missing ';' before '{'
     1>..\Engian.test\testUtilSortedList.cpp(397): warning C4003: not enough actual parameters for macro 'DFT_FUNC_CHECK'
     1>..\Engian.test\testUtilSortedList.cpp(397): error C2143: syntax error : missing ')' before '{'
     1>..\Engian.test\testUtilSortedList.cpp(397): error C2059: syntax error : ')'
     1>..\Engian.test\testUtilSortedList.cpp(397): error C2143: syntax error : missing ';' before '{'
     1>..\Engian.test\testUtilSortedList.cpp(411): warning C4003: not enough actual parameters for macro 'DFT_FUNC_CHECK'
     1>..\Engian.test\testUtilSortedList.cpp(411): error C2143: syntax error : missing ')' before '{'
     1>..\Engian.test\testUtilSortedList.cpp(411): error C2059: syntax error : ')'
     1>..\Engian.test\testUtilSortedList.cpp(411): error C2143: syntax error : missing ';' before '{'
     1>..\Engian.test\testUtilSortedList.cpp(425): warning C4003: not enough actual parameters for macro 'DFT_FUNC_CHECK'
     1>..\Engian.test\testUtilSortedList.cpp(425): error C2143: syntax error : missing ')' before '{'
     1>..\Engian.test\testUtilSortedList.cpp(425): error C2059: syntax error : ')'
     1>..\Engian.test\testUtilSortedList.cpp(425): error C2143: syntax error : missing ';' before '{'
         testUtilSortedVector.cpp
     1>..\Engian.test\testUtilSortedVector.cpp(9): warning C4067: unexpected tokens following preprocessor directive - expected a newline
     1>C:\Users\elleri\Documents\Programs\Test\Engian\Engian.engine\Containers_Lib\utilSortedVector.h(50): warning C4250: 'Util::SortedVector<T>' : inherits 'Util::Vector<T>::Util::Vector<T>::operator =' via dominance
                 with
                 [
                     T=int
                 ]
                 C:\Users\elleri\Documents\Programs\Test\Engian\Engian.engine\Containers_Lib\utilVector.h(30) : see declaration of 'Util::Vector<T>::operator ='
                 with
                 [
                     T=int
                 ]
                 ..\Engian.test\testUtilSortedVector.cpp(41) : see reference to class template instantiation 'Util::SortedVector<T>' being compiled
                 with
                 [
                     T=int
                 ]
     1>C:\Users\elleri\Documents\Programs\Test\Engian\Engian.engine\Containers_Lib\utilSortedVector.h(50): warning C4250: 'Util::SortedVector<T>' : inherits 'Util::Vector<T>::Util::Vector<T>::Begin' via dominance
                 with
                 [
                     T=int
                 ]
                 C:\Users\elleri\Documents\Programs\Test\Engian\Engian.engine\Containers_Lib\utilVector.h(34) : see declaration of 'Util::Vector<T>::Begin'
                 with
                 [
                     T=int
                 ]
     1>C:\Users\elleri\Documents\Programs\Test\Engian\Engian.engine\Containers_Lib\utilSortedVector.h(50): warning C4250: 'Util::SortedVector<T>' : inherits 'Util::Vector<T>::Util::Vector<T>::End' via dominance
                 with
                 [
                     T=int
                 ]
                 C:\Users\elleri\Documents\Programs\Test\Engian\Engian.engine\Containers_Lib\utilVector.h(43) : see declaration of 'Util::Vector<T>::End'
                 with
                 [
                     T=int
                 ]
     1>C:\Users\elleri\Documents\Programs\Test\Engian\Engian.engine\Containers_Lib\utilSortedVector.h(50): warning C4250: 'Util::SortedVector<T>' : inherits 'Util::Vector<T>::Util::Vector<T>::PopFront' via dominance
                 with
                 [
                     T=int
                 ]
                 C:\Users\elleri\Documents\Programs\Test\Engian\Engian.engine\Containers_Lib\utilVector.h(59) : see declaration of 'Util::Vector<T>::PopFront'
                 with
                 [
                     T=int
                 ]
     1>C:\Users\elleri\Documents\Programs\Test\Engian\Engian.engine\Containers_Lib\utilSortedVector.h(50): warning C4250: 'Util::SortedVector<T>' : inherits 'Util::Vector<T>::Util::Vector<T>::PopBack' via dominance
                 with
                 [
                     T=int
                 ]
                 C:\Users\elleri\Documents\Programs\Test\Engian\Engian.engine\Containers_Lib\utilVector.h(60) : see declaration of 'Util::Vector<T>::PopBack'
                 with
                 [
                     T=int
                 ]
     1>C:\Users\elleri\Documents\Programs\Test\Engian\Engian.engine\Containers_Lib\utilSortedVector.h(50): warning C4250: 'Util::SortedVector<T>' : inherits 'Util::Vector<T>::Util::Vector<T>::PopFirst' via dominance
                 with
                 [
                     T=int
                 ]
                 C:\Users\elleri\Documents\Programs\Test\Engian\Engian.engine\Containers_Lib\utilVector.h(61) : see declaration of 'Util::Vector<T>::PopFirst'
                 with
                 [
                     T=int
                 ]
     1>C:\Users\elleri\Documents\Programs\Test\Engian\Engian.engine\Containers_Lib\utilSortedVector.h(50): warning C4250: 'Util::SortedVector<T>' : inherits 'Util::Vector<T>::Util::Vector<T>::PopAll' via dominance
                 with
                 [
                     T=int
                 ]
                 C:\Users\elleri\Documents\Programs\Test\Engian\Engian.engine\Containers_Lib\utilVector.h(62) : see declaration of 'Util::Vector<T>::PopAll'
                 with
                 [
                     T=int
                 ]
     1>C:\Users\elleri\Documents\Programs\Test\Engian\Engian.engine\Containers_Lib\utilSortedVector.h(50): warning C4250: 'Util::SortedVector<T>' : inherits 'Util::Vector<T>::Util::Vector<T>::Contains' via dominance
                 with
                 [
                     T=int
                 ]
                 C:\Users\elleri\Documents\Programs\Test\Engian\Engian.engine\Containers_Lib\utilVector.h(63) : see declaration of 'Util::Vector<T>::Contains'
                 with
                 [
                     T=int
                 ]
     1>C:\Users\elleri\Documents\Programs\Test\Engian\Engian.engine\Containers_Lib\utilSortedVector.h(50): warning C4250: 'Util::SortedVector<T>' : inherits 'Util::Vector<T>::Util::Vector<T>::Clear' via dominance
                 with
                 [
                     T=int
                 ]
                 C:\Users\elleri\Documents\Programs\Test\Engian\Engian.engine\Containers_Lib\utilVector.h(68) : see declaration of 'Util::Vector<T>::Clear'
                 with
                 [
                     T=int
                 ]
     1>..\Engian.test\testUtilSortedVector.cpp(44): error C2039: 'dbgGet_c_defaultCapacity' : is not a member of 'Util::SortedVector<T>'
                 with
                 [
                     T=int
                 ]
     1>..\Engian.test\testUtilSortedVector.cpp(44): error C3861: 'dbgGet_c_defaultCapacity': identifier not found
     1>..\Engian.test\testUtilSortedVector.cpp(48): error C2143: syntax error : missing ')' before '{'
     1>..\Engian.test\testUtilSortedVector.cpp(48): error C2059: syntax error : ')'
     1>..\Engian.test\testUtilSortedVector.cpp(48): error C2143: syntax error : missing ';' before '{'
     1>..\Engian.test\testUtilSortedVector.cpp(70): error C2143: syntax error : missing ')' before '{'
     1>..\Engian.test\testUtilSortedVector.cpp(70): error C2059: syntax error : ')'
     1>..\Engian.test\testUtilSortedVector.cpp(70): error C2143: syntax error : missing ';' before '{'
     1>C:\Users\elleri\Documents\Programs\Test\Engian\Engian.engine\Containers_Lib\utilSortedVector.h(50): warning C4250: 'Util::SortedVector<T>' : inherits 'Util::Vector<T>::Util::Vector<T>::operator =' via dominance
                 with
                 [
                     T=Test::UnitTestChassis::UnitTestSampleClass
                 ]
                 C:\Users\elleri\Documents\Programs\Test\Engian\Engian.engine\Containers_Lib\utilVector.h(30) : see declaration of 'Util::Vector<T>::operator ='
                 with
                 [
                     T=Test::UnitTestChassis::UnitTestSampleClass
                 ]
                 ..\Engian.test\testUtilSortedVector.cpp(90) : see reference to class template instantiation 'Util::SortedVector<T>' being compiled
                 with
                 [
                     T=Test::UnitTestChassis::UnitTestSampleClass
                 ]
     1>C:\Users\elleri\Documents\Programs\Test\Engian\Engian.engine\Containers_Lib\utilSortedVector.h(50): warning C4250: 'Util::SortedVector<T>' : inherits 'Util::Vector<T>::Util::Vector<T>::Begin' via dominance
                 with
                 [
                     T=Test::UnitTestChassis::UnitTestSampleClass
                 ]
                 C:\Users\elleri\Documents\Programs\Test\Engian\Engian.engine\Containers_Lib\utilVector.h(34) : see declaration of 'Util::Vector<T>::Begin'
                 with
                 [
                     T=Test::UnitTestChassis::UnitTestSampleClass
                 ]
     1>C:\Users\elleri\Documents\Programs\Test\Engian\Engian.engine\Containers_Lib\utilSortedVector.h(50): warning C4250: 'Util::SortedVector<T>' : inherits 'Util::Vector<T>::Util::Vector<T>::End' via dominance
                 with
                 [
                     T=Test::UnitTestChassis::UnitTestSampleClass
                 ]
                 C:\Users\elleri\Documents\Programs\Test\Engian\Engian.engine\Containers_Lib\utilVector.h(43) : see declaration of 'Util::Vector<T>::End'
                 with
                 [
                     T=Test::UnitTestChassis::UnitTestSampleClass
                 ]
     1>C:\Users\elleri\Documents\Programs\Test\Engian\Engian.engine\Containers_Lib\utilSortedVector.h(50): warning C4250: 'Util::SortedVector<T>' : inherits 'Util::Vector<T>::Util::Vector<T>::PopFront' via dominance
                 with
                 [
                     T=Test::UnitTestChassis::UnitTestSampleClass
                 ]
                 C:\Users\elleri\Documents\Programs\Test\Engian\Engian.engine\Containers_Lib\utilVector.h(59) : see declaration of 'Util::Vector<T>::PopFront'
                 with
                 [
                     T=Test::UnitTestChassis::UnitTestSampleClass
                 ]
     1>C:\Users\elleri\Documents\Programs\Test\Engian\Engian.engine\Containers_Lib\utilSortedVector.h(50): warning C4250: 'Util::SortedVector<T>' : inherits 'Util::Vector<T>::Util::Vector<T>::PopBack' via dominance
                 with
                 [
                     T=Test::UnitTestChassis::UnitTestSampleClass
                 ]
                 C:\Users\elleri\Documents\Programs\Test\Engian\Engian.engine\Containers_Lib\utilVector.h(60) : see declaration of 'Util::Vector<T>::PopBack'
                 with
                 [
                     T=Test::UnitTestChassis::UnitTestSampleClass
                 ]
     1>C:\Users\elleri\Documents\Programs\Test\Engian\Engian.engine\Containers_Lib\utilSortedVector.h(50): warning C4250: 'Util::SortedVector<T>' : inherits 'Util::Vector<T>::Util::Vector<T>::PopFirst' via dominance
                 with
                 [
                     T=Test::UnitTestChassis::UnitTestSampleClass
                 ]
                 C:\Users\elleri\Documents\Programs\Test\Engian\Engian.engine\Containers_Lib\utilVector.h(61) : see declaration of 'Util::Vector<T>::PopFirst'
                 with
                 [
                     T=Test::UnitTestChassis::UnitTestSampleClass
                 ]
     1>C:\Users\elleri\Documents\Programs\Test\Engian\Engian.engine\Containers_Lib\utilSortedVector.h(50): warning C4250: 'Util::SortedVector<T>' : inherits 'Util::Vector<T>::Util::Vector<T>::PopAll' via dominance
                 with
                 [
                     T=Test::UnitTestChassis::UnitTestSampleClass
                 ]
                 C:\Users\elleri\Documents\Programs\Test\Engian\Engian.engine\Containers_Lib\utilVector.h(62) : see declaration of 'Util::Vector<T>::PopAll'
                 with
                 [
                     T=Test::UnitTestChassis::UnitTestSampleClass
                 ]
     1>C:\Users\elleri\Documents\Programs\Test\Engian\Engian.engine\Containers_Lib\utilSortedVector.h(50): warning C4250: 'Util::SortedVector<T>' : inherits 'Util::Vector<T>::Util::Vector<T>::Contains' via dominance
                 with
                 [
                     T=Test::UnitTestChassis::UnitTestSampleClass
                 ]
                 C:\Users\elleri\Documents\Programs\Test\Engian\Engian.engine\Containers_Lib\utilVector.h(63) : see declaration of 'Util::Vector<T>::Contains'
                 with
                 [
                     T=Test::UnitTestChassis::UnitTestSampleClass
                 ]
     1>C:\Users\elleri\Documents\Programs\Test\Engian\Engian.engine\Containers_Lib\utilSortedVector.h(50): warning C4250: 'Util::SortedVector<T>' : inherits 'Util::Vector<T>::Util::Vector<T>::Clear' via dominance
                 with
                 [
                     T=Test::UnitTestChassis::UnitTestSampleClass
                 ]
                 C:\Users\elleri\Documents\Programs\Test\Engian\Engian.engine\Containers_Lib\utilVector.h(68) : see declaration of 'Util::Vector<T>::Clear'
                 with
                 [
                     T=Test::UnitTestChassis::UnitTestSampleClass
                 ]
     1>..\Engian.test\testUtilSortedVector.cpp(97): error C2143: syntax error : missing ')' before '{'
     1>..\Engian.test\testUtilSortedVector.cpp(97): error C2059: syntax error : ')'
     1>..\Engian.test\testUtilSortedVector.cpp(97): error C2143: syntax error : missing ';' before '{'
     1>C:\Users\elleri\Documents\Programs\Test\Engian\Engian.engine\Containers_Lib\utilSortedVector.h(50): warning C4250: 'Util::SortedVector<T>' : inherits 'Util::Vector<T>::Util::Vector<T>::operator =' via dominance
                 with
                 [
                     T=char
                 ]
                 C:\Users\elleri\Documents\Programs\Test\Engian\Engian.engine\Containers_Lib\utilVector.h(30) : see declaration of 'Util::Vector<T>::operator ='
                 with
                 [
                     T=char
                 ]
                 ..\Engian.test\testUtilSortedVector.cpp(114) : see reference to class template instantiation 'Util::SortedVector<T>' being compiled
                 with
                 [
                     T=char
                 ]
     1>C:\Users\elleri\Documents\Programs\Test\Engian\Engian.engine\Containers_Lib\utilSortedVector.h(50): warning C4250: 'Util::SortedVector<T>' : inherits 'Util::Vector<T>::Util::Vector<T>::Begin' via dominance
                 with
                 [
                     T=char
                 ]
                 C:\Users\elleri\Documents\Programs\Test\Engian\Engian.engine\Containers_Lib\utilVector.h(34) : see declaration of 'Util::Vector<T>::Begin'
                 with
                 [
                     T=char
                 ]
     1>C:\Users\elleri\Documents\Programs\Test\Engian\Engian.engine\Containers_Lib\utilSortedVector.h(50): warning C4250: 'Util::SortedVector<T>' : inherits 'Util::Vector<T>::Util::Vector<T>::End' via dominance
                 with
                 [
                     T=char
                 ]
                 C:\Users\elleri\Documents\Programs\Test\Engian\Engian.engine\Containers_Lib\utilVector.h(43) : see declaration of 'Util::Vector<T>::End'
                 with
                 [
                     T=char
                 ]
     1>C:\Users\elleri\Documents\Programs\Test\Engian\Engian.engine\Containers_Lib\utilSortedVector.h(50): warning C4250: 'Util::SortedVector<T>' : inherits 'Util::Vector<T>::Util::Vector<T>::PopFront' via dominance
                 with
                 [
                     T=char
                 ]
                 C:\Users\elleri\Documents\Programs\Test\Engian\Engian.engine\Containers_Lib\utilVector.h(59) : see declaration of 'Util::Vector<T>::PopFront'
                 with
                 [
                     T=char
                 ]
     1>C:\Users\elleri\Documents\Programs\Test\Engian\Engian.engine\Containers_Lib\utilSortedVector.h(50): warning C4250: 'Util::SortedVector<T>' : inherits 'Util::Vector<T>::Util::Vector<T>::PopBack' via dominance
                 with
                 [
                     T=char
                 ]
                 C:\Users\elleri\Documents\Programs\Test\Engian\Engian.engine\Containers_Lib\utilVector.h(60) : see declaration of 'Util::Vector<T>::PopBack'
                 with
                 [
                     T=char
                 ]
     1>C:\Users\elleri\Documents\Programs\Test\Engian\Engian.engine\Containers_Lib\utilSortedVector.h(50): warning C4250: 'Util::SortedVector<T>' : inherits 'Util::Vector<T>::Util::Vector<T>::PopFirst' via dominance
                 with
                 [
                     T=char
                 ]
                 C:\Users\elleri\Documents\Programs\Test\Engian\Engian.engine\Containers_Lib\utilVector.h(61) : see declaration of 'Util::Vector<T>::PopFirst'
                 with
                 [
                     T=char
                 ]
     1>C:\Users\elleri\Documents\Programs\Test\Engian\Engian.engine\Containers_Lib\utilSortedVector.h(50): warning C4250: 'Util::SortedVector<T>' : inherits 'Util::Vector<T>::Util::Vector<T>::PopAll' via dominance
                 with
                 [
                     T=char
                 ]
                 C:\Users\elleri\Documents\Programs\Test\Engian\Engian.engine\Containers_Lib\utilVector.h(62) : see declaration of 'Util::Vector<T>::PopAll'
                 with
                 [
                     T=char
                 ]
     1>C:\Users\elleri\Documents\Programs\Test\Engian\Engian.engine\Containers_Lib\utilSortedVector.h(50): warning C4250: 'Util::SortedVector<T>' : inherits 'Util::Vector<T>::Util::Vector<T>::Contains' via dominance
                 with
                 [
                     T=char
                 ]
                 C:\Users\elleri\Documents\Programs\Test\Engian\Engian.engine\Containers_Lib\utilVector.h(63) : see declaration of 'Util::Vector<T>::Contains'
                 with
                 [
                     T=char
                 ]
     1>C:\Users\elleri\Documents\Programs\Test\Engian\Engian.engine\Containers_Lib\utilSortedVector.h(50): warning C4250: 'Util::SortedVector<T>' : inherits 'Util::Vector<T>::Util::Vector<T>::Clear' via dominance
                 with
                 [
                     T=char
                 ]
                 C:\Users\elleri\Documents\Programs\Test\Engian\Engian.engine\Containers_Lib\utilVector.h(68) : see declaration of 'Util::Vector<T>::Clear'
                 with
                 [
                     T=char
                 ]
     1>..\Engian.test\testUtilSortedVector.cpp(117): error C2039: 'dbgGet_m_size' : is not a member of 'Util::String'
                 C:\Users\elleri\Documents\Programs\Test\Engian\Engian.engine\Containers_Lib\utilString.h(15) : see declaration of 'Util::String'
     1>..\Engian.test\testUtilSortedVector.cpp(117): error C2660: 'Test::TestHelper_UtilSortedVector<HELPER>::CheckSortedVector' : function does not take 3 arguments
                 with
                 [
                     HELPER=Test::UnitTestChassis::UnitTestSampleClass
                 ]
     1>..\Engian.test\testUtilSortedVector.cpp(119): error C2143: syntax error : missing ')' before '{'
     1>..\Engian.test\testUtilSortedVector.cpp(119): error C2059: syntax error : ')'
     1>..\Engian.test\testUtilSortedVector.cpp(119): error C2143: syntax error : missing ';' before '{'
     1>..\Engian.test\testUtilSortedVector.cpp(133): error C2143: syntax error : missing ')' before '{'
     1>..\Engian.test\testUtilSortedVector.cpp(133): error C2059: syntax error : ')'
     1>..\Engian.test\testUtilSortedVector.cpp(133): error C2143: syntax error : missing ';' before '{'
     1>..\Engian.test\testUtilSortedVector.cpp(147): error C2143: syntax error : missing ')' before '{'
     1>..\Engian.test\testUtilSortedVector.cpp(147): error C2059: syntax error : ')'
     1>..\Engian.test\testUtilSortedVector.cpp(147): error C2143: syntax error : missing ';' before '{'
     1>..\Engian.test\testUtilSortedVector.cpp(161): error C2143: syntax error : missing ')' before '{'
     1>..\Engian.test\testUtilSortedVector.cpp(161): error C2059: syntax error : ')'
     1>..\Engian.test\testUtilSortedVector.cpp(161): error C2143: syntax error : missing ';' before '{'
     1>..\Engian.test\testUtilSortedVector.cpp(175): error C2143: syntax error : missing ')' before '{'
     1>..\Engian.test\testUtilSortedVector.cpp(175): error C2059: syntax error : ')'
     1>..\Engian.test\testUtilSortedVector.cpp(175): error C2143: syntax error : missing ';' before '{'
     1>..\Engian.test\testUtilSortedVector.cpp(189): error C2143: syntax error : missing ')' before '{'
     1>..\Engian.test\testUtilSortedVector.cpp(189): error C2059: syntax error : ')'
     1>..\Engian.test\testUtilSortedVector.cpp(189): error C2143: syntax error : missing ';' before '{'
     1>..\Engian.test\testUtilSortedVector.cpp(203): error C2143: syntax error : missing ')' before '{'
     1>..\Engian.test\testUtilSortedVector.cpp(203): error C2059: syntax error : ')'
     1>..\Engian.test\testUtilSortedVector.cpp(203): error C2143: syntax error : missing ';' before '{'
     1>..\Engian.test\testUtilSortedVector.cpp(217): error C2143: syntax error : missing ')' before '{'
     1>..\Engian.test\testUtilSortedVector.cpp(217): error C2059: syntax error : ')'
     1>..\Engian.test\testUtilSortedVector.cpp(217): error C2143: syntax error : missing ';' before '{'
     1>..\Engian.test\testUtilSortedVector.cpp(231): error C2143: syntax error : missing ')' before '{'
     1>..\Engian.test\testUtilSortedVector.cpp(231): error C2059: syntax error : ')'
     1>..\Engian.test\testUtilSortedVector.cpp(231): error C2143: syntax error : missing ';' before '{'
     1>..\Engian.test\testUtilSortedVector.cpp(245): error C2143: syntax error : missing ')' before '{'
     1>..\Engian.test\testUtilSortedVector.cpp(245): error C2059: syntax error : ')'
     1>..\Engian.test\testUtilSortedVector.cpp(245): error C2143: syntax error : missing ';' before '{'
     1>..\Engian.test\testUtilSortedVector.cpp(259): error C2143: syntax error : missing ')' before '{'
     1>..\Engian.test\testUtilSortedVector.cpp(259): error C2059: syntax error : ')'
     1>..\Engian.test\testUtilSortedVector.cpp(259): error C2143: syntax error : missing ';' before '{'
     1>..\Engian.test\testUtilSortedVector.cpp(273): error C2143: syntax error : missing ')' before '{'
     1>..\Engian.test\testUtilSortedVector.cpp(273): error C2059: syntax error : ')'
     1>..\Engian.test\testUtilSortedVector.cpp(273): error C2143: syntax error : missing ';' before '{'
     1>..\Engian.test\testUtilSortedVector.cpp(287): error C2143: syntax error : missing ')' before '{'
     1>..\Engian.test\testUtilSortedVector.cpp(287): error C2059: syntax error : ')'
     1>..\Engian.test\testUtilSortedVector.cpp(287): error C2143: syntax error : missing ';' before '{'
     1>..\Engian.test\testUtilSortedVector.cpp(301): error C2143: syntax error : missing ')' before '{'
     1>..\Engian.test\testUtilSortedVector.cpp(301): error C2059: syntax error : ')'
     1>..\Engian.test\testUtilSortedVector.cpp(301): error C2143: syntax error : missing ';' before '{'
         testUtilString.cpp
     1>c:\users\elleri\documents\programs\test\engian\engian.engine\engian.test\engian.test\testUtilString_Helpers.h(20): error C2039: 'dbgGet_m_array' : is not a member of 'Util::String'
                 C:\Users\elleri\Documents\Programs\Test\Engian\Engian.engine\Containers_Lib\utilString.h(15) : see declaration of 'Util::String'
     1>c:\users\elleri\documents\programs\test\engian\engian.engine\engian.test\engian.test\testUtilString_Helpers.h(21): error C2039: 'dbgGet_m_array' : is not a member of 'Util::String'
                 C:\Users\elleri\Documents\Programs\Test\Engian\Engian.engine\Containers_Lib\utilString.h(15) : see declaration of 'Util::String'
     1>c:\users\elleri\documents\programs\test\engian\engian.engine\engian.test\engian.test\testUtilString_Helpers.h(22): error C2039: 'dbgGet_m_implementations' : is not a member of 'Util::String'
                 C:\Users\elleri\Documents\Programs\Test\Engian\Engian.engine\Containers_Lib\utilString.h(15) : see declaration of 'Util::String'
     1>c:\users\elleri\documents\programs\test\engian\engian.engine\engian.test\engian.test\testUtilString_Helpers.h(32): error C2039: 'dbgGet_m_array' : is not a member of 'Util::String'
                 C:\Users\elleri\Documents\Programs\Test\Engian\Engian.engine\Containers_Lib\utilString.h(15) : see declaration of 'Util::String'
     1>c:\users\elleri\documents\programs\test\engian\engian.engine\engian.test\engian.test\testUtilString_Helpers.h(33): error C2039: 'dbgGet_m_array' : is not a member of 'Util::String'
                 C:\Users\elleri\Documents\Programs\Test\Engian\Engian.engine\Containers_Lib\utilString.h(15) : see declaration of 'Util::String'
     1>c:\users\elleri\documents\programs\test\engian\engian.engine\engian.test\engian.test\testUtilString_Helpers.h(34): error C2039: 'dbgGet_m_implementations' : is not a member of 'Util::String'
                 C:\Users\elleri\Documents\Programs\Test\Engian\Engian.engine\Containers_Lib\utilString.h(15) : see declaration of 'Util::String'
     1>..\Engian.test\testUtilString.cpp(58): error C2039: 'dbgGet_c_defaultCapacity' : is not a member of 'Util::String'
                 C:\Users\elleri\Documents\Programs\Test\Engian\Engian.engine\Containers_Lib\utilString.h(15) : see declaration of 'Util::String'
     1>..\Engian.test\testUtilString.cpp(58): error C3861: 'dbgGet_c_defaultCapacity': identifier not found
     1>..\Engian.test\testUtilString.cpp(62): error C2143: syntax error : missing ')' before '{'
     1>..\Engian.test\testUtilString.cpp(62): error C2059: syntax error : ')'
     1>..\Engian.test\testUtilString.cpp(62): error C2143: syntax error : missing ';' before '{'
     1>..\Engian.test\testUtilString.cpp(83): error C2143: syntax error : missing ')' before '{'
     1>..\Engian.test\testUtilString.cpp(83): error C2059: syntax error : ')'
     1>..\Engian.test\testUtilString.cpp(83): error C2143: syntax error : missing ';' before '{'
     1>..\Engian.test\testUtilString.cpp(106): error C2143: syntax error : missing ')' before '{'
     1>..\Engian.test\testUtilString.cpp(106): error C2059: syntax error : ')'
     1>..\Engian.test\testUtilString.cpp(106): error C2143: syntax error : missing ';' before '{'
     1>..\Engian.test\testUtilString.cpp(128): error C2143: syntax error : missing ')' before '{'
     1>..\Engian.test\testUtilString.cpp(128): error C2059: syntax error : ')'
     1>..\Engian.test\testUtilString.cpp(128): error C2143: syntax error : missing ';' before '{'
     1>..\Engian.test\testUtilString.cpp(148): error C2039: 'dbgGet_m_size' : is not a member of 'Util::List<T>'
                 with
                 [
                     T=char
                 ]
     1>..\Engian.test\testUtilString.cpp(152): error C2143: syntax error : missing ')' before '{'
     1>..\Engian.test\testUtilString.cpp(152): error C2059: syntax error : ')'
     1>..\Engian.test\testUtilString.cpp(152): error C2143: syntax error : missing ';' before '{'
     1>..\Engian.test\testUtilString.cpp(172): error C2039: 'dbgGet_m_capacity' : is not a member of 'Util::String'
                 C:\Users\elleri\Documents\Programs\Test\Engian\Engian.engine\Containers_Lib\utilString.h(15) : see declaration of 'Util::String'
     1>..\Engian.test\testUtilString.cpp(172): error C2039: 'dbgGet_m_size' : is not a member of 'Util::String'
                 C:\Users\elleri\Documents\Programs\Test\Engian\Engian.engine\Containers_Lib\utilString.h(15) : see declaration of 'Util::String'
     1>..\Engian.test\testUtilString.cpp(176): error C2143: syntax error : missing ')' before '{'
     1>..\Engian.test\testUtilString.cpp(176): error C2059: syntax error : ')'
     1>..\Engian.test\testUtilString.cpp(176): error C2143: syntax error : missing ';' before '{'
     1>..\Engian.test\testUtilString.cpp(199): error C2143: syntax error : missing ')' before '{'
     1>..\Engian.test\testUtilString.cpp(199): error C2059: syntax error : ')'
     1>..\Engian.test\testUtilString.cpp(199): error C2143: syntax error : missing ';' before '{'
     1>..\Engian.test\testUtilString.cpp(237): error C2039: 'dbgGet_m_array' : is not a member of 'Util::Vector<T>'
                 with
                 [
                     T=char
                 ]
     1>..\Engian.test\testUtilString.cpp(237): error C2039: 'dbgGet_m_size' : is not a member of 'Util::Vector<T>'
                 with
                 [
                     T=char
                 ]
     1>..\Engian.test\testUtilString.cpp(239): error C2143: syntax error : missing ')' before '{'
     1>..\Engian.test\testUtilString.cpp(239): error C2059: syntax error : ')'
     1>..\Engian.test\testUtilString.cpp(239): error C2143: syntax error : missing ';' before '{'
     1>..\Engian.test\testUtilString.cpp(263): error C2143: syntax error : missing ')' before '{'
     1>..\Engian.test\testUtilString.cpp(263): error C2059: syntax error : ')'
     1>..\Engian.test\testUtilString.cpp(263): error C2143: syntax error : missing ';' before '{'
     1>..\Engian.test\testUtilString.cpp(284): error C2039: 'dbgGet_m_size' : is not a member of 'Util::String'
                 C:\Users\elleri\Documents\Programs\Test\Engian\Engian.engine\Containers_Lib\utilString.h(15) : see declaration of 'Util::String'
     1>..\Engian.test\testUtilString.cpp(287): error C2143: syntax error : missing ')' before '{'
     1>..\Engian.test\testUtilString.cpp(287): error C2059: syntax error : ')'
     1>..\Engian.test\testUtilString.cpp(287): error C2143: syntax error : missing ';' before '{'
     1>..\Engian.test\testUtilString.cpp(314): error C2143: syntax error : missing ')' before '{'
     1>..\Engian.test\testUtilString.cpp(314): error C2059: syntax error : ')'
     1>..\Engian.test\testUtilString.cpp(314): error C2143: syntax error : missing ';' before '{'
     1>..\Engian.test\testUtilString.cpp(337): error C2143: syntax error : missing ')' before '{'
     1>..\Engian.test\testUtilString.cpp(337): error C2059: syntax error : ')'
     1>..\Engian.test\testUtilString.cpp(337): error C2143: syntax error : missing ';' before '{'
     1>..\Engian.test\testUtilString.cpp(360): warning C4002: too many actual parameters for macro 'DFT_FUNC_CHECK'
     1>..\Engian.test\testUtilString.cpp(360): error C2143: syntax error : missing ')' before '{'
     1>..\Engian.test\testUtilString.cpp(360): error C2059: syntax error : ')'
     1>..\Engian.test\testUtilString.cpp(360): error C2143: syntax error : missing ';' before '{'
     1>..\Engian.test\testUtilString.cpp(366): warning C4002: too many actual parameters for macro 'DFT_FUNC_CHECK'
     1>..\Engian.test\testUtilString.cpp(366): error C2143: syntax error : missing ')' before '{'
     1>..\Engian.test\testUtilString.cpp(366): error C2059: syntax error : ')'
     1>..\Engian.test\testUtilString.cpp(366): error C2143: syntax error : missing ';' before '{'
     1>..\Engian.test\testUtilString.cpp(370): warning C4002: too many actual parameters for macro 'DFT_FUNC_CHECK'
     1>..\Engian.test\testUtilString.cpp(370): error C2143: syntax error : missing ')' before '{'
     1>..\Engian.test\testUtilString.cpp(370): error C2059: syntax error : ')'
     1>..\Engian.test\testUtilString.cpp(370): error C2143: syntax error : missing ';' before '{'
     1>..\Engian.test\testUtilString.cpp(380): warning C4002: too many actual parameters for macro 'DFT_FUNC_CHECK'
     1>..\Engian.test\testUtilString.cpp(380): error C2143: syntax error : missing ')' before '{'
     1>..\Engian.test\testUtilString.cpp(380): error C2059: syntax error : ')'
     1>..\Engian.test\testUtilString.cpp(380): error C2143: syntax error : missing ';' before '{'
     1>..\Engian.test\testUtilString.cpp(395): warning C4002: too many actual parameters for macro 'DFT_FUNC_CHECK'
     1>..\Engian.test\testUtilString.cpp(395): error C2143: syntax error : missing ')' before '{'
     1>..\Engian.test\testUtilString.cpp(395): error C2059: syntax error : ')'
     1>..\Engian.test\testUtilString.cpp(395): error C2143: syntax error : missing ';' before '{'
     1>..\Engian.test\testUtilString.cpp(418): warning C4002: too many actual parameters for macro 'DFT_FUNC_CHECK'
     1>..\Engian.test\testUtilString.cpp(418): error C2143: syntax error : missing ')' before '{'
     1>..\Engian.test\testUtilString.cpp(418): error C2059: syntax error : ')'
     1>..\Engian.test\testUtilString.cpp(418): error C2143: syntax error : missing ';' before '{'
     1>..\Engian.test\testUtilString.cpp(424): warning C4002: too many actual parameters for macro 'DFT_FUNC_CHECK'
     1>..\Engian.test\testUtilString.cpp(424): error C2143: syntax error : missing ')' before '{'
     1>..\Engian.test\testUtilString.cpp(424): error C2059: syntax error : ')'
     1>..\Engian.test\testUtilString.cpp(424): error C2143: syntax error : missing ';' before '{'
     1>..\Engian.test\testUtilString.cpp(428): warning C4002: too many actual parameters for macro 'DFT_FUNC_CHECK'
     1>..\Engian.test\testUtilString.cpp(428): error C2143: syntax error : missing ')' before '{'
     1>..\Engian.test\testUtilString.cpp(428): error C2059: syntax error : ')'
     1>..\Engian.test\testUtilString.cpp(428): error C2143: syntax error : missing ';' before '{'
     1>..\Engian.test\testUtilString.cpp(438): warning C4002: too many actual parameters for macro 'DFT_FUNC_CHECK'
     1>..\Engian.test\testUtilString.cpp(438): error C2143: syntax error : missing ')' before '{'
     1>..\Engian.test\testUtilString.cpp(438): error C2059: syntax error : ')'
     1>..\Engian.test\testUtilString.cpp(438): error C2143: syntax error : missing ';' before '{'
     1>..\Engian.test\testUtilString.cpp(453): warning C4002: too many actual parameters for macro 'DFT_FUNC_CHECK'
     1>..\Engian.test\testUtilString.cpp(453): error C2143: syntax error : missing ')' before '{'
     1>..\Engian.test\testUtilString.cpp(453): error C2059: syntax error : ')'
     1>..\Engian.test\testUtilString.cpp(453): error C2143: syntax error : missing ';' before '{'
     1>..\Engian.test\testUtilString.cpp(470): error C2039: 'dbgGet_m_size' : is not a member of 'Util::String'
                 C:\Users\elleri\Documents\Programs\Test\Engian\Engian.engine\Containers_Lib\utilString.h(15) : see declaration of 'Util::String'
     1>..\Engian.test\testUtilString.cpp(471): error C2143: syntax error : missing ')' before '{'
     1>..\Engian.test\testUtilString.cpp(471): error C2059: syntax error : ')'
     1>..\Engian.test\testUtilString.cpp(471): error C2143: syntax error : missing ';' before '{'
     1>..\Engian.test\testUtilString.cpp(491): error C2039: 'dbgGet_m_size' : is not a member of 'Util::String'
                 C:\Users\elleri\Documents\Programs\Test\Engian\Engian.engine\Containers_Lib\utilString.h(15) : see declaration of 'Util::String'
     1>..\Engian.test\testUtilString.cpp(492): error C2039: 'dbgGet_m_array' : is not a member of 'Util::String'
                 C:\Users\elleri\Documents\Programs\Test\Engian\Engian.engine\Containers_Lib\utilString.h(15) : see declaration of 'Util::String'
     1>..\Engian.test\testUtilString.cpp(493): error C2039: 'dbgGet_m_array' : is not a member of 'Util::String'
                 C:\Users\elleri\Documents\Programs\Test\Engian\Engian.engine\Containers_Lib\utilString.h(15) : see declaration of 'Util::String'
     1>..\Engian.test\testUtilString.cpp(494): error C2143: syntax error : missing ')' before '{'
     1>..\Engian.test\testUtilString.cpp(494): error C2059: syntax error : ')'
     1>..\Engian.test\testUtilString.cpp(494): error C2143: syntax error : missing ';' before '{'
     1>..\Engian.test\testUtilString.cpp(518): error C2143: syntax error : missing ')' before '{'
     1>..\Engian.test\testUtilString.cpp(518): error C2059: syntax error : ')'
     1>..\Engian.test\testUtilString.cpp(518): error C2143: syntax error : missing ';' before '{'
     1>..\Engian.test\testUtilString.cpp(541): error C2143: syntax error : missing ')' before '{'
     1>..\Engian.test\testUtilString.cpp(541): error C2059: syntax error : ')'
     1>..\Engian.test\testUtilString.cpp(541): error C2143: syntax error : missing ';' before '{'
     1>..\Engian.test\testUtilString.cpp(561): error C2039: 'dbgGet_m_size' : is not a member of 'Util::String'
                 C:\Users\elleri\Documents\Programs\Test\Engian\Engian.engine\Containers_Lib\utilString.h(15) : see declaration of 'Util::String'
                 C:\Users\elleri\Documents\Programs\Test\Engian\Engian.engine\Containers_Lib\utilString.h(15) : see declaration of 'Util::String'
     1>..\Engian.test\testUtilString.cpp(563): error C2039: 'dbgGet_m_array' : is not a member of 'Util::String'
                 C:\Users\elleri\Documents\Programs\Test\Engian\Engian.engine\Containers_Lib\utilString.h(15) : see declaration of 'Util::String'
     1>..\Engian.test\testUtilString.cpp(565): error C2143: syntax error : missing ')' before '{'
     1>..\Engian.test\testUtilString.cpp(565): error C2059: syntax error : ')'
     1>..\Engian.test\testUtilString.cpp(565): error C2143: syntax error : missing ';' before '{'
     1>..\Engian.test\testUtilString.cpp(565): fatal error C1003: error count exceeds 100; stopping compilation
         testUtilUnsafeVector.cpp
     1>..\Engian.test\testUtilUnsafeVector.cpp(36): error C2039: 'dbgGet_c_defaultCapacity' : is not a member of 'Util::UnsafeVector<T>'
                 with
                 [
                     T=int
                 ]
     1>..\Engian.test\testUtilUnsafeVector.cpp(36): error C3861: 'dbgGet_c_defaultCapacity': identifier not found
     1>..\Engian.test\testUtilUnsafeVector.cpp(38): error C2143: syntax error : missing ')' before '{'
     1>..\Engian.test\testUtilUnsafeVector.cpp(38): error C2059: syntax error : ')'
     1>..\Engian.test\testUtilUnsafeVector.cpp(38): error C2143: syntax error : missing ';' before '{'
     1>..\Engian.test\testUtilUnsafeVector.cpp(59): error C2143: syntax error : missing ')' before '{'
     1>..\Engian.test\testUtilUnsafeVector.cpp(59): error C2059: syntax error : ')'
     1>..\Engian.test\testUtilUnsafeVector.cpp(59): error C2143: syntax error : missing ';' before '{'
     1>..\Engian.test\testUtilUnsafeVector.cpp(85): error C2143: syntax error : missing ')' before '{'
     1>..\Engian.test\testUtilUnsafeVector.cpp(85): error C2059: syntax error : ')'
     1>..\Engian.test\testUtilUnsafeVector.cpp(85): error C2143: syntax error : missing ';' before '{'
     1>..\Engian.test\testUtilUnsafeVector.cpp(107): error C2039: 'dbgGet_m_size' : is not a member of 'Util::List<T>'
                 with
                 [
                     T=double
                 ]
     1>..\Engian.test\testUtilUnsafeVector.cpp(112): error C2143: syntax error : missing ')' before '{'
     1>..\Engian.test\testUtilUnsafeVector.cpp(112): error C2059: syntax error : ')'
     1>..\Engian.test\testUtilUnsafeVector.cpp(112): error C2143: syntax error : missing ';' before '{'
     1>..\Engian.test\testUtilUnsafeVector.cpp(132): error C2039: 'dbgGet_m_capacity' : is not a member of 'Util::UnsafeVector<T>'
                 with
                 [
                     T=float
                 ]
     1>..\Engian.test\testUtilUnsafeVector.cpp(132): error C2039: 'dbgGet_m_size' : is not a member of 'Util::UnsafeVector<T>'
                 with
                 [
                     T=float
                 ]
     1>..\Engian.test\testUtilUnsafeVector.cpp(133): error C2039: 'dbgGet_m_array' : is not a member of 'Util::UnsafeVector<T>'
                 with
                 [
                     T=float
                 ]
     1>..\Engian.test\testUtilUnsafeVector.cpp(138): error C2143: syntax error : missing ')' before '{'
     1>..\Engian.test\testUtilUnsafeVector.cpp(138): error C2059: syntax error : ')'
     1>..\Engian.test\testUtilUnsafeVector.cpp(138): error C2143: syntax error : missing ';' before '{'
     1>..\Engian.test\testUtilUnsafeVector.cpp(167): error C2143: syntax error : missing ')' before '{'
     1>..\Engian.test\testUtilUnsafeVector.cpp(167): error C2059: syntax error : ')'
     1>..\Engian.test\testUtilUnsafeVector.cpp(167): error C2143: syntax error : missing ';' before '{'
     1>..\Engian.test\testUtilUnsafeVector.cpp(194): error C2143: syntax error : missing ')' before '{'
     1>..\Engian.test\testUtilUnsafeVector.cpp(194): error C2059: syntax error : ')'
     1>..\Engian.test\testUtilUnsafeVector.cpp(194): error C2143: syntax error : missing ';' before '{'
     1>..\Engian.test\testUtilUnsafeVector.cpp(217): error C2039: 'dbgGet_m_size' : is not a member of 'Util::UnsafeVector<T>'
                 with
                 [
                     T=char
                 ]
     1>..\Engian.test\testUtilUnsafeVector.cpp(222): error C2143: syntax error : missing ')' before '{'
     1>..\Engian.test\testUtilUnsafeVector.cpp(222): error C2059: syntax error : ')'
     1>..\Engian.test\testUtilUnsafeVector.cpp(222): error C2143: syntax error : missing ';' before '{'
     1>..\Engian.test\testUtilUnsafeVector.cpp(245): error C2039: 'dbgGet_m_capacity' : is not a member of 'Util::UnsafeVector<T>'
                 with
                 [
                     T=int
                 ]
     1>..\Engian.test\testUtilUnsafeVector.cpp(245): error C2039: 'dbgGet_m_size' : is not a member of 'Util::UnsafeVector<T>'
                 with
                 [
                     T=int
                 ]
     1>..\Engian.test\testUtilUnsafeVector.cpp(250): error C2143: syntax error : missing ')' before '{'
     1>..\Engian.test\testUtilUnsafeVector.cpp(250): error C2059: syntax error : ')'
     1>..\Engian.test\testUtilUnsafeVector.cpp(250): error C2143: syntax error : missing ';' before '{'
     1>..\Engian.test\testUtilUnsafeVector.cpp(274): error C2039: 'dbgGet_m_size' : is not a member of 'Util::List<T>'
                 with
                 [
                     T=int
                 ]
     1>..\Engian.test\testUtilUnsafeVector.cpp(279): error C2143: syntax error : missing ')' before '{'
     1>..\Engian.test\testUtilUnsafeVector.cpp(279): error C2059: syntax error : ')'
     1>..\Engian.test\testUtilUnsafeVector.cpp(279): error C2143: syntax error : missing ';' before '{'
         testUtilVector.cpp
     1>..\Engian.test\testUtilVector.cpp(54): error C2143: syntax error : missing ')' before '{'
     1>..\Engian.test\testUtilVector.cpp(54): error C2059: syntax error : ')'
     1>..\Engian.test\testUtilVector.cpp(54): error C2143: syntax error : missing ';' before '{'
     1>..\Engian.test\testUtilVector.cpp(76): error C2143: syntax error : missing ')' before '{'
     1>..\Engian.test\testUtilVector.cpp(76): error C2059: syntax error : ')'
     1>..\Engian.test\testUtilVector.cpp(76): error C2143: syntax error : missing ';' before '{'
     1>..\Engian.test\testUtilVector.cpp(101): error C2143: syntax error : missing ')' before '{'
     1>..\Engian.test\testUtilVector.cpp(101): error C2059: syntax error : ')'
     1>..\Engian.test\testUtilVector.cpp(101): error C2143: syntax error : missing ';' before '{'
     1>..\Engian.test\testUtilVector.cpp(141): error C2143: syntax error : missing ')' before '{'
     1>..\Engian.test\testUtilVector.cpp(141): error C2059: syntax error : ')'
     1>..\Engian.test\testUtilVector.cpp(141): error C2143: syntax error : missing ';' before '{'
     1>..\Engian.test\testUtilVector.cpp(148): warning C4620: no postfix form of 'operator ++' found for type 'Util::Container<T>::Iterator', using prefix form
                 with
                 [
                     T=int
                 ]
                 c:\users\elleri\documents\programs\test\engian\engian.engine\containers_lib\utilContainer.h(113) : see declaration of 'Util::Container<T>::Iterator'
                 with
                 [
                     T=int
                 ]
     1>..\Engian.test\testUtilVector.cpp(189): error C2143: syntax error : missing ')' before '{'
     1>..\Engian.test\testUtilVector.cpp(189): error C2059: syntax error : ')'
     1>..\Engian.test\testUtilVector.cpp(189): error C2143: syntax error : missing ';' before '{'
     1>..\Engian.test\testUtilVector.cpp(195): warning C4620: no postfix form of 'operator ++' found for type 'Util::Container<T>::Iterator', using prefix form
                 with
                 [
                     T=int
                 ]
                 c:\users\elleri\documents\programs\test\engian\engian.engine\containers_lib\utilContainer.h(113) : see declaration of 'Util::Container<T>::Iterator'
                 with
                 [
                     T=int
                 ]
     1>..\Engian.test\testUtilVector.cpp(216): error C2039: 'dbgGet_c_defaultCapacity' : is not a member of 'Util::Vector<T>'
                 with
                 [
                     T=int
                 ]
     1>..\Engian.test\testUtilVector.cpp(216): error C3861: 'dbgGet_c_defaultCapacity': identifier not found
     1>..\Engian.test\testUtilVector.cpp(218): error C2143: syntax error : missing ')' before '{'
     1>..\Engian.test\testUtilVector.cpp(218): error C2059: syntax error : ')'
     1>..\Engian.test\testUtilVector.cpp(218): error C2143: syntax error : missing ';' before '{'
     1>..\Engian.test\testUtilVector.cpp(238): error C2143: syntax error : missing ')' before '{'
     1>..\Engian.test\testUtilVector.cpp(238): error C2059: syntax error : ')'
     1>..\Engian.test\testUtilVector.cpp(238): error C2143: syntax error : missing ';' before '{'
     1>..\Engian.test\testUtilVector.cpp(261): error C2143: syntax error : missing ')' before '{'
     1>..\Engian.test\testUtilVector.cpp(261): error C2059: syntax error : ')'
     1>..\Engian.test\testUtilVector.cpp(261): error C2143: syntax error : missing ';' before '{'
     1>..\Engian.test\testUtilVector.cpp(284): error C2039: 'dbgGet_m_size' : is not a member of 'Util::List<T>'
                 with
                 [
                     T=double
                 ]
     1>..\Engian.test\testUtilVector.cpp(288): error C2143: syntax error : missing ')' before '{'
     1>..\Engian.test\testUtilVector.cpp(288): error C2059: syntax error : ')'
     1>..\Engian.test\testUtilVector.cpp(288): error C2143: syntax error : missing ';' before '{'
     1>..\Engian.test\testUtilVector.cpp(308): error C2039: 'dbgGet_m_capacity' : is not a member of 'Util::Vector<T>'
                 with
                 [
                     T=float
                 ]
     1>..\Engian.test\testUtilVector.cpp(308): error C2039: 'dbgGet_m_size' : is not a member of 'Util::Vector<T>'
                 with
                 [
                     T=float
                 ]
     1>..\Engian.test\testUtilVector.cpp(309): error C2039: 'dbgGet_m_array' : is not a member of 'Util::Vector<T>'
                 with
                 [
                     T=float
                 ]
     1>..\Engian.test\testUtilVector.cpp(313): error C2143: syntax error : missing ')' before '{'
     1>..\Engian.test\testUtilVector.cpp(313): error C2059: syntax error : ')'
     1>..\Engian.test\testUtilVector.cpp(313): error C2143: syntax error : missing ';' before '{'
     1>..\Engian.test\testUtilVector.cpp(334): error C2039: 'dbgGet_m_implementation' : is not a member of 'Util::Container<T>::Iterator'
                 with
                 [
                     T=char
                 ]
                 c:\users\elleri\documents\programs\test\engian\engian.engine\containers_lib\utilContainer.h(113) : see declaration of 'Util::Container<T>::Iterator'
                 with
                 [
                     T=char
                 ]
     1>..\Engian.test\testUtilVector.cpp(335): error C2039: 'dbgGet_m_array' : is not a member of 'Util::Vector<T>'
                 with
                 [
                     T=char
                 ]
     1>..\Engian.test\testUtilVector.cpp(337): error C2143: syntax error : missing ')' before '{'
     1>..\Engian.test\testUtilVector.cpp(337): error C2059: syntax error : ')'
     1>..\Engian.test\testUtilVector.cpp(337): error C2143: syntax error : missing ';' before '{'
     1>..\Engian.test\testUtilVector.cpp(340): error C2039: 'dbgGet_m_implementations' : is not a member of 'Util::Vector<T>'
                 with
                 [
                     T=char
                 ]
     1>..\Engian.test\testUtilVector.cpp(367): error C2039: 'dbgGet_m_implementation' : is not a member of 'Util::Container<T>::Iterator'
                 with
                 [
                     T=char
                 ]
                 c:\users\elleri\documents\programs\test\engian\engian.engine\containers_lib\utilContainer.h(113) : see declaration of 'Util::Container<T>::Iterator'
                 with
                 [
                     T=char
                 ]
     1>..\Engian.test\testUtilVector.cpp(369): error C2039: 'dbgGet_m_array' : is not a member of 'Util::Vector<T>'
                 with
                 [
                     T=char
                 ]
     1>..\Engian.test\testUtilVector.cpp(369): error C2039: 'dbgGet_m_size' : is not a member of 'Util::Vector<T>'
                 with
                 [
                     T=char
                 ]
     1>..\Engian.test\testUtilVector.cpp(371): error C2143: syntax error : missing ')' before '{'
     1>..\Engian.test\testUtilVector.cpp(371): error C2059: syntax error : ')'
     1>..\Engian.test\testUtilVector.cpp(371): error C2143: syntax error : missing ';' before '{'
     1>..\Engian.test\testUtilVector.cpp(373): error C2039: 'dbgGet_m_implementations' : is not a member of 'Util::Vector<T>'
                 with
                 [
                     T=char
                 ]
     1>..\Engian.test\testUtilVector.cpp(405): error C2143: syntax error : missing ')' before '{'
     1>..\Engian.test\testUtilVector.cpp(405): error C2059: syntax error : ')'
     1>..\Engian.test\testUtilVector.cpp(405): error C2143: syntax error : missing ';' before '{'
     1>..\Engian.test\testUtilVector.cpp(432): error C2143: syntax error : missing ')' before '{'
     1>..\Engian.test\testUtilVector.cpp(432): error C2059: syntax error : ')'
     1>..\Engian.test\testUtilVector.cpp(432): error C2143: syntax error : missing ';' before '{'
     1>..\Engian.test\testUtilVector.cpp(466): error C2143: syntax error : missing ')' before '{'
     1>..\Engian.test\testUtilVector.cpp(466): error C2059: syntax error : ')'
     1>..\Engian.test\testUtilVector.cpp(466): error C2143: syntax error : missing ';' before '{'
     1>..\Engian.test\testUtilVector.cpp(503): error C2143: syntax error : missing ')' before '{'
     1>..\Engian.test\testUtilVector.cpp(503): error C2059: syntax error : ')'
     1>..\Engian.test\testUtilVector.cpp(503): error C2143: syntax error : missing ';' before '{'
     1>..\Engian.test\testUtilVector.cpp(529): error C2039: 'dbgGet_m_array' : is not a member of 'Util::Vector<T>'
                 with
                 [
                     T=unsigned int
                 ]
     1>..\Engian.test\testUtilVector.cpp(530): error C2039: 'dbgGet_m_size' : is not a member of 'Util::Vector<T>'
                 with
                 [
                     T=unsigned int
                 ]
     1>..\Engian.test\testUtilVector.cpp(539): error C2039: 'dbgGet_m_array' : is not a member of 'Util::Vector<T>'
                 with
                 [
                     T=unsigned int
                 ]
     1>..\Engian.test\testUtilVector.cpp(540): error C2039: 'dbgGet_m_size' : is not a member of 'Util::Vector<T>'
                 with
                 [
                     T=unsigned int
                 ]
     1>..\Engian.test\testUtilVector.cpp(547): error C2039: 'dbgGet_m_array' : is not a member of 'Util::Vector<T>'
                 with
                 [
                     T=unsigned int
                 ]
     1>..\Engian.test\testUtilVector.cpp(548): error C2039: 'dbgGet_m_size' : is not a member of 'Util::Vector<T>'
                 with
                 [
                     T=unsigned int
                 ]
     1>..\Engian.test\testUtilVector.cpp(557): error C2039: 'dbgGet_m_capacity' : is not a member of 'Util::Vector<T>'
                 with
                 [
                     T=float
                 ]
     1>..\Engian.test\testUtilVector.cpp(558): error C2039: 'dbgGet_m_size' : is not a member of 'Util::Vector<T>'
                 with
                 [
                     T=float
                 ]
     1>..\Engian.test\testUtilVector.cpp(559): error C2039: 'dbgGet_m_capacity' : is not a member of 'Util::Vector<T>'
                 with
                 [
                     T=float
                 ]
     1>..\Engian.test\testUtilVector.cpp(559): error C2039: 'dbgGet_c_defaultCapacity' : is not a member of 'Util::Vector<T>'
                 with
                 [
                     T=float
                 ]
     1>..\Engian.test\testUtilVector.cpp(559): error C3861: 'dbgGet_c_defaultCapacity': identifier not found
     1>..\Engian.test\testUtilVector.cpp(563): error C2143: syntax error : missing ')' before '{'
     1>..\Engian.test\testUtilVector.cpp(563): error C2059: syntax error : ')'
     1>..\Engian.test\testUtilVector.cpp(563): error C2143: syntax error : missing ';' before '{'
     1>..\Engian.test\testUtilVector.cpp(587): error C2039: 'dbgGet_m_array' : is not a member of 'Util::Vector<T>'
                 with
                 [
                     T=unsigned int
                 ]
     1>..\Engian.test\testUtilVector.cpp(588): error C2039: 'dbgGet_m_size' : is not a member of 'Util::Vector<T>'
                 with
                 [
                     T=unsigned int
                 ]
     1>..\Engian.test\testUtilVector.cpp(595): error C2039: 'dbgGet_m_array' : is not a member of 'Util::Vector<T>'
                 with
                 [
                     T=unsigned int
                 ]
     1>..\Engian.test\testUtilVector.cpp(596): error C2039: 'dbgGet_m_size' : is not a member of 'Util::Vector<T>'
                 with
                 [
                     T=unsigned int
                 ]
     1>..\Engian.test\testUtilVector.cpp(602): error C2039: 'dbgGet_m_array' : is not a member of 'Util::Vector<T>'
                 with
                 [
                     T=unsigned int
                 ]
     1>..\Engian.test\testUtilVector.cpp(603): error C2039: 'dbgGet_m_size' : is not a member of 'Util::Vector<T>'
                 with
                 [
                     T=unsigned int
                 ]
     1>..\Engian.test\testUtilVector.cpp(612): error C2039: 'dbgGet_m_array' : is not a member of 'Util::Vector<T>'
                 with
                 [
                     T=float
                 ]
     1>..\Engian.test\testUtilVector.cpp(613): error C2039: 'dbgGet_m_size' : is not a member of 'Util::Vector<T>'
                 with
                 [
                     T=float
                 ]
     1>..\Engian.test\testUtilVector.cpp(614): error C2039: 'dbgGet_m_capacity' : is not a member of 'Util::Vector<T>'
                 with
                 [
                     T=float
                 ]
     1>..\Engian.test\testUtilVector.cpp(614): error C2039: 'dbgGet_c_defaultCapacity' : is not a member of 'Util::Vector<T>'
                 with
                 [
                     T=float
                 ]
     1>..\Engian.test\testUtilVector.cpp(614): error C3861: 'dbgGet_c_defaultCapacity': identifier not found
     1>..\Engian.test\testUtilVector.cpp(618): error C2143: syntax error : missing ')' before '{'
     1>..\Engian.test\testUtilVector.cpp(618): error C2059: syntax error : ')'
     1>..\Engian.test\testUtilVector.cpp(618): error C2143: syntax error : missing ';' before '{'
     1>..\Engian.test\testUtilVector.cpp(634): warning C4305: 'argument' : truncation from '__int64' to 'const long'
     1>..\Engian.test\testUtilVector.cpp(634): warning C4309: 'argument' : truncation of constant value
     1>..\Engian.test\testUtilVector.cpp(635): warning C4305: 'argument' : truncation from '__int64' to 'const long'
     1>..\Engian.test\testUtilVector.cpp(635): warning C4309: 'argument' : truncation of constant value
     1>..\Engian.test\testUtilVector.cpp(638): warning C4305: 'argument' : truncation from '__int64' to 'const long'
     1>..\Engian.test\testUtilVector.cpp(638): warning C4309: 'argument' : truncation of constant value
     1>..\Engian.test\testUtilVector.cpp(639): warning C4305: 'argument' : truncation from '__int64' to 'const long'
     1>..\Engian.test\testUtilVector.cpp(639): warning C4309: 'argument' : truncation of constant value
     1>..\Engian.test\testUtilVector.cpp(642): error C2143: syntax error : missing ')' before '{'
     1>..\Engian.test\testUtilVector.cpp(642): error C2059: syntax error : ')'
     1>..\Engian.test\testUtilVector.cpp(642): error C2143: syntax error : missing ';' before '{'
     1>..\Engian.test\testUtilVector.cpp(657): error C2039: 'dbgGet_m_capacity' : is not a member of 'Util::Vector<T>'
                 with
                 [
                     T=Util::List<int>
                 ]
     1>..\Engian.test\testUtilVector.cpp(665): error C2143: syntax error : missing ')' before '{'
     1>..\Engian.test\testUtilVector.cpp(665): error C2059: syntax error : ')'
     1>..\Engian.test\testUtilVector.cpp(665): error C2143: syntax error : missing ';' before '{'
     1>..\Engian.test\testUtilVector.cpp(682): error C2039: 'dbgGet_c_defaultCapacity' : is not a member of 'Util::Vector<T>'
                 with
                 [
                     T=Util::List<int>
                 ]
     1>..\Engian.test\testUtilVector.cpp(682): error C3861: 'dbgGet_c_defaultCapacity': identifier not found
     1>..\Engian.test\testUtilVector.cpp(683): error C2039: 'dbgGet_m_capacity' : is not a member of 'Util::Vector<T>'
                 with
                 [
                     T=Util::List<int>
                 ]
     1>..\Engian.test\testUtilVector.cpp(690): error C2039: 'dbgGet_m_capacity' : is not a member of 'Util::Vector<T>'
                 with
                 [
                     T=Util::List<int>
                 ]
     1>..\Engian.test\testUtilVector.cpp(698): error C2039: 'dbgGet_m_capacity' : is not a member of 'Util::Vector<T>'
                 with
                 [
                     T=Util::List<int>
                 ]
     1>..\Engian.test\testUtilVector.cpp(698): fatal error C1003: error count exceeds 100; stopping compilation
         driver.cpp
     1>Done Building Project "C:\Users\elleri\Documents\Programs\Test\Engian\Engian.engine\Engian.test\Driver\Driver.vcxproj" (Build target(s)) -- FAILED.

Build FAILED.

Time Elapsed 00:00:01.33
